Fri Aug 01 17:28:36 +0000 2025 - Executing "{openroad -exit -no_init -python /openlane/scripts/odbpy/lefutil.py get_metal_layers -o /openlane/designs/FIFO_Model/runs/FinalFlow/tmp/layers.list /home/manan/.volare/sky130A/libs.ref/sky130_fd_sc_hd/techlef/sky130_fd_sc_hd__nom.tlef}"

Fri Aug 01 17:28:37 +0000 2025 - Executing "{/openlane/scripts/mergeLef.py -o /openlane/designs/FIFO_Model/runs/FinalFlow/tmp/merged.nom.lef -i /home/manan/.volare/sky130A/libs.ref/sky130_fd_sc_hd/techlef/sky130_fd_sc_hd__nom.tlef {/home/manan/.volare/sky130A/libs.ref/sky130_fd_sc_hd/lef/sky130_ef_sc_hd.lef /home/manan/.volare/sky130A/libs.ref/sky130_fd_sc_hd/lef/sky130_fd_sc_hd.lef} |& tee /dev/null}"

Fri Aug 01 17:28:37 +0000 2025 - Executing "{/openlane/scripts/mergeLef.py -o /openlane/designs/FIFO_Model/runs/FinalFlow/tmp/merged.min.lef -i /home/manan/.volare/sky130A/libs.ref/sky130_fd_sc_hd/techlef/sky130_fd_sc_hd__min.tlef {/home/manan/.volare/sky130A/libs.ref/sky130_fd_sc_hd/lef/sky130_ef_sc_hd.lef /home/manan/.volare/sky130A/libs.ref/sky130_fd_sc_hd/lef/sky130_fd_sc_hd.lef} |& tee /dev/null}"

Fri Aug 01 17:28:37 +0000 2025 - Executing "{/openlane/scripts/mergeLef.py -o /openlane/designs/FIFO_Model/runs/FinalFlow/tmp/merged.max.lef -i /home/manan/.volare/sky130A/libs.ref/sky130_fd_sc_hd/techlef/sky130_fd_sc_hd__max.tlef {/home/manan/.volare/sky130A/libs.ref/sky130_fd_sc_hd/lef/sky130_ef_sc_hd.lef /home/manan/.volare/sky130A/libs.ref/sky130_fd_sc_hd/lef/sky130_fd_sc_hd.lef} |& tee /dev/null}"

Fri Aug 01 17:28:37 +0000 2025 - Executing "{python3 /openlane/scripts/mergeLib.py --output /openlane/designs/FIFO_Model/runs/FinalFlow/tmp/synthesis/merged.lib --name sky130A_merged /home/manan/.volare/sky130A/libs.ref/sky130_fd_sc_hd/lib/sky130_fd_sc_hd__tt_025C_1v80.lib}"

Fri Aug 01 17:28:37 +0000 2025 - Executing "{python3 /openlane/scripts/libtrim.py --cell-file /openlane/designs/FIFO_Model/runs/FinalFlow/tmp/synthesis/trimmed.lib.exclude.list --output /openlane/designs/FIFO_Model/runs/FinalFlow/tmp/synthesis/trimmed.lib /openlane/designs/FIFO_Model/runs/FinalFlow/tmp/synthesis/merged.lib}"

Fri Aug 01 17:28:37 +0000 2025 - Executing "{python3 /openlane/scripts/libtrim.py --cell-file /openlane/designs/FIFO_Model/runs/FinalFlow/tmp/cts/cts.lib.exclude.list --output /openlane/designs/FIFO_Model/runs/FinalFlow/tmp/cts/cts.lib /home/manan/.volare/sky130A/libs.ref/sky130_fd_sc_hd/lib/sky130_fd_sc_hd__tt_025C_1v80.lib}"

Fri Aug 01 17:28:37 +0000 2025 - Executing "{python3 /openlane/scripts/libtrim.py --cell-file /openlane/designs/FIFO_Model/runs/FinalFlow/tmp/cts/cts-fastest.lib.exclude.list --output /openlane/designs/FIFO_Model/runs/FinalFlow/tmp/cts/cts-fastest.lib /home/manan/.volare/sky130A/libs.ref/sky130_fd_sc_hd/lib/sky130_fd_sc_hd__ff_n40C_1v95.lib}"

Fri Aug 01 17:28:37 +0000 2025 - Executing "{python3 /openlane/scripts/libtrim.py --cell-file /openlane/designs/FIFO_Model/runs/FinalFlow/tmp/cts/cts-slowest.lib.exclude.list --output /openlane/designs/FIFO_Model/runs/FinalFlow/tmp/cts/cts-slowest.lib /home/manan/.volare/sky130A/libs.ref/sky130_fd_sc_hd/lib/sky130_fd_sc_hd__ss_100C_1v60.lib}"

Fri Aug 01 17:28:38 +0000 2025 - Executing "{python3 /openlane/scripts/new_tracks.py -i /home/manan/.volare/sky130A/libs.tech/openlane/sky130_fd_sc_hd/tracks.info -o /openlane/designs/FIFO_Model/runs/FinalFlow/tmp/routing/config.tracks}"

Fri Aug 01 17:28:38 +0000 2025 - Executing "{echo {OpenLane e73fb3c57e687a0023fcd4dcfd1566ecd478362a} > /openlane/designs/FIFO_Model/runs/FinalFlow/OPENLANE_COMMIT}"

Fri Aug 01 17:28:38 +0000 2025 - Executing "{yosys -c /openlane/scripts/yosys/blackbox.tcl}"

Fri Aug 01 17:28:38 +0000 2025 - Executing "{verilator -Wall --lint-only --Wno-DECLFILENAME --top-module FIFO_Model /openlane/designs/FIFO_Model/runs/FinalFlow/tmp/synthesis/blackbox/sky130_fd_sc_hd__blackbox.v /openlane/designs/FIFO_Model/src/FIFO_Model.v -Wno-fatal --relative-includes |& tee /openlane/designs/FIFO_Model/runs/FinalFlow/logs/synthesis/linter.log /dev/null}"

Fri Aug 01 17:28:39 +0000 2025 - Executing "{sed -E {s/^([[:space:]]+)pg_pin(.*)/\1pin\2\n\1    direction : "inout";/g} /home/manan/.volare/sky130A/libs.ref/sky130_fd_sc_hd/lib/sky130_fd_sc_hd__tt_025C_1v80.lib > /openlane/designs/FIFO_Model/runs/FinalFlow/tmp/synthesis/1-sky130_fd_sc_hd__tt_025C_1v80.no_pg.lib}"

Fri Aug 01 17:28:39 +0000 2025 - Executing "{sed -E {s/^([[:space:]]+)pg_pin(.*)/\1pin\2\n\1    direction : "inout";/g} /openlane/designs/FIFO_Model/runs/FinalFlow/tmp/synthesis/trimmed.lib > /openlane/designs/FIFO_Model/runs/FinalFlow/tmp/synthesis/1-trimmed.no_pg.lib}"

Fri Aug 01 17:28:39 +0000 2025 - Executing "yosys -c /openlane/scripts/yosys/synth.tcl |& tee /dev/null /openlane/designs/FIFO_Model/runs/FinalFlow/logs/synthesis/1-synthesis.log"

Fri Aug 01 17:28:39 +0000 2025 - Executing "{yosys -c /openlane/scripts/yosys/synth.tcl |& tee /dev/null /openlane/designs/FIFO_Model/runs/FinalFlow/logs/synthesis/1-synthesis.log}"

Fri Aug 01 17:28:39 +0000 2025 - Executing "{sed -i.bak -e {s/\(set ::env(CURRENT_NETLIST)\).*/\1 \/openlane\/designs\/FIFO_Model\/runs\/FinalFlow\/results\/synthesis\/FIFO_Model.v/} /openlane/designs/FIFO_Model/runs/FinalFlow/config.tcl}"

Fri Aug 01 17:28:39 +0000 2025 - Executing "{sed -i.bak /defparam/d /openlane/designs/FIFO_Model/runs/FinalFlow/results/synthesis/FIFO_Model.v}"

Fri Aug 01 17:28:40 +0000 2025 - Executing "sta -exit -no_init /openlane/scripts/openroad/sta/multi_corner.tcl |& tee /dev/null /openlane/designs/FIFO_Model/runs/FinalFlow/logs/synthesis/2-sta.log"

Fri Aug 01 17:28:40 +0000 2025 - Executing "{sta -exit -no_init /openlane/scripts/openroad/sta/multi_corner.tcl |& tee /dev/null /openlane/designs/FIFO_Model/runs/FinalFlow/logs/synthesis/2-sta.log}"

Fri Aug 01 17:28:40 +0000 2025 - Executing "openroad -exit /openlane/scripts/openroad/floorplan.tcl |& tee /dev/null /openlane/designs/FIFO_Model/runs/FinalFlow/logs/floorplan/3-initial_fp.log"

Fri Aug 01 17:28:40 +0000 2025 - Executing "{openroad -exit /openlane/scripts/openroad/floorplan.tcl |& tee /dev/null /openlane/designs/FIFO_Model/runs/FinalFlow/logs/floorplan/3-initial_fp.log}"

Fri Aug 01 17:28:40 +0000 2025 - Executing "{openroad -exit -no_init -python /openlane/scripts/odbpy/defutil.py extract_core_dims --output-data /openlane/designs/FIFO_Model/runs/FinalFlow/tmp/dimensions.txt --input-lef /openlane/designs/FIFO_Model/runs/FinalFlow/tmp/merged.nom.lef /openlane/designs/FIFO_Model/runs/FinalFlow/tmp/floorplan/3-initial_fp.def}"

Fri Aug 01 17:28:41 +0000 2025 - Executing "openroad -exit /openlane/scripts/openroad/ioplacer.tcl |& tee /dev/null /openlane/designs/FIFO_Model/runs/FinalFlow/logs/floorplan/4-io.log"

Fri Aug 01 17:28:41 +0000 2025 - Executing "{openroad -exit /openlane/scripts/openroad/ioplacer.tcl |& tee /dev/null /openlane/designs/FIFO_Model/runs/FinalFlow/logs/floorplan/4-io.log}"

Fri Aug 01 17:28:41 +0000 2025 - Executing "openroad -exit /openlane/scripts/openroad/tapcell.tcl |& tee /dev/null /openlane/designs/FIFO_Model/runs/FinalFlow/logs/floorplan/5-tap.log"

Fri Aug 01 17:28:41 +0000 2025 - Executing "{openroad -exit /openlane/scripts/openroad/tapcell.tcl |& tee /dev/null /openlane/designs/FIFO_Model/runs/FinalFlow/logs/floorplan/5-tap.log}"

Fri Aug 01 17:28:42 +0000 2025 - Executing "openroad -exit /openlane/scripts/openroad/pdn.tcl |& tee /dev/null /openlane/designs/FIFO_Model/runs/FinalFlow/logs/floorplan/6-pdn.log"

Fri Aug 01 17:28:42 +0000 2025 - Executing "{openroad -exit /openlane/scripts/openroad/pdn.tcl |& tee /dev/null /openlane/designs/FIFO_Model/runs/FinalFlow/logs/floorplan/6-pdn.log}"

Fri Aug 01 17:28:42 +0000 2025 - Executing "openroad -exit /openlane/scripts/openroad/gpl.tcl |& tee /dev/null /openlane/designs/FIFO_Model/runs/FinalFlow/logs/placement/6-global_skip_io.log"

Fri Aug 01 17:28:42 +0000 2025 - Executing "{openroad -exit /openlane/scripts/openroad/gpl.tcl |& tee /dev/null /openlane/designs/FIFO_Model/runs/FinalFlow/logs/placement/6-global_skip_io.log}"

Fri Aug 01 17:28:43 +0000 2025 - Executing "{sed -i.bak -e {s/\(set ::env(CURRENT_NETLIST)\).*/\1 \/openlane\/designs\/FIFO_Model\/runs\/FinalFlow\/tmp\/placement\/7-global_skip_io.nl.v/} /openlane/designs/FIFO_Model/runs/FinalFlow/config.tcl}"

Fri Aug 01 17:28:43 +0000 2025 - Executing "openroad -exit /openlane/scripts/openroad/sta/multi_corner.tcl |& tee /dev/null /openlane/designs/FIFO_Model/runs/FinalFlow/logs/placement/8-gpl_sta.log"

Fri Aug 01 17:28:43 +0000 2025 - Executing "{openroad -exit /openlane/scripts/openroad/sta/multi_corner.tcl |& tee /dev/null /openlane/designs/FIFO_Model/runs/FinalFlow/logs/placement/8-gpl_sta.log}"

Fri Aug 01 17:28:43 +0000 2025 - Executing "openroad -exit /openlane/scripts/openroad/ioplacer.tcl |& tee /dev/null /openlane/designs/FIFO_Model/runs/FinalFlow/logs/placement/9-io.log"

Fri Aug 01 17:28:43 +0000 2025 - Executing "{openroad -exit /openlane/scripts/openroad/ioplacer.tcl |& tee /dev/null /openlane/designs/FIFO_Model/runs/FinalFlow/logs/placement/9-io.log}"

Fri Aug 01 17:28:44 +0000 2025 - Executing "openroad -exit /openlane/scripts/openroad/gpl.tcl |& tee /dev/null /openlane/designs/FIFO_Model/runs/FinalFlow/logs/placement/9-global.log"

Fri Aug 01 17:28:44 +0000 2025 - Executing "{openroad -exit /openlane/scripts/openroad/gpl.tcl |& tee /dev/null /openlane/designs/FIFO_Model/runs/FinalFlow/logs/placement/9-global.log}"

Fri Aug 01 17:28:44 +0000 2025 - Executing "{sed -i.bak -e {s/\(set ::env(CURRENT_NETLIST)\).*/\1 \/openlane\/designs\/FIFO_Model\/runs\/FinalFlow\/tmp\/placement\/10-global.nl.v/} /openlane/designs/FIFO_Model/runs/FinalFlow/config.tcl}"

Fri Aug 01 17:28:44 +0000 2025 - Executing "openroad -exit /openlane/scripts/openroad/sta/multi_corner.tcl |& tee /dev/null /openlane/designs/FIFO_Model/runs/FinalFlow/logs/placement/11-gpl_sta.log"

Fri Aug 01 17:28:44 +0000 2025 - Executing "{openroad -exit /openlane/scripts/openroad/sta/multi_corner.tcl |& tee /dev/null /openlane/designs/FIFO_Model/runs/FinalFlow/logs/placement/11-gpl_sta.log}"

Fri Aug 01 17:28:45 +0000 2025 - Executing "openroad -exit /openlane/scripts/openroad/resizer.tcl |& tee /dev/null /openlane/designs/FIFO_Model/runs/FinalFlow/logs/placement/12-resizer.log"

Fri Aug 01 17:28:45 +0000 2025 - Executing "{openroad -exit /openlane/scripts/openroad/resizer.tcl |& tee /dev/null /openlane/designs/FIFO_Model/runs/FinalFlow/logs/placement/12-resizer.log}"

Fri Aug 01 17:28:48 +0000 2025 - Executing "{sed -i.bak -e {s/\(set ::env(CURRENT_NETLIST)\).*/\1 \/openlane\/designs\/FIFO_Model\/runs\/FinalFlow\/tmp\/placement\/12-resizer.nl.v/} /openlane/designs/FIFO_Model/runs/FinalFlow/config.tcl}"

Fri Aug 01 17:28:48 +0000 2025 - Executing "openroad -exit /openlane/scripts/openroad/dpl.tcl |& tee /dev/null /openlane/designs/FIFO_Model/runs/FinalFlow/logs/placement/13-detailed.log"

Fri Aug 01 17:28:48 +0000 2025 - Executing "{openroad -exit /openlane/scripts/openroad/dpl.tcl |& tee /dev/null /openlane/designs/FIFO_Model/runs/FinalFlow/logs/placement/13-detailed.log}"

Fri Aug 01 17:28:49 +0000 2025 - Executing "{sed -i.bak -e {s/\(set ::env(CURRENT_NETLIST)\).*/\1 \/openlane\/designs\/FIFO_Model\/runs\/FinalFlow\/results\/placement\/FIFO_Model.nl.v/} /openlane/designs/FIFO_Model/runs/FinalFlow/config.tcl}"

Fri Aug 01 17:28:49 +0000 2025 - Executing "openroad -exit /openlane/scripts/openroad/sta/multi_corner.tcl |& tee /dev/null /openlane/designs/FIFO_Model/runs/FinalFlow/logs/placement/14-dpl_sta.log"

Fri Aug 01 17:28:49 +0000 2025 - Executing "{openroad -exit /openlane/scripts/openroad/sta/multi_corner.tcl |& tee /dev/null /openlane/designs/FIFO_Model/runs/FinalFlow/logs/placement/14-dpl_sta.log}"

Fri Aug 01 17:28:50 +0000 2025 - Executing "openroad -exit /openlane/scripts/openroad/cts.tcl |& tee /dev/null /openlane/designs/FIFO_Model/runs/FinalFlow/logs/cts/15-cts.log"

Fri Aug 01 17:28:50 +0000 2025 - Executing "{openroad -exit /openlane/scripts/openroad/cts.tcl |& tee /dev/null /openlane/designs/FIFO_Model/runs/FinalFlow/logs/cts/15-cts.log}"

Fri Aug 01 17:28:57 +0000 2025 - Executing "openroad -exit /openlane/scripts/openroad/sta/multi_corner.tcl |& tee /dev/null /openlane/designs/FIFO_Model/runs/FinalFlow/logs/cts/16-cts_sta.log"

Fri Aug 01 17:28:57 +0000 2025 - Executing "{openroad -exit /openlane/scripts/openroad/sta/multi_corner.tcl |& tee /dev/null /openlane/designs/FIFO_Model/runs/FinalFlow/logs/cts/16-cts_sta.log}"

Fri Aug 01 17:28:58 +0000 2025 - Executing "openroad -exit /openlane/scripts/openroad/resizer_timing.tcl |& tee /dev/null /openlane/designs/FIFO_Model/runs/FinalFlow/logs/cts/17-resizer.log"

Fri Aug 01 17:28:58 +0000 2025 - Executing "{openroad -exit /openlane/scripts/openroad/resizer_timing.tcl |& tee /dev/null /openlane/designs/FIFO_Model/runs/FinalFlow/logs/cts/17-resizer.log}"

Fri Aug 01 17:28:59 +0000 2025 - Executing "{sed -i.bak -e {s/\(set ::env(CURRENT_NETLIST)\).*/\1 \/openlane\/designs\/FIFO_Model\/runs\/FinalFlow\/tmp\/cts\/17-FIFO_Model.resized.nl.v/} /openlane/designs/FIFO_Model/runs/FinalFlow/config.tcl}"

Fri Aug 01 17:29:00 +0000 2025 - Executing "openroad -exit /openlane/scripts/openroad/resizer_routing_design.tcl |& tee /dev/null /openlane/designs/FIFO_Model/runs/FinalFlow/logs/routing/18-resizer_design.log"

Fri Aug 01 17:29:00 +0000 2025 - Executing "{openroad -exit /openlane/scripts/openroad/resizer_routing_design.tcl |& tee /dev/null /openlane/designs/FIFO_Model/runs/FinalFlow/logs/routing/18-resizer_design.log}"

Fri Aug 01 17:29:01 +0000 2025 - Executing "{sed -i.bak -e {s/\(set ::env(CURRENT_NETLIST)\).*/\1 \/openlane\/designs\/FIFO_Model\/runs\/FinalFlow\/tmp\/18-FIFO_Model.nl.v/} /openlane/designs/FIFO_Model/runs/FinalFlow/config.tcl}"

Fri Aug 01 17:29:01 +0000 2025 - Executing "openroad -exit /openlane/scripts/openroad/sta/multi_corner.tcl |& tee /dev/null /openlane/designs/FIFO_Model/runs/FinalFlow/logs/routing/19-rsz_design_sta.log"

Fri Aug 01 17:29:01 +0000 2025 - Executing "{openroad -exit /openlane/scripts/openroad/sta/multi_corner.tcl |& tee /dev/null /openlane/designs/FIFO_Model/runs/FinalFlow/logs/routing/19-rsz_design_sta.log}"

Fri Aug 01 17:29:02 +0000 2025 - Executing "openroad -exit /openlane/scripts/openroad/resizer_routing_timing.tcl |& tee /dev/null /openlane/designs/FIFO_Model/runs/FinalFlow/logs/routing/20-resizer_timing.log"

Fri Aug 01 17:29:02 +0000 2025 - Executing "{openroad -exit /openlane/scripts/openroad/resizer_routing_timing.tcl |& tee /dev/null /openlane/designs/FIFO_Model/runs/FinalFlow/logs/routing/20-resizer_timing.log}"

Fri Aug 01 17:29:03 +0000 2025 - Executing "{sed -i.bak -e {s/\(set ::env(CURRENT_NETLIST)\).*/\1 \/openlane\/designs\/FIFO_Model\/runs\/FinalFlow\/tmp\/20-FIFO_Model.nl.v/} /openlane/designs/FIFO_Model/runs/FinalFlow/config.tcl}"

Fri Aug 01 17:29:03 +0000 2025 - Executing "openroad -exit /openlane/scripts/openroad/sta/multi_corner.tcl |& tee /dev/null /openlane/designs/FIFO_Model/runs/FinalFlow/logs/routing/21-rsz_timing_sta.log"

Fri Aug 01 17:29:03 +0000 2025 - Executing "{openroad -exit /openlane/scripts/openroad/sta/multi_corner.tcl |& tee /dev/null /openlane/designs/FIFO_Model/runs/FinalFlow/logs/routing/21-rsz_timing_sta.log}"

Fri Aug 01 17:29:04 +0000 2025 - Executing "openroad -exit /openlane/scripts/openroad/repair_antennas.tcl |& tee /dev/null /openlane/designs/FIFO_Model/runs/FinalFlow/logs/routing/22-global.log"

Fri Aug 01 17:29:04 +0000 2025 - Executing "{openroad -exit /openlane/scripts/openroad/repair_antennas.tcl |& tee /dev/null /openlane/designs/FIFO_Model/runs/FinalFlow/logs/routing/22-global.log}"

Fri Aug 01 17:29:04 +0000 2025 - Executing "openroad -exit /openlane/scripts/openroad/write_views.tcl |& tee /dev/null /openlane/designs/FIFO_Model/runs/FinalFlow/logs/routing/22-global_write_netlist.log"

Fri Aug 01 17:29:04 +0000 2025 - Executing "{openroad -exit /openlane/scripts/openroad/write_views.tcl |& tee /dev/null /openlane/designs/FIFO_Model/runs/FinalFlow/logs/routing/22-global_write_netlist.log}"

Fri Aug 01 17:29:05 +0000 2025 - Executing "{sed -i.bak -e {s/\(set ::env(CURRENT_NETLIST)\).*/\1 \/openlane\/designs\/FIFO_Model\/runs\/FinalFlow\/tmp\/routing\/global.nl.v/} /openlane/designs/FIFO_Model/runs/FinalFlow/config.tcl}"

Fri Aug 01 17:29:05 +0000 2025 - Executing "openroad -exit /openlane/scripts/openroad/sta/multi_corner.tcl |& tee /dev/null /openlane/designs/FIFO_Model/runs/FinalFlow/logs/routing/24-grt_sta.log"

Fri Aug 01 17:29:05 +0000 2025 - Executing "{openroad -exit /openlane/scripts/openroad/sta/multi_corner.tcl |& tee /dev/null /openlane/designs/FIFO_Model/runs/FinalFlow/logs/routing/24-grt_sta.log}"

Fri Aug 01 17:29:06 +0000 2025 - Executing "openroad -exit /openlane/scripts/openroad/fill.tcl |& tee /dev/null /openlane/designs/FIFO_Model/runs/FinalFlow/logs/routing/25-fill.log"

Fri Aug 01 17:29:06 +0000 2025 - Executing "{openroad -exit /openlane/scripts/openroad/fill.tcl |& tee /dev/null /openlane/designs/FIFO_Model/runs/FinalFlow/logs/routing/25-fill.log}"

Fri Aug 01 17:29:07 +0000 2025 - Executing "{sed -i.bak -e {s/\(set ::env(CURRENT_NETLIST)\).*/\1 \/openlane\/designs\/FIFO_Model\/runs\/FinalFlow\/tmp\/routing\/25-fill.nl.v/} /openlane/designs/FIFO_Model/runs/FinalFlow/config.tcl}"

Fri Aug 01 17:29:07 +0000 2025 - Executing "openroad -exit -metrics /openlane/designs/FIFO_Model/runs/FinalFlow/reports/routing/26-drt_metrics.json /openlane/scripts/openroad/droute.tcl |& tee /dev/null /openlane/designs/FIFO_Model/runs/FinalFlow/logs/routing/26-detailed.log"

Fri Aug 01 17:29:07 +0000 2025 - Executing "{openroad -exit -metrics /openlane/designs/FIFO_Model/runs/FinalFlow/reports/routing/26-drt_metrics.json /openlane/scripts/openroad/droute.tcl |& tee /dev/null /openlane/designs/FIFO_Model/runs/FinalFlow/logs/routing/26-detailed.log}"

Fri Aug 01 17:29:22 +0000 2025 - Executing "{sed -i.bak -e {s/\(set ::env(CURRENT_NETLIST)\).*/\1 \/openlane\/designs\/FIFO_Model\/runs\/FinalFlow\/results\/routing\/FIFO_Model.nl.v/} /openlane/designs/FIFO_Model/runs/FinalFlow/config.tcl}"

Fri Aug 01 17:29:22 +0000 2025 - Executing "{python3 /openlane/scripts/drc_rosetta.py tr to_klayout -o /openlane/designs/FIFO_Model/runs/FinalFlow/reports/routing/drt.klayout.xml --design-name FIFO_Model /openlane/designs/FIFO_Model/runs/FinalFlow/reports/routing/drt.drc}"

Fri Aug 01 17:29:22 +0000 2025 - Executing "{openroad -exit -no_init -python /openlane/scripts/odbpy/wire_lengths.py --report-out /openlane/designs/FIFO_Model/runs/FinalFlow/reports/routing/27-wire_lengths.csv --input-lef /openlane/designs/FIFO_Model/runs/FinalFlow/tmp/merged.nom.lef --output-def /openlane/designs/FIFO_Model/runs/FinalFlow/results/routing/FIFO_Model.def --output /openlane/designs/FIFO_Model/runs/FinalFlow/results/routing/FIFO_Model.odb /openlane/designs/FIFO_Model/runs/FinalFlow/results/routing/FIFO_Model.odb |& tee /dev/null /openlane/designs/FIFO_Model/runs/FinalFlow/logs/routing/27-wire_lengths.log}"

Fri Aug 01 17:29:23 +0000 2025 - Executing "openroad -exit /openlane/scripts/openroad/rcx.tcl |& tee /dev/null /openlane/designs/FIFO_Model/runs/FinalFlow/logs/signoff/28-parasitics_extraction.min.log"

Fri Aug 01 17:29:23 +0000 2025 - Executing "{openroad -exit /openlane/scripts/openroad/rcx.tcl |& tee /dev/null /openlane/designs/FIFO_Model/runs/FinalFlow/logs/signoff/28-parasitics_extraction.min.log}"

Fri Aug 01 17:29:23 +0000 2025 - Executing "sta -exit -no_init /openlane/scripts/openroad/sta/multi_corner.tcl |& tee /dev/null /openlane/designs/FIFO_Model/runs/FinalFlow/logs/signoff/29-rcx_mcsta.min.log"

Fri Aug 01 17:29:23 +0000 2025 - Executing "{sta -exit -no_init /openlane/scripts/openroad/sta/multi_corner.tcl |& tee /dev/null /openlane/designs/FIFO_Model/runs/FinalFlow/logs/signoff/29-rcx_mcsta.min.log}"

Fri Aug 01 17:29:26 +0000 2025 - Executing "openroad -exit /openlane/scripts/openroad/rcx.tcl |& tee /dev/null /openlane/designs/FIFO_Model/runs/FinalFlow/logs/signoff/30-parasitics_extraction.max.log"

Fri Aug 01 17:29:26 +0000 2025 - Executing "{openroad -exit /openlane/scripts/openroad/rcx.tcl |& tee /dev/null /openlane/designs/FIFO_Model/runs/FinalFlow/logs/signoff/30-parasitics_extraction.max.log}"

Fri Aug 01 17:29:27 +0000 2025 - Executing "sta -exit -no_init /openlane/scripts/openroad/sta/multi_corner.tcl |& tee /dev/null /openlane/designs/FIFO_Model/runs/FinalFlow/logs/signoff/31-rcx_mcsta.max.log"

Fri Aug 01 17:29:27 +0000 2025 - Executing "{sta -exit -no_init /openlane/scripts/openroad/sta/multi_corner.tcl |& tee /dev/null /openlane/designs/FIFO_Model/runs/FinalFlow/logs/signoff/31-rcx_mcsta.max.log}"

Fri Aug 01 17:29:29 +0000 2025 - Executing "openroad -exit /openlane/scripts/openroad/rcx.tcl |& tee /dev/null /openlane/designs/FIFO_Model/runs/FinalFlow/logs/signoff/32-parasitics_extraction.nom.log"

Fri Aug 01 17:29:29 +0000 2025 - Executing "{openroad -exit /openlane/scripts/openroad/rcx.tcl |& tee /dev/null /openlane/designs/FIFO_Model/runs/FinalFlow/logs/signoff/32-parasitics_extraction.nom.log}"

Fri Aug 01 17:29:30 +0000 2025 - Executing "sta -exit -no_init /openlane/scripts/openroad/sta/multi_corner.tcl |& tee /dev/null /openlane/designs/FIFO_Model/runs/FinalFlow/logs/signoff/33-rcx_mcsta.nom.log"

Fri Aug 01 17:29:30 +0000 2025 - Executing "{sta -exit -no_init /openlane/scripts/openroad/sta/multi_corner.tcl |& tee /dev/null /openlane/designs/FIFO_Model/runs/FinalFlow/logs/signoff/33-rcx_mcsta.nom.log}"

Fri Aug 01 17:29:32 +0000 2025 - Executing "openroad -exit /openlane/scripts/openroad/irdrop.tcl |& tee /dev/null /openlane/designs/FIFO_Model/runs/FinalFlow/logs/signoff/34-irdrop.log"

Fri Aug 01 17:29:32 +0000 2025 - Executing "{openroad -exit /openlane/scripts/openroad/irdrop.tcl |& tee /dev/null /openlane/designs/FIFO_Model/runs/FinalFlow/logs/signoff/34-irdrop.log}"

Fri Aug 01 17:29:33 +0000 2025 - Executing "magic -noconsole -dnull -rcfile /home/manan/.volare/sky130A/libs.tech/magic/sky130A.magicrc < /openlane/scripts/magic/wrapper.tcl |& tee /dev/null /openlane/designs/FIFO_Model/runs/FinalFlow/logs/signoff/35-gdsii.log"

Fri Aug 01 17:29:33 +0000 2025 - Executing "{magic -noconsole -dnull -rcfile /home/manan/.volare/sky130A/libs.tech/magic/sky130A.magicrc < /openlane/scripts/magic/wrapper.tcl |& tee /dev/null /openlane/designs/FIFO_Model/runs/FinalFlow/logs/signoff/35-gdsii.log}"

Fri Aug 01 17:29:33 +0000 2025 - Executing "magic -noconsole -dnull -rcfile /home/manan/.volare/sky130A/libs.tech/magic/sky130A.magicrc < /openlane/scripts/magic/wrapper.tcl |& tee /dev/null /openlane/designs/FIFO_Model/runs/FinalFlow/logs/signoff/35-gds_ptrs.log"

Fri Aug 01 17:29:33 +0000 2025 - Executing "{magic -noconsole -dnull -rcfile /home/manan/.volare/sky130A/libs.tech/magic/sky130A.magicrc < /openlane/scripts/magic/wrapper.tcl |& tee /dev/null /openlane/designs/FIFO_Model/runs/FinalFlow/logs/signoff/35-gds_ptrs.log}"

Fri Aug 01 17:29:34 +0000 2025 - Executing "{sed -i.bak -n {/^<< properties >>/,/^<< end >>/p} /openlane/designs/FIFO_Model/runs/FinalFlow/tmp/signoff/gds_ptrs.mag}"

Fri Aug 01 17:29:34 +0000 2025 - Executing "magic -noconsole -dnull -rcfile /home/manan/.volare/sky130A/libs.tech/magic/sky130A.magicrc < /openlane/scripts/magic/wrapper.tcl |& tee /dev/null /openlane/designs/FIFO_Model/runs/FinalFlow/logs/signoff/35-lef.log"

Fri Aug 01 17:29:34 +0000 2025 - Executing "{magic -noconsole -dnull -rcfile /home/manan/.volare/sky130A/libs.tech/magic/sky130A.magicrc < /openlane/scripts/magic/wrapper.tcl |& tee /dev/null /openlane/designs/FIFO_Model/runs/FinalFlow/logs/signoff/35-lef.log}"

Fri Aug 01 17:29:34 +0000 2025 - Executing "magic -noconsole -dnull -rcfile /home/manan/.volare/sky130A/libs.tech/magic/sky130A.magicrc < /openlane/scripts/magic/wrapper.tcl |& tee /dev/null /openlane/designs/FIFO_Model/runs/FinalFlow/logs/signoff/35-maglef.log"

Fri Aug 01 17:29:34 +0000 2025 - Executing "{magic -noconsole -dnull -rcfile /home/manan/.volare/sky130A/libs.tech/magic/sky130A.magicrc < /openlane/scripts/magic/wrapper.tcl |& tee /dev/null /openlane/designs/FIFO_Model/runs/FinalFlow/logs/signoff/35-maglef.log}"

Fri Aug 01 17:29:34 +0000 2025 - Executing "{python3 /openlane/scripts/klayout/stream_out.py --output /openlane/designs/FIFO_Model/runs/FinalFlow/results/signoff/FIFO_Model.klayout.gds --lyt /home/manan/.volare/sky130A/libs.tech/klayout/tech/sky130A.lyt --lym /home/manan/.volare/sky130A/libs.tech/klayout/tech/sky130A.map --lyp /home/manan/.volare/sky130A/libs.tech/klayout/tech/sky130A.lyp --top FIFO_Model --with-gds-file /home/manan/.volare/sky130A/libs.ref/sky130_fd_sc_hd/gds/sky130_fd_sc_hd.gds --input-lef /openlane/designs/FIFO_Model/runs/FinalFlow/tmp/merged.nom.lef /openlane/designs/FIFO_Model/runs/FinalFlow/results/routing/FIFO_Model.def |& tee /dev/null /openlane/designs/FIFO_Model/runs/FinalFlow/logs/signoff/36-gdsii-klayout.log}"

Fri Aug 01 17:29:35 +0000 2025 - Executing "{klayout -b -r /openlane/scripts/klayout/xor.drc -rd a=/openlane/designs/FIFO_Model/runs/FinalFlow/results/signoff/FIFO_Model.gds -rd b=/openlane/designs/FIFO_Model/runs/FinalFlow/results/signoff/FIFO_Model.klayout.gds -rd jobs=1 -rd rdb_out=/openlane/designs/FIFO_Model/runs/FinalFlow/reports/signoff/37-xor.xml -rd ignore=81/14 -rd rpt_out=/openlane/designs/FIFO_Model/runs/FinalFlow/reports/signoff/37-xor.rpt |& tee /dev/null /openlane/designs/FIFO_Model/runs/FinalFlow/logs/signoff/37-xor.log}"

Fri Aug 01 17:29:37 +0000 2025 - Executing "magic -noconsole -dnull -rcfile /home/manan/.volare/sky130A/libs.tech/magic/sky130A.magicrc < /openlane/scripts/magic/wrapper.tcl |& tee /dev/null /openlane/designs/FIFO_Model/runs/FinalFlow/logs/signoff/38-spice.log"

Fri Aug 01 17:29:37 +0000 2025 - Executing "{magic -noconsole -dnull -rcfile /home/manan/.volare/sky130A/libs.tech/magic/sky130A.magicrc < /openlane/scripts/magic/wrapper.tcl |& tee /dev/null /openlane/designs/FIFO_Model/runs/FinalFlow/logs/signoff/38-spice.log}"

Fri Aug 01 17:29:38 +0000 2025 - Executing "{openroad -exit -no_init -python /openlane/scripts/odbpy/power_utils.py write_powered_def --output /openlane/designs/FIFO_Model/runs/FinalFlow/tmp/signoff/38-FIFO_Model.p.def --input-lef /openlane/designs/FIFO_Model/runs/FinalFlow/tmp/merged.nom.lef --power-port VPWR --ground-port VGND --powered-netlist {} /openlane/designs/FIFO_Model/runs/FinalFlow/results/routing/FIFO_Model.def |& tee /dev/null /openlane/designs/FIFO_Model/runs/FinalFlow/logs/signoff/39-write_powered_def.log}"

Fri Aug 01 17:29:38 +0000 2025 - Executing "openroad -exit /openlane/scripts/openroad/write_views.tcl |& tee /dev/null /openlane/designs/FIFO_Model/runs/FinalFlow/logs/signoff/39-write_powered_verilog.log"

Fri Aug 01 17:29:38 +0000 2025 - Executing "{openroad -exit /openlane/scripts/openroad/write_views.tcl |& tee /dev/null /openlane/designs/FIFO_Model/runs/FinalFlow/logs/signoff/39-write_powered_verilog.log}"

Fri Aug 01 17:29:39 +0000 2025 - Executing "{sed -i.bak -e {s/\(set ::env(CURRENT_NETLIST)\).*/\1 \/openlane\/designs\/FIFO_Model\/runs\/FinalFlow\/tmp\/signoff\/38-FIFO_Model.nl.v/} /openlane/designs/FIFO_Model/runs/FinalFlow/config.tcl}"

Fri Aug 01 17:29:39 +0000 2025 - Executing "{netgen -batch source /openlane/designs/FIFO_Model/runs/FinalFlow/tmp/signoff/41-setup_file.lef.lvs |& tee /dev/null /openlane/designs/FIFO_Model/runs/FinalFlow/logs/signoff/41-lvs.lef.log}"

Fri Aug 01 17:29:39 +0000 2025 - Executing "magic -noconsole -dnull -rcfile /home/manan/.volare/sky130A/libs.tech/magic/sky130A.magicrc < /openlane/scripts/magic/wrapper.tcl |& tee /dev/null /openlane/designs/FIFO_Model/runs/FinalFlow/logs/signoff/42-drc.log"

Fri Aug 01 17:29:39 +0000 2025 - Executing "{magic -noconsole -dnull -rcfile /home/manan/.volare/sky130A/libs.tech/magic/sky130A.magicrc < /openlane/scripts/magic/wrapper.tcl |& tee /dev/null /openlane/designs/FIFO_Model/runs/FinalFlow/logs/signoff/42-drc.log}"

Fri Aug 01 17:29:41 +0000 2025 - Executing "{python3 /openlane/scripts/drc_rosetta.py magic to_tcl -o /openlane/designs/FIFO_Model/runs/FinalFlow/reports/signoff/drc.tcl /openlane/designs/FIFO_Model/runs/FinalFlow/reports/signoff/drc.rpt}"

Fri Aug 01 17:29:41 +0000 2025 - Executing "{python3 /openlane/scripts/drc_rosetta.py magic to_tr -o /openlane/designs/FIFO_Model/runs/FinalFlow/reports/signoff/drc.tr /openlane/designs/FIFO_Model/runs/FinalFlow/reports/signoff/drc.rpt}"

Fri Aug 01 17:29:41 +0000 2025 - Executing "{python3 /openlane/scripts/drc_rosetta.py tr to_klayout -o /openlane/designs/FIFO_Model/runs/FinalFlow/reports/signoff/drc.klayout.xml --design-name FIFO_Model /openlane/designs/FIFO_Model/runs/FinalFlow/reports/signoff/drc.tr}"

Fri Aug 01 17:29:41 +0000 2025 - Executing "{python3 /openlane/scripts/drc_rosetta.py magic to_rdb -o /openlane/designs/FIFO_Model/runs/FinalFlow/reports/signoff/drc.rdb /openlane/designs/FIFO_Model/runs/FinalFlow/reports/signoff/drc.rpt}"

Fri Aug 01 17:29:41 +0000 2025 - Executing "{klayout -b -zz -r /home/manan/.volare/sky130A/libs.tech/klayout/drc/sky130A_mr.drc -rd topcell=FIFO_Model -rd input=/openlane/designs/FIFO_Model/runs/FinalFlow/results/signoff/FIFO_Model.gds -rd report=/openlane/designs/FIFO_Model/runs/FinalFlow/reports/signoff/violations.xml -rd feol=true -rd beol=true -rd floating_metal=false -rd seal=true -rd thread=1 |& tee /dev/null /openlane/designs/FIFO_Model/runs/FinalFlow/logs/signoff/43-drc-klayout.log}"

Fri Aug 01 17:29:45 +0000 2025 - Executing "{python3 /openlane/scripts/klayout/xml_drc_report_to_json.py --xml-file /openlane/designs/FIFO_Model/runs/FinalFlow/reports/signoff/violations.xml --json-file /openlane/designs/FIFO_Model/runs/FinalFlow/reports/signoff/violations.json}"

Fri Aug 01 17:29:46 +0000 2025 - Executing "openroad -exit /openlane/scripts/openroad/antenna_check.tcl |& tee /dev/null /openlane/designs/FIFO_Model/runs/FinalFlow/logs/signoff/44-arc.log"

Fri Aug 01 17:29:46 +0000 2025 - Executing "{openroad -exit /openlane/scripts/openroad/antenna_check.tcl |& tee /dev/null /openlane/designs/FIFO_Model/runs/FinalFlow/logs/signoff/44-arc.log}"

Fri Aug 01 17:29:46 +0000 2025 - Executing "{python3 /openlane/scripts/extract_antenna_violators.py --output /openlane/designs/FIFO_Model/runs/FinalFlow/reports/signoff/44-antenna_violators.rpt --plain-out /openlane/designs/FIFO_Model/runs/FinalFlow/reports/signoff/44-antenna_violators_pins.txt /openlane/designs/FIFO_Model/runs/FinalFlow/logs/signoff/44-arc.log}"

Fri Aug 01 17:29:46 +0000 2025 - Executing "{python3 /openlane/scripts/write_runtime.py --conclude --seconds --time-in 1754069386 {flow completed}}"

Fri Aug 01 17:29:46 +0000 2025 - Executing "{python3 /openlane/scripts/generate_reports.py -d /openlane/designs/FIFO_Model --design_name FIFO_Model --tag FinalFlow --output_file /openlane/designs/FIFO_Model/runs/FinalFlow/reports/metrics.csv --man_report /openlane/designs/FIFO_Model/runs/FinalFlow/reports/manufacturability.rpt --run_path /openlane/designs/FIFO_Model/runs/FinalFlow}"

