
===========================================================================
 report_power
============================================================================
======================= Fastest Corner ===================================

Group                  Internal  Switching    Leakage      Total
                          Power      Power      Power      Power (Watts)
----------------------------------------------------------------
Sequential             8.36e-04   7.80e-05   2.03e-08   9.14e-04  42.6%
Combinational          5.01e-04   2.94e-04   5.09e-09   7.95e-04  37.0%
Clock                  2.07e-04   2.30e-04   1.67e-09   4.37e-04  20.4%
Macro                  0.00e+00   0.00e+00   0.00e+00   0.00e+00   0.0%
Pad                    0.00e+00   0.00e+00   0.00e+00   0.00e+00   0.0%
----------------------------------------------------------------
Total                  1.54e-03   6.03e-04   2.71e-08   2.15e-03 100.0%
                          71.9%      28.1%       0.0%

======================= Slowest Corner ===================================

Group                  Internal  Switching    Leakage      Total
                          Power      Power      Power      Power (Watts)
----------------------------------------------------------------
Sequential             5.67e-04   4.91e-05   2.09e-06   6.18e-04  42.4%
Combinational          3.49e-04   1.92e-04   3.77e-06   5.45e-04  37.3%
Clock                  1.50e-04   1.47e-04   2.53e-07   2.97e-04  20.3%
Macro                  0.00e+00   0.00e+00   0.00e+00   0.00e+00   0.0%
Pad                    0.00e+00   0.00e+00   0.00e+00   0.00e+00   0.0%
----------------------------------------------------------------
Total                  1.07e-03   3.88e-04   6.12e-06   1.46e-03 100.0%
                          73.0%      26.6%       0.4%

======================= Typical Corner ===================================

Group                  Internal  Switching    Leakage      Total
                          Power      Power      Power      Power (Watts)
----------------------------------------------------------------
Sequential             7.24e-04   6.42e-05   1.95e-08   7.88e-04  42.6%
Combinational          4.39e-04   2.46e-04   2.40e-09   6.85e-04  37.1%
Clock                  1.82e-04   1.93e-04   1.14e-09   3.75e-04  20.3%
Macro                  0.00e+00   0.00e+00   0.00e+00   0.00e+00   0.0%
Pad                    0.00e+00   0.00e+00   0.00e+00   0.00e+00   0.0%
----------------------------------------------------------------
Total                  1.34e-03   5.04e-04   2.30e-08   1.85e-03 100.0%
                          72.7%      27.3%       0.0%

