OpenROAD b16bda7e82721d10566ff7e2b68f1ff0be9f9e38 
Features included (+) or not (-): +Charts +GPU +GUI +Python
This program is licensed under the BSD-3 license. See the LICENSE file for details.
Components of this program may be licensed under more restrictive licenses which must be honored.
[INFO ODB-0227] LEF file: /openlane/designs/FIFO_Model/runs/FinalFlow/tmp/merged.max.lef, created 13 layers, 25 vias, 441 library cells
[INFO ODB-0127] Reading DEF file: /openlane/designs/FIFO_Model/runs/FinalFlow/results/routing/FIFO_Model.def
[INFO ODB-0128] Design: FIFO_Model
[INFO ODB-0130]     Created 76 pins.
[INFO ODB-0131]     Created 1751 components and 8903 component-terminals.
[INFO ODB-0132]     Created 2 special nets and 6652 connections.
[INFO ODB-0133]     Created 819 nets and 2236 connections.
[INFO ODB-0134] Finished DEF file: /openlane/designs/FIFO_Model/runs/FinalFlow/results/routing/FIFO_Model.def
define_corners Typical
read_liberty -corner Typical /home/manan/.volare/sky130A/libs.ref/sky130_fd_sc_hd/lib/sky130_fd_sc_hd__tt_025C_1v80.lib
Using 1e-12 for capacitance...
Using 1e+03 for resistance...
Using 1e-09 for time...
Using 1e+00 for voltage...
Using 1e-03 for current...
Using 1e-09 for power...
Using 1e-06 for distance...
Using RCX ruleset '/home/manan/.volare/sky130A/libs.tech/openlane/rules.openrcx.sky130A.max.calibre'...
[INFO RCX-0431] Defined process_corner X with ext_model_index 0
[INFO RCX-0029] Defined extraction corner X
[INFO RCX-0008] extracting parasitics of FIFO_Model ...
[INFO RCX-0435] Reading extraction model file /home/manan/.volare/sky130A/libs.tech/openlane/rules.openrcx.sky130A.max.calibre ...
[INFO RCX-0436] RC segment generation FIFO_Model (max_merge_res 50.0) ...
[INFO RCX-0040] Final 2964 rc segments
[INFO RCX-0439] Coupling Cap extraction FIFO_Model ...
[INFO RCX-0440] Coupling threshhold is 0.1000 fF, coupling capacitance less than 0.1000 fF will be grounded.
[INFO RCX-0043] 4924 wires to be extracted
[INFO RCX-0442] 59% completion -- 2915 wires have been extracted
[INFO RCX-0442] 100% completion -- 4924 wires have been extracted
[INFO RCX-0045] Extract 819 nets, 3783 rsegs, 3783 caps, 4349 ccs
[INFO RCX-0015] Finished extracting FIFO_Model.
Writing result to /openlane/designs/FIFO_Model/runs/FinalFlow/results/routing/mca/process_corner_max/FIFO_Model.spef...
Setting global connections for newly added cells…
[WARNING] Did not save OpenROAD database!
Writing extracted parasitics to '/openlane/designs/FIFO_Model/runs/FinalFlow/results/routing/mca/process_corner_max/FIFO_Model.spef'…
[INFO RCX-0016] Writing SPEF ...
[INFO RCX-0443] 819 nets finished
[INFO RCX-0017] Finished writing SPEF ...
