
Magic 8.3 revision 483 - Compiled on Sun Jun  2 18:57:41 UTC 2024.
Starting magic under Tcl interpreter
Using the terminal as the console.
Using NULL graphics device.
Processing system .magicrc file
Sourcing design .magicrc for technology sky130A ...
2 Magic internal units = 1 Lambda
Input style sky130(): scaleFactor=2, multiplier=2
The following types are not handled by extraction and will be treated as non-electrical types:
    ubm 
Scaled tech values by 2 / 1 to match internal grid scaling
Loading sky130A Device Generator Menu ...
Using technology "sky130A", version 1.0.466-0-gbdc9412
Reading LEF data from file /home/manan/.volare/sky130A/libs.ref/sky130_fd_sc_hd/techlef/sky130_fd_sc_hd__nom.tlef.
This action cannot be undone.
LEF read, Line 78 (Message): Unknown keyword "ANTENNAMODEL" in LEF file; ignoring.
LEF read, Line 79 (Message): Unknown keyword "ANTENNADIFFSIDEAREARATIO" in LEF file; ignoring.
LEF read, Line 112 (Message): Unknown keyword "MINENCLOSEDAREA" in LEF file; ignoring.
LEF read, Line 114 (Message): Unknown keyword "ANTENNAMODEL" in LEF file; ignoring.
LEF read, Line 115 (Message): Unknown keyword "ANTENNADIFFSIDEAREARATIO" in LEF file; ignoring.
LEF read, Line 121 (Message): Unknown keyword "MAXIMUMDENSITY" in LEF file; ignoring.
LEF read, Line 122 (Message): Unknown keyword "DENSITYCHECKWINDOW" in LEF file; ignoring.
LEF read, Line 123 (Message): Unknown keyword "DENSITYCHECKSTEP" in LEF file; ignoring.
LEF read, Line 156 (Message): Unknown keyword "MINENCLOSEDAREA" in LEF file; ignoring.
LEF read, Line 164 (Message): Unknown keyword "ANTENNAMODEL" in LEF file; ignoring.
LEF read, Line 165 (Message): Unknown keyword "ANTENNADIFFSIDEAREARATIO" in LEF file; ignoring.
LEF read, Line 167 (Message): Unknown keyword "MAXIMUMDENSITY" in LEF file; ignoring.
LEF read, Line 168 (Message): Unknown keyword "DENSITYCHECKWINDOW" in LEF file; ignoring.
LEF read, Line 169 (Message): Unknown keyword "DENSITYCHECKSTEP" in LEF file; ignoring.
LEF read, Line 206 (Message): Unknown keyword "ANTENNAMODEL" in LEF file; ignoring.
LEF read, Line 207 (Message): Unknown keyword "ANTENNADIFFSIDEAREARATIO" in LEF file; ignoring.
LEF read, Line 209 (Message): Unknown keyword "MAXIMUMDENSITY" in LEF file; ignoring.
LEF read, Line 210 (Message): Unknown keyword "DENSITYCHECKWINDOW" in LEF file; ignoring.
LEF read, Line 211 (Message): Unknown keyword "DENSITYCHECKSTEP" in LEF file; ignoring.
LEF read, Line 248 (Message): Unknown keyword "ANTENNAMODEL" in LEF file; ignoring.
LEF read, Line 249 (Message): Unknown keyword "ANTENNADIFFSIDEAREARATIO" in LEF file; ignoring.
LEF read, Line 251 (Message): Unknown keyword "MAXIMUMDENSITY" in LEF file; ignoring.
LEF read, Line 252 (Message): Unknown keyword "DENSITYCHECKWINDOW" in LEF file; ignoring.
LEF read, Line 253 (Message): Unknown keyword "DENSITYCHECKSTEP" in LEF file; ignoring.
LEF read, Line 290 (Message): Unknown keyword "ANTENNAMODEL" in LEF file; ignoring.
LEF read, Line 291 (Message): Unknown keyword "ANTENNADIFFSIDEAREARATIO" in LEF file; ignoring.
LEF read: Processed 797 lines.
Reading DEF data from file /openlane/designs/FIFO_Model/runs/FinalFlow/results/routing/FIFO_Model.def.
This action cannot be undone.
  Processed 3 vias total.
Cell sky130_fd_sc_hd__decap_3 read from path /home/manan/.volare/sky130A/libs.ref/sky130_fd_sc_hd/mag
Cell sky130_fd_sc_hd__fill_2 read from path /home/manan/.volare/sky130A/libs.ref/sky130_fd_sc_hd/mag
Cell sky130_fd_sc_hd__decap_4 read from path /home/manan/.volare/sky130A/libs.ref/sky130_fd_sc_hd/mag
Cell sky130_ef_sc_hd__decap_12 read from path /home/manan/.volare/sky130A/libs.ref/sky130_fd_sc_hd/mag
Cell sky130_fd_sc_hd__fill_1 read from path /home/manan/.volare/sky130A/libs.ref/sky130_fd_sc_hd/mag
Cell sky130_fd_sc_hd__decap_8 read from path /home/manan/.volare/sky130A/libs.ref/sky130_fd_sc_hd/mag
Cell sky130_fd_sc_hd__decap_6 read from path /home/manan/.volare/sky130A/libs.ref/sky130_fd_sc_hd/mag
Cell sky130_fd_sc_hd__tapvpwrvgnd_1 read from path /home/manan/.volare/sky130A/libs.ref/sky130_fd_sc_hd/mag
Cell sky130_fd_sc_hd__clkbuf_2 read from path /home/manan/.volare/sky130A/libs.ref/sky130_fd_sc_hd/mag
Cell sky130_fd_sc_hd__buf_2 read from path /home/manan/.volare/sky130A/libs.ref/sky130_fd_sc_hd/mag
Cell sky130_fd_sc_hd__mux4_1 read from path /home/manan/.volare/sky130A/libs.ref/sky130_fd_sc_hd/mag
Cell sky130_fd_sc_hd__clkbuf_1 read from path /home/manan/.volare/sky130A/libs.ref/sky130_fd_sc_hd/mag
Cell sky130_fd_sc_hd__or3b_1 read from path /home/manan/.volare/sky130A/libs.ref/sky130_fd_sc_hd/mag
Cell sky130_fd_sc_hd__mux2_1 read from path /home/manan/.volare/sky130A/libs.ref/sky130_fd_sc_hd/mag
Cell sky130_fd_sc_hd__nand2b_1 read from path /home/manan/.volare/sky130A/libs.ref/sky130_fd_sc_hd/mag
Cell sky130_fd_sc_hd__inv_1 read from path /home/manan/.volare/sky130A/libs.ref/sky130_fd_sc_hd/mag
Cell sky130_fd_sc_hd__or2_1 read from path /home/manan/.volare/sky130A/libs.ref/sky130_fd_sc_hd/mag
Cell sky130_fd_sc_hd__and3_1 read from path /home/manan/.volare/sky130A/libs.ref/sky130_fd_sc_hd/mag
Cell sky130_fd_sc_hd__nand2_1 read from path /home/manan/.volare/sky130A/libs.ref/sky130_fd_sc_hd/mag
Cell sky130_fd_sc_hd__inv_2 read from path /home/manan/.volare/sky130A/libs.ref/sky130_fd_sc_hd/mag
Cell sky130_fd_sc_hd__a21oi_1 read from path /home/manan/.volare/sky130A/libs.ref/sky130_fd_sc_hd/mag
Cell sky130_fd_sc_hd__or3_1 read from path /home/manan/.volare/sky130A/libs.ref/sky130_fd_sc_hd/mag
Cell sky130_fd_sc_hd__buf_6 read from path /home/manan/.volare/sky130A/libs.ref/sky130_fd_sc_hd/mag
Cell sky130_fd_sc_hd__dlymetal6s2s_1 read from path /home/manan/.volare/sky130A/libs.ref/sky130_fd_sc_hd/mag
Cell sky130_fd_sc_hd__o21ai_1 read from path /home/manan/.volare/sky130A/libs.ref/sky130_fd_sc_hd/mag
Cell sky130_fd_sc_hd__nor2_1 read from path /home/manan/.volare/sky130A/libs.ref/sky130_fd_sc_hd/mag
Cell sky130_fd_sc_hd__buf_1 read from path /home/manan/.volare/sky130A/libs.ref/sky130_fd_sc_hd/mag
Cell sky130_fd_sc_hd__or4b_1 read from path /home/manan/.volare/sky130A/libs.ref/sky130_fd_sc_hd/mag
Cell sky130_fd_sc_hd__o211a_1 read from path /home/manan/.volare/sky130A/libs.ref/sky130_fd_sc_hd/mag
Cell sky130_fd_sc_hd__a211o_1 read from path /home/manan/.volare/sky130A/libs.ref/sky130_fd_sc_hd/mag
Cell sky130_fd_sc_hd__a31o_1 read from path /home/manan/.volare/sky130A/libs.ref/sky130_fd_sc_hd/mag
Cell sky130_fd_sc_hd__nand4bb_1 read from path /home/manan/.volare/sky130A/libs.ref/sky130_fd_sc_hd/mag
Cell sky130_fd_sc_hd__and2_1 read from path /home/manan/.volare/sky130A/libs.ref/sky130_fd_sc_hd/mag
Cell sky130_fd_sc_hd__and3b_1 read from path /home/manan/.volare/sky130A/libs.ref/sky130_fd_sc_hd/mag
Cell sky130_fd_sc_hd__and2b_1 read from path /home/manan/.volare/sky130A/libs.ref/sky130_fd_sc_hd/mag
Cell sky130_fd_sc_hd__and4bb_1 read from path /home/manan/.volare/sky130A/libs.ref/sky130_fd_sc_hd/mag
Cell sky130_fd_sc_hd__and4b_1 read from path /home/manan/.volare/sky130A/libs.ref/sky130_fd_sc_hd/mag
Cell sky130_fd_sc_hd__or4_1 read from path /home/manan/.volare/sky130A/libs.ref/sky130_fd_sc_hd/mag
Cell sky130_fd_sc_hd__or2b_1 read from path /home/manan/.volare/sky130A/libs.ref/sky130_fd_sc_hd/mag
Cell sky130_fd_sc_hd__xor2_1 read from path /home/manan/.volare/sky130A/libs.ref/sky130_fd_sc_hd/mag
Cell sky130_fd_sc_hd__dfxtp_1 read from path /home/manan/.volare/sky130A/libs.ref/sky130_fd_sc_hd/mag
Cell sky130_fd_sc_hd__dfrtp_1 read from path /home/manan/.volare/sky130A/libs.ref/sky130_fd_sc_hd/mag
Cell sky130_fd_sc_hd__dfstp_1 read from path /home/manan/.volare/sky130A/libs.ref/sky130_fd_sc_hd/mag
Cell sky130_fd_sc_hd__clkbuf_16 read from path /home/manan/.volare/sky130A/libs.ref/sky130_fd_sc_hd/mag
Cell sky130_fd_sc_hd__clkbuf_8 read from path /home/manan/.volare/sky130A/libs.ref/sky130_fd_sc_hd/mag
Cell sky130_fd_sc_hd__clkinv_1 read from path /home/manan/.volare/sky130A/libs.ref/sky130_fd_sc_hd/mag
Cell sky130_fd_sc_hd__clkinv_2 read from path /home/manan/.volare/sky130A/libs.ref/sky130_fd_sc_hd/mag
Cell sky130_fd_sc_hd__clkbuf_4 read from path /home/manan/.volare/sky130A/libs.ref/sky130_fd_sc_hd/mag
Cell sky130_fd_sc_hd__clkinvlp_4 read from path /home/manan/.volare/sky130A/libs.ref/sky130_fd_sc_hd/mag
Cell sky130_fd_sc_hd__clkinvlp_2 read from path /home/manan/.volare/sky130A/libs.ref/sky130_fd_sc_hd/mag
Cell sky130_fd_sc_hd__dlygate4sd3_1 read from path /home/manan/.volare/sky130A/libs.ref/sky130_fd_sc_hd/mag
  Processed 1751 subcell instances total.
  Processed 76 pins total.
  Processed 2 special nets total.
  Processed 819 nets total.
DEF read: Processed 13284 lines.
Moving label "Data_In[24]" from metal2 to via2 in cell FIFO_Model.
Moving label "F_Data[18]" from metal2 to via2 in cell FIFO_Model.
Moving label "_008_" from metal1 to via1 in cell FIFO_Model.
Moving label "_031_" from metal1 to via1 in cell FIFO_Model.
Moving label "_037_" from metal1 to via1 in cell FIFO_Model.
Moving label "_039_" from metal1 to via1 in cell FIFO_Model.
Moving label "_046_" from metal1 to via1 in cell FIFO_Model.
Moving label "_052_" from metal1 to via1 in cell FIFO_Model.
Moving label "_064_" from metal1 to via1 in cell FIFO_Model.
Moving label "_066_" from metal1 to via1 in cell FIFO_Model.
Moving label "_075_" from metal1 to via1 in cell FIFO_Model.
Moving label "_078_" from metal1 to via1 in cell FIFO_Model.
Moving label "_081_" from metal1 to via1 in cell FIFO_Model.
Moving label "_084_" from metal1 to via1 in cell FIFO_Model.
Moving label "_085_" from metal1 to via1 in cell FIFO_Model.
Moving label "_089_" from metal1 to via1 in cell FIFO_Model.
Moving label "_097_" from metal2 to via1 in cell FIFO_Model.
Moving label "_098_" from metal1 to via1 in cell FIFO_Model.
Moving label "_099_" from metal1 to via1 in cell FIFO_Model.
Moving label "_102_" from metal1 to via1 in cell FIFO_Model.
Moving label "_116_" from metal1 to viali in cell FIFO_Model.
Moving label "_117_" from metal1 to via1 in cell FIFO_Model.
Moving label "_119_" from metal1 to via1 in cell FIFO_Model.
Moving label "_120_" from metal1 to via1 in cell FIFO_Model.
Moving label "_125_" from metal1 to via1 in cell FIFO_Model.
Moving label "_232_" from metal2 to via1 in cell FIFO_Model.
Moving label "_335_" from metal2 to via1 in cell FIFO_Model.
Moving label "clknet_4_14_0_Clk" from metal2 to via1 in cell FIFO_Model.
Moving label "memblk.FIFO\[2\]\[12\]" from metal1 to via1 in cell FIFO_Model.
Moving label "memblk.FIFO\[2\]\[13\]" from metal1 to via1 in cell FIFO_Model.
Moving label "memblk.FIFO\[2\]\[16\]" from metal1 to via1 in cell FIFO_Model.
Moving label "memblk.FIFO\[2\]\[17\]" from metal1 to via1 in cell FIFO_Model.
Moving label "memblk.FIFO\[2\]\[21\]" from metal1 to via1 in cell FIFO_Model.
Moving label "memblk.FIFO\[2\]\[24\]" from metal1 to via1 in cell FIFO_Model.
Moving label "memblk.FIFO\[2\]\[26\]" from metal1 to via1 in cell FIFO_Model.
Moving label "memblk.FIFO\[3\]\[13\]" from metal2 to via1 in cell FIFO_Model.
Moving label "memblk.FIFO\[3\]\[29\]" from metal2 to via1 in cell FIFO_Model.
[INFO]: Writing abstract LEF
Generating LEF output /openlane/designs/FIFO_Model/runs/FinalFlow/results/signoff/FIFO_Model.lef for cell FIFO_Model:
Diagnostic:  Write LEF header for cell FIFO_Model
Diagnostic:  Writing LEF output for cell FIFO_Model
Diagnostic:  Scale value is 0.005000
[INFO]: LEF Write Complete
