
===========================================================================
 report_power
============================================================================
======================= Fastest Corner ===================================

Group                  Internal  Switching    Leakage      Total
                          Power      Power      Power      Power (Watts)
----------------------------------------------------------------
Sequential             8.35e-04   8.45e-05   2.03e-08   9.20e-04  42.1%
Combinational          5.01e-04   3.09e-04   5.09e-09   8.11e-04  37.1%
Clock                  2.07e-04   2.47e-04   1.67e-09   4.54e-04  20.8%
Macro                  0.00e+00   0.00e+00   0.00e+00   0.00e+00   0.0%
Pad                    0.00e+00   0.00e+00   0.00e+00   0.00e+00   0.0%
----------------------------------------------------------------
Total                  1.54e-03   6.41e-04   2.71e-08   2.18e-03 100.0%
                          70.7%      29.3%       0.0%

======================= Slowest Corner ===================================

Group                  Internal  Switching    Leakage      Total
                          Power      Power      Power      Power (Watts)
----------------------------------------------------------------
Sequential             5.67e-04   5.34e-05   2.09e-06   6.22e-04  41.9%
Combinational          3.49e-04   2.02e-04   3.77e-06   5.55e-04  37.4%
Clock                  1.50e-04   1.58e-04   2.53e-07   3.08e-04  20.8%
Macro                  0.00e+00   0.00e+00   0.00e+00   0.00e+00   0.0%
Pad                    0.00e+00   0.00e+00   0.00e+00   0.00e+00   0.0%
----------------------------------------------------------------
Total                  1.07e-03   4.14e-04   6.12e-06   1.49e-03 100.0%
                          71.8%      27.8%       0.4%

======================= Typical Corner ===================================

Group                  Internal  Switching    Leakage      Total
                          Power      Power      Power      Power (Watts)
----------------------------------------------------------------
Sequential             7.24e-04   6.97e-05   1.95e-08   7.93e-04  42.2%
Combinational          4.39e-04   2.59e-04   2.40e-09   6.98e-04  37.1%
Clock                  1.82e-04   2.07e-04   1.14e-09   3.89e-04  20.7%
Macro                  0.00e+00   0.00e+00   0.00e+00   0.00e+00   0.0%
Pad                    0.00e+00   0.00e+00   0.00e+00   0.00e+00   0.0%
----------------------------------------------------------------
Total                  1.34e-03   5.36e-04   2.30e-08   1.88e-03 100.0%
                          71.5%      28.5%       0.0%

