
===========================================================================
 report_power
============================================================================
======================= Fastest Corner ===================================

Group                  Internal  Switching    Leakage      Total
                          Power      Power      Power      Power (Watts)
----------------------------------------------------------------
Sequential             8.36e-04   8.12e-05   2.03e-08   9.17e-04  42.3%
Combinational          5.01e-04   3.02e-04   5.09e-09   8.03e-04  37.1%
Clock                  2.07e-04   2.38e-04   1.67e-09   4.46e-04  20.6%
Macro                  0.00e+00   0.00e+00   0.00e+00   0.00e+00   0.0%
Pad                    0.00e+00   0.00e+00   0.00e+00   0.00e+00   0.0%
----------------------------------------------------------------
Total                  1.54e-03   6.22e-04   2.71e-08   2.17e-03 100.0%
                          71.3%      28.7%       0.0%

======================= Slowest Corner ===================================

Group                  Internal  Switching    Leakage      Total
                          Power      Power      Power      Power (Watts)
----------------------------------------------------------------
Sequential             5.67e-04   5.12e-05   2.09e-06   6.20e-04  42.1%
Combinational          3.49e-04   1.97e-04   3.77e-06   5.50e-04  37.3%
Clock                  1.50e-04   1.52e-04   2.53e-07   3.02e-04  20.5%
Macro                  0.00e+00   0.00e+00   0.00e+00   0.00e+00   0.0%
Pad                    0.00e+00   0.00e+00   0.00e+00   0.00e+00   0.0%
----------------------------------------------------------------
Total                  1.07e-03   4.01e-04   6.12e-06   1.47e-03 100.0%
                          72.4%      27.2%       0.4%

======================= Typical Corner ===================================

Group                  Internal  Switching    Leakage      Total
                          Power      Power      Power      Power (Watts)
----------------------------------------------------------------
Sequential             7.24e-04   6.69e-05   1.95e-08   7.91e-04  42.4%
Combinational          4.39e-04   2.53e-04   2.40e-09   6.92e-04  37.1%
Clock                  1.82e-04   2.00e-04   1.14e-09   3.82e-04  20.5%
Macro                  0.00e+00   0.00e+00   0.00e+00   0.00e+00   0.0%
Pad                    0.00e+00   0.00e+00   0.00e+00   0.00e+00   0.0%
----------------------------------------------------------------
Total                  1.34e-03   5.20e-04   2.30e-08   1.86e-03 100.0%
                          72.1%      27.9%       0.0%

