
===========================================================================
report_checks -unconstrained
===========================================================================
======================= Fastest Corner ===================================

Startpoint: RstN (input port clocked by Clk)
Endpoint: _941_ (recovery check against rising-edge clock Clk)
Path Group: asynchronous
Path Type: max
Corner: Fastest

Fanout     Cap    Slew   Delay    Time   Description
-----------------------------------------------------------------------------
                          0.00    0.00   clock Clk (rise edge)
                          0.00    0.00   clock network delay (propagated)
                          2.00    2.00 ^ input external delay
     1    0.00    0.02    0.01    2.01 ^ RstN (in)
                                         RstN (net)
                  0.02    0.00    2.01 ^ input36/A (sky130_fd_sc_hd__buf_1)
     2    0.02    0.14    0.13    2.14 ^ input36/X (sky130_fd_sc_hd__buf_1)
                                         net36 (net)
                  0.14    0.00    2.14 ^ fanout75/A (sky130_fd_sc_hd__clkbuf_2)
     6    0.03    0.13    0.17    2.30 ^ fanout75/X (sky130_fd_sc_hd__clkbuf_2)
                                         net75 (net)
                  0.13    0.00    2.30 ^ fanout74/A (sky130_fd_sc_hd__clkbuf_2)
     6    0.03    0.11    0.15    2.46 ^ fanout74/X (sky130_fd_sc_hd__clkbuf_2)
                                         net74 (net)
                  0.11    0.00    2.46 ^ _941_/SET_B (sky130_fd_sc_hd__dfstp_1)
                                  2.46   data arrival time

                         10.00   10.00   clock Clk (rise edge)
                          0.00   10.00   clock source latency
     1    0.02    0.08    0.06   10.06 ^ Clk (in)
                                         Clk (net)
                  0.08    0.00   10.06 ^ clkbuf_0_Clk/A (sky130_fd_sc_hd__clkbuf_16)
    16    0.12    0.10    0.15   10.20 ^ clkbuf_0_Clk/X (sky130_fd_sc_hd__clkbuf_16)
                                         clknet_0_Clk (net)
                  0.10    0.00   10.20 ^ clkbuf_4_2_0_Clk/A (sky130_fd_sc_hd__clkbuf_8)
    10    0.03    0.05    0.11   10.32 ^ clkbuf_4_2_0_Clk/X (sky130_fd_sc_hd__clkbuf_8)
                                         clknet_4_2_0_Clk (net)
                  0.05    0.00   10.32 ^ _941_/CLK (sky130_fd_sc_hd__dfstp_1)
                         -0.25   10.07   clock uncertainty
                          0.00   10.07   clock reconvergence pessimism
                          0.09   10.16   library recovery time
                                 10.16   data required time
-----------------------------------------------------------------------------
                                 10.16   data required time
                                 -2.46   data arrival time
-----------------------------------------------------------------------------
                                  7.70   slack (MET)


Startpoint: _948_ (rising edge-triggered flip-flop clocked by Clk)
Endpoint: F_Data[10] (output port clocked by Clk)
Path Group: Clk
Path Type: max
Corner: Fastest

Fanout     Cap    Slew   Delay    Time   Description
-----------------------------------------------------------------------------
                          0.00    0.00   clock Clk (rise edge)
                          0.00    0.00   clock source latency
     1    0.02    0.08    0.06    0.06 ^ Clk (in)
                                         Clk (net)
                  0.08    0.00    0.06 ^ clkbuf_0_Clk/A (sky130_fd_sc_hd__clkbuf_16)
    16    0.12    0.10    0.16    0.22 ^ clkbuf_0_Clk/X (sky130_fd_sc_hd__clkbuf_16)
                                         clknet_0_Clk (net)
                  0.10    0.00    0.23 ^ clkbuf_4_2_0_Clk/A (sky130_fd_sc_hd__clkbuf_8)
    10    0.03    0.05    0.13    0.35 ^ clkbuf_4_2_0_Clk/X (sky130_fd_sc_hd__clkbuf_8)
                                         clknet_4_2_0_Clk (net)
                  0.05    0.00    0.35 ^ _948_/CLK (sky130_fd_sc_hd__dfrtp_1)
     4    0.02    0.13    0.29    0.64 ^ _948_/Q (sky130_fd_sc_hd__dfrtp_1)
                                         memblk.rd_addr[0] (net)
                  0.13    0.00    0.64 ^ _389_/A (sky130_fd_sc_hd__clkbuf_2)
     6    0.03    0.15    0.18    0.82 ^ _389_/X (sky130_fd_sc_hd__clkbuf_2)
                                         _140_ (net)
                  0.15    0.00    0.82 ^ _403_/A (sky130_fd_sc_hd__buf_2)
     6    0.04    0.15    0.18    1.01 ^ _403_/X (sky130_fd_sc_hd__buf_2)
                                         _149_ (net)
                  0.15    0.00    1.01 ^ _415_/S0 (sky130_fd_sc_hd__mux4_1)
     1    0.01    0.07    0.31    1.32 v _415_/X (sky130_fd_sc_hd__mux4_1)
                                         _156_ (net)
                  0.07    0.00    1.32 v _416_/A (sky130_fd_sc_hd__clkbuf_1)
     1    0.01    0.04    0.10    1.42 v _416_/X (sky130_fd_sc_hd__clkbuf_1)
                                         net38 (net)
                  0.04    0.00    1.42 v output38/A (sky130_fd_sc_hd__clkbuf_4)
     1    0.04    0.06    0.14    1.55 v output38/X (sky130_fd_sc_hd__clkbuf_4)
                                         F_Data[10] (net)
                  0.06    0.00    1.56 v F_Data[10] (out)
                                  1.56   data arrival time

                         10.00   10.00   clock Clk (rise edge)
                          0.00   10.00   clock network delay (propagated)
                         -0.25    9.75   clock uncertainty
                          0.00    9.75   clock reconvergence pessimism
                         -2.00    7.75   output external delay
                                  7.75   data required time
-----------------------------------------------------------------------------
                                  7.75   data required time
                                 -1.56   data arrival time
-----------------------------------------------------------------------------
                                  6.19   slack (MET)



======================= Slowest Corner ===================================

Startpoint: RstN (input port clocked by Clk)
Endpoint: _941_ (recovery check against rising-edge clock Clk)
Path Group: asynchronous
Path Type: max
Corner: Slowest

Fanout     Cap    Slew   Delay    Time   Description
-----------------------------------------------------------------------------
                          0.00    0.00   clock Clk (rise edge)
                          0.00    0.00   clock network delay (propagated)
                          2.00    2.00 ^ input external delay
     1    0.00    0.04    0.02    2.02 ^ RstN (in)
                                         RstN (net)
                  0.04    0.00    2.02 ^ input36/A (sky130_fd_sc_hd__buf_1)
     2    0.01    0.29    0.30    2.32 ^ input36/X (sky130_fd_sc_hd__buf_1)
                                         net36 (net)
                  0.29    0.00    2.32 ^ fanout75/A (sky130_fd_sc_hd__clkbuf_2)
     6    0.03    0.25    0.43    2.76 ^ fanout75/X (sky130_fd_sc_hd__clkbuf_2)
                                         net75 (net)
                  0.25    0.00    2.76 ^ fanout74/A (sky130_fd_sc_hd__clkbuf_2)
     6    0.02    0.21    0.39    3.15 ^ fanout74/X (sky130_fd_sc_hd__clkbuf_2)
                                         net74 (net)
                  0.21    0.00    3.15 ^ _941_/SET_B (sky130_fd_sc_hd__dfstp_1)
                                  3.15   data arrival time

                         10.00   10.00   clock Clk (rise edge)
                          0.00   10.00   clock source latency
     1    0.02    0.18    0.12   10.12 ^ Clk (in)
                                         Clk (net)
                  0.18    0.00   10.12 ^ clkbuf_0_Clk/A (sky130_fd_sc_hd__clkbuf_16)
    16    0.12    0.20    0.36   10.48 ^ clkbuf_0_Clk/X (sky130_fd_sc_hd__clkbuf_16)
                                         clknet_0_Clk (net)
                  0.20    0.00   10.48 ^ clkbuf_4_2_0_Clk/A (sky130_fd_sc_hd__clkbuf_8)
    10    0.03    0.11    0.31   10.79 ^ clkbuf_4_2_0_Clk/X (sky130_fd_sc_hd__clkbuf_8)
                                         clknet_4_2_0_Clk (net)
                  0.11    0.00   10.79 ^ _941_/CLK (sky130_fd_sc_hd__dfstp_1)
                         -0.25   10.54   clock uncertainty
                          0.00   10.54   clock reconvergence pessimism
                          0.26   10.80   library recovery time
                                 10.80   data required time
-----------------------------------------------------------------------------
                                 10.80   data required time
                                 -3.15   data arrival time
-----------------------------------------------------------------------------
                                  7.65   slack (MET)


Startpoint: _948_ (rising edge-triggered flip-flop clocked by Clk)
Endpoint: F_Data[10] (output port clocked by Clk)
Path Group: Clk
Path Type: max
Corner: Slowest

Fanout     Cap    Slew   Delay    Time   Description
-----------------------------------------------------------------------------
                          0.00    0.00   clock Clk (rise edge)
                          0.00    0.00   clock source latency
     1    0.02    0.18    0.13    0.13 ^ Clk (in)
                                         Clk (net)
                  0.18    0.00    0.13 ^ clkbuf_0_Clk/A (sky130_fd_sc_hd__clkbuf_16)
    16    0.12    0.20    0.40    0.53 ^ clkbuf_0_Clk/X (sky130_fd_sc_hd__clkbuf_16)
                                         clknet_0_Clk (net)
                  0.20    0.00    0.53 ^ clkbuf_4_2_0_Clk/A (sky130_fd_sc_hd__clkbuf_8)
    10    0.03    0.11    0.34    0.87 ^ clkbuf_4_2_0_Clk/X (sky130_fd_sc_hd__clkbuf_8)
                                         clknet_4_2_0_Clk (net)
                  0.11    0.00    0.87 ^ _948_/CLK (sky130_fd_sc_hd__dfrtp_1)
     4    0.02    0.26    0.85    1.73 ^ _948_/Q (sky130_fd_sc_hd__dfrtp_1)
                                         memblk.rd_addr[0] (net)
                  0.26    0.00    1.73 ^ _389_/A (sky130_fd_sc_hd__clkbuf_2)
     6    0.03    0.28    0.45    2.18 ^ _389_/X (sky130_fd_sc_hd__clkbuf_2)
                                         _140_ (net)
                  0.28    0.00    2.18 ^ _403_/A (sky130_fd_sc_hd__buf_2)
     6    0.04    0.30    0.48    2.66 ^ _403_/X (sky130_fd_sc_hd__buf_2)
                                         _149_ (net)
                  0.30    0.00    2.66 ^ _415_/S0 (sky130_fd_sc_hd__mux4_1)
     1    0.01    0.19    1.42    4.08 v _415_/X (sky130_fd_sc_hd__mux4_1)
                                         _156_ (net)
                  0.19    0.00    4.08 v _416_/A (sky130_fd_sc_hd__clkbuf_1)
     1    0.01    0.11    0.28    4.36 v _416_/X (sky130_fd_sc_hd__clkbuf_1)
                                         net38 (net)
                  0.11    0.00    4.36 v output38/A (sky130_fd_sc_hd__clkbuf_4)
     1    0.04    0.15    0.37    4.73 v output38/X (sky130_fd_sc_hd__clkbuf_4)
                                         F_Data[10] (net)
                  0.15    0.00    4.73 v F_Data[10] (out)
                                  4.73   data arrival time

                         10.00   10.00   clock Clk (rise edge)
                          0.00   10.00   clock network delay (propagated)
                         -0.25    9.75   clock uncertainty
                          0.00    9.75   clock reconvergence pessimism
                         -2.00    7.75   output external delay
                                  7.75   data required time
-----------------------------------------------------------------------------
                                  7.75   data required time
                                 -4.73   data arrival time
-----------------------------------------------------------------------------
                                  3.02   slack (MET)



======================= Typical Corner ===================================

Startpoint: RstN (input port clocked by Clk)
Endpoint: _941_ (recovery check against rising-edge clock Clk)
Path Group: asynchronous
Path Type: max
Corner: Typical

Fanout     Cap    Slew   Delay    Time   Description
-----------------------------------------------------------------------------
                          0.00    0.00   clock Clk (rise edge)
                          0.00    0.00   clock network delay (propagated)
                          2.00    2.00 ^ input external delay
     1    0.00    0.02    0.01    2.01 ^ RstN (in)
                                         RstN (net)
                  0.02    0.00    2.01 ^ input36/A (sky130_fd_sc_hd__buf_1)
     2    0.02    0.18    0.18    2.19 ^ input36/X (sky130_fd_sc_hd__buf_1)
                                         net36 (net)
                  0.18    0.00    2.19 ^ fanout75/A (sky130_fd_sc_hd__clkbuf_2)
     6    0.03    0.17    0.25    2.44 ^ fanout75/X (sky130_fd_sc_hd__clkbuf_2)
                                         net75 (net)
                  0.17    0.00    2.44 ^ fanout74/A (sky130_fd_sc_hd__clkbuf_2)
     6    0.03    0.15    0.23    2.67 ^ fanout74/X (sky130_fd_sc_hd__clkbuf_2)
                                         net74 (net)
                  0.15    0.00    2.67 ^ _941_/SET_B (sky130_fd_sc_hd__dfstp_1)
                                  2.67   data arrival time

                         10.00   10.00   clock Clk (rise edge)
                          0.00   10.00   clock source latency
     1    0.02    0.11    0.07   10.07 ^ Clk (in)
                                         Clk (net)
                  0.11    0.00   10.07 ^ clkbuf_0_Clk/A (sky130_fd_sc_hd__clkbuf_16)
    16    0.12    0.13    0.21   10.29 ^ clkbuf_0_Clk/X (sky130_fd_sc_hd__clkbuf_16)
                                         clknet_0_Clk (net)
                  0.13    0.00   10.29 ^ clkbuf_4_2_0_Clk/A (sky130_fd_sc_hd__clkbuf_8)
    10    0.03    0.07    0.17   10.46 ^ clkbuf_4_2_0_Clk/X (sky130_fd_sc_hd__clkbuf_8)
                                         clknet_4_2_0_Clk (net)
                  0.07    0.00   10.46 ^ _941_/CLK (sky130_fd_sc_hd__dfstp_1)
                         -0.25   10.21   clock uncertainty
                          0.00   10.21   clock reconvergence pessimism
                          0.13   10.35   library recovery time
                                 10.35   data required time
-----------------------------------------------------------------------------
                                 10.35   data required time
                                 -2.67   data arrival time
-----------------------------------------------------------------------------
                                  7.68   slack (MET)


Startpoint: _948_ (rising edge-triggered flip-flop clocked by Clk)
Endpoint: F_Data[10] (output port clocked by Clk)
Path Group: Clk
Path Type: max
Corner: Typical

Fanout     Cap    Slew   Delay    Time   Description
-----------------------------------------------------------------------------
                          0.00    0.00   clock Clk (rise edge)
                          0.00    0.00   clock source latency
     1    0.02    0.11    0.08    0.08 ^ Clk (in)
                                         Clk (net)
                  0.11    0.00    0.08 ^ clkbuf_0_Clk/A (sky130_fd_sc_hd__clkbuf_16)
    16    0.12    0.13    0.23    0.32 ^ clkbuf_0_Clk/X (sky130_fd_sc_hd__clkbuf_16)
                                         clknet_0_Clk (net)
                  0.13    0.00    0.32 ^ clkbuf_4_2_0_Clk/A (sky130_fd_sc_hd__clkbuf_8)
    10    0.03    0.07    0.19    0.51 ^ clkbuf_4_2_0_Clk/X (sky130_fd_sc_hd__clkbuf_8)
                                         clknet_4_2_0_Clk (net)
                  0.07    0.00    0.51 ^ _948_/CLK (sky130_fd_sc_hd__dfrtp_1)
     4    0.02    0.17    0.44    0.95 ^ _948_/Q (sky130_fd_sc_hd__dfrtp_1)
                                         memblk.rd_addr[0] (net)
                  0.17    0.00    0.95 ^ _389_/A (sky130_fd_sc_hd__clkbuf_2)
     6    0.03    0.19    0.26    1.21 ^ _389_/X (sky130_fd_sc_hd__clkbuf_2)
                                         _140_ (net)
                  0.19    0.00    1.21 ^ _403_/A (sky130_fd_sc_hd__buf_2)
     6    0.04    0.19    0.27    1.48 ^ _403_/X (sky130_fd_sc_hd__buf_2)
                                         _149_ (net)
                  0.19    0.00    1.48 ^ _415_/S0 (sky130_fd_sc_hd__mux4_1)
     1    0.01    0.10    0.62    2.11 v _415_/X (sky130_fd_sc_hd__mux4_1)
                                         _156_ (net)
                  0.10    0.00    2.11 v _416_/A (sky130_fd_sc_hd__clkbuf_1)
     1    0.01    0.06    0.15    2.25 v _416_/X (sky130_fd_sc_hd__clkbuf_1)
                                         net38 (net)
                  0.06    0.00    2.25 v output38/A (sky130_fd_sc_hd__clkbuf_4)
     1    0.04    0.08    0.20    2.45 v output38/X (sky130_fd_sc_hd__clkbuf_4)
                                         F_Data[10] (net)
                  0.08    0.00    2.45 v F_Data[10] (out)
                                  2.45   data arrival time

                         10.00   10.00   clock Clk (rise edge)
                          0.00   10.00   clock network delay (propagated)
                         -0.25    9.75   clock uncertainty
                          0.00    9.75   clock reconvergence pessimism
                         -2.00    7.75   output external delay
                                  7.75   data required time
-----------------------------------------------------------------------------
                                  7.75   data required time
                                 -2.45   data arrival time
-----------------------------------------------------------------------------
                                  5.30   slack (MET)




===========================================================================
report_checks --slack_max -0.01
============================================================================
======================= Fastest Corner ===================================

No paths found.

======================= Slowest Corner ===================================

No paths found.

======================= Typical Corner ===================================

No paths found.


===========================================================================
 report_check_types -max_slew -max_cap -max_fanout -violators
============================================================================
======================= Fastest Corner ===================================

max fanout

Pin                                   Limit Fanout  Slack
---------------------------------------------------------
clkbuf_0_Clk/X                            6     16    -10 (VIOLATED)
clkbuf_4_13_0_Clk/X                       6     12     -6 (VIOLATED)
clkbuf_4_0_0_Clk/X                        6     11     -5 (VIOLATED)
clkbuf_4_10_0_Clk/X                       6     11     -5 (VIOLATED)
clkbuf_4_9_0_Clk/X                        6     11     -5 (VIOLATED)
clkbuf_4_1_0_Clk/X                        6     10     -4 (VIOLATED)
clkbuf_4_2_0_Clk/X                        6     10     -4 (VIOLATED)
clkbuf_4_4_0_Clk/X                        6     10     -4 (VIOLATED)
clkbuf_4_6_0_Clk/X                        6     10     -4 (VIOLATED)
clkbuf_4_11_0_Clk/X                       6      9     -3 (VIOLATED)
clkbuf_4_12_0_Clk/X                       6      9     -3 (VIOLATED)
clkbuf_4_14_0_Clk/X                       6      9     -3 (VIOLATED)
clkbuf_4_3_0_Clk/X                        6      9     -3 (VIOLATED)
clkbuf_4_5_0_Clk/X                        6      9     -3 (VIOLATED)
clkbuf_4_7_0_Clk/X                        6      9     -3 (VIOLATED)
clkbuf_4_8_0_Clk/X                        6      9     -3 (VIOLATED)
clkbuf_4_15_0_Clk/X                       6      7        (VIOLATED)


max slew violations count Fastest: 0
max fanout violations count Fastest: 17
max cap violations count Fastest: 0
======================= Slowest Corner ===================================

max fanout

Pin                                   Limit Fanout  Slack
---------------------------------------------------------
clkbuf_0_Clk/X                            6     16    -10 (VIOLATED)
clkbuf_4_13_0_Clk/X                       6     12     -6 (VIOLATED)
clkbuf_4_0_0_Clk/X                        6     11     -5 (VIOLATED)
clkbuf_4_10_0_Clk/X                       6     11     -5 (VIOLATED)
clkbuf_4_9_0_Clk/X                        6     11     -5 (VIOLATED)
clkbuf_4_1_0_Clk/X                        6     10     -4 (VIOLATED)
clkbuf_4_2_0_Clk/X                        6     10     -4 (VIOLATED)
clkbuf_4_4_0_Clk/X                        6     10     -4 (VIOLATED)
clkbuf_4_6_0_Clk/X                        6     10     -4 (VIOLATED)
clkbuf_4_11_0_Clk/X                       6      9     -3 (VIOLATED)
clkbuf_4_12_0_Clk/X                       6      9     -3 (VIOLATED)
clkbuf_4_14_0_Clk/X                       6      9     -3 (VIOLATED)
clkbuf_4_3_0_Clk/X                        6      9     -3 (VIOLATED)
clkbuf_4_5_0_Clk/X                        6      9     -3 (VIOLATED)
clkbuf_4_7_0_Clk/X                        6      9     -3 (VIOLATED)
clkbuf_4_8_0_Clk/X                        6      9     -3 (VIOLATED)
clkbuf_4_15_0_Clk/X                       6      7        (VIOLATED)


max slew violations count Slowest: 0
max fanout violations count Slowest: 17
max cap violations count Slowest: 0
======================= Typical Corner ===================================

max fanout

Pin                                   Limit Fanout  Slack
---------------------------------------------------------
clkbuf_0_Clk/X                            6     16    -10 (VIOLATED)
clkbuf_4_13_0_Clk/X                       6     12     -6 (VIOLATED)
clkbuf_4_0_0_Clk/X                        6     11     -5 (VIOLATED)
clkbuf_4_10_0_Clk/X                       6     11     -5 (VIOLATED)
clkbuf_4_9_0_Clk/X                        6     11     -5 (VIOLATED)
clkbuf_4_1_0_Clk/X                        6     10     -4 (VIOLATED)
clkbuf_4_2_0_Clk/X                        6     10     -4 (VIOLATED)
clkbuf_4_4_0_Clk/X                        6     10     -4 (VIOLATED)
clkbuf_4_6_0_Clk/X                        6     10     -4 (VIOLATED)
clkbuf_4_11_0_Clk/X                       6      9     -3 (VIOLATED)
clkbuf_4_12_0_Clk/X                       6      9     -3 (VIOLATED)
clkbuf_4_14_0_Clk/X                       6      9     -3 (VIOLATED)
clkbuf_4_3_0_Clk/X                        6      9     -3 (VIOLATED)
clkbuf_4_5_0_Clk/X                        6      9     -3 (VIOLATED)
clkbuf_4_7_0_Clk/X                        6      9     -3 (VIOLATED)
clkbuf_4_8_0_Clk/X                        6      9     -3 (VIOLATED)
clkbuf_4_15_0_Clk/X                       6      7        (VIOLATED)


max slew violations count Typical: 0
max fanout violations count Typical: 17
max cap violations count Typical: 0

===========================================================================
report_parasitic_annotation -report_unannotated
============================================================================
Found 15 unannotated drivers.
 clkload0/Y
 clkload1/Y
 clkload10/Y
 clkload11/Y
 clkload12/X
 clkload13/Y
 clkload14/Y
 clkload2/Y
 clkload3/Y
 clkload4/Y
 clkload5/Y
 clkload6/Y
 clkload7/Y
 clkload8/X
 clkload9/X
Found 0 partially unannotated drivers.

===========================================================================
max slew violation count 0
max fanout violation count 17
max cap violation count 0
============================================================================

===========================================================================
check_setup -verbose -unconstrained_endpoints -multiple_clock -no_clock -no_input_delay -loops -generated_clocks
===========================================================================
