
63. Printing statistics.

=== FIFO_Model ===

   Number of wires:                536
   Number of wire bits:            598
   Number of public wires:         147
   Number of public wire bits:     209
   Number of memories:               0
   Number of memory bits:            0
   Number of processes:              0
   Number of cells:                561
     sky130_fd_sc_hd__a211o_4        1
     sky130_fd_sc_hd__a21oi_2        2
     sky130_fd_sc_hd__a31o_2         2
     sky130_fd_sc_hd__and2_2         2
     sky130_fd_sc_hd__and2b_2        1
     sky130_fd_sc_hd__and3_2         3
     sky130_fd_sc_hd__and3b_2        5
     sky130_fd_sc_hd__and4b_2        1
     sky130_fd_sc_hd__and4bb_2       1
     sky130_fd_sc_hd__buf_1        115
     sky130_fd_sc_hd__buf_2         93
     sky130_fd_sc_hd__buf_6          2
     sky130_fd_sc_hd__bufinv_8       1
     sky130_fd_sc_hd__dfrtp_2        8
     sky130_fd_sc_hd__dfstp_2        4
     sky130_fd_sc_hd__dfxtp_2      128
     sky130_fd_sc_hd__inv_2          3
     sky130_fd_sc_hd__mux2_2       132
     sky130_fd_sc_hd__mux4_2        32
     sky130_fd_sc_hd__nand2_2        1
     sky130_fd_sc_hd__nand2b_2       1
     sky130_fd_sc_hd__nand4bb_2      1
     sky130_fd_sc_hd__nor2_2         5
     sky130_fd_sc_hd__o211a_2        2
     sky130_fd_sc_hd__o21ai_2        2
     sky130_fd_sc_hd__or2_2          3
     sky130_fd_sc_hd__or2_4          1
     sky130_fd_sc_hd__or2b_2         1
     sky130_fd_sc_hd__or3_4          2
     sky130_fd_sc_hd__or3b_2         1
     sky130_fd_sc_hd__or3b_4         1
     sky130_fd_sc_hd__or4_4          1
     sky130_fd_sc_hd__or4b_2         1
     sky130_fd_sc_hd__or4b_4         1
     sky130_fd_sc_hd__xor2_2         1

   Chip area for module '\FIFO_Model': 6596.326400

