
===========================================================================
report_checks -unconstrained
===========================================================================
======================= Typical Corner ===================================

Startpoint: RstN (input port clocked by Clk)
Endpoint: _940_ (recovery check against rising-edge clock Clk)
Path Group: asynchronous
Path Type: max

Fanout     Cap    Slew   Delay    Time   Description
-----------------------------------------------------------------------------
                  0.15    0.00    0.00   clock Clk (rise edge)
                          0.00    0.00   clock network delay (ideal)
                          2.00    2.00 ^ input external delay
    12    0.04    0.20    0.14    2.14 ^ RstN (in)
                                         RstN (net)
                  0.20    0.00    2.14 ^ _940_/SET_B (sky130_fd_sc_hd__dfstp_2)
                                  2.14   data arrival time

                  0.15   10.00   10.00   clock Clk (rise edge)
                          0.00   10.00   clock network delay (ideal)
                         -0.25    9.75   clock uncertainty
                          0.00    9.75   clock reconvergence pessimism
                                  9.75 ^ _940_/CLK (sky130_fd_sc_hd__dfstp_2)
                          0.15    9.90   library recovery time
                                  9.90   data required time
-----------------------------------------------------------------------------
                                  9.90   data required time
                                 -2.14   data arrival time
-----------------------------------------------------------------------------
                                  7.76   slack (MET)


Startpoint: _948_ (rising edge-triggered flip-flop clocked by Clk)
Endpoint: F_Data[10] (output port clocked by Clk)
Path Group: Clk
Path Type: max

Fanout     Cap    Slew   Delay    Time   Description
-----------------------------------------------------------------------------
                  0.15    0.00    0.00   clock Clk (rise edge)
                          0.00    0.00   clock network delay (ideal)
                  0.15    0.00    0.00 ^ _948_/CLK (sky130_fd_sc_hd__dfrtp_2)
     4    0.01    0.06    0.41    0.41 ^ _948_/Q (sky130_fd_sc_hd__dfrtp_2)
                                         memblk.rd_addr[0] (net)
                  0.06    0.00    0.41 ^ _389_/A (sky130_fd_sc_hd__buf_2)
     6    0.02    0.12    0.17    0.58 ^ _389_/X (sky130_fd_sc_hd__buf_2)
                                         _140_ (net)
                  0.12    0.00    0.58 ^ _403_/A (sky130_fd_sc_hd__buf_2)
     6    0.03    0.17    0.24    0.82 ^ _403_/X (sky130_fd_sc_hd__buf_2)
                                         _149_ (net)
                  0.17    0.00    0.82 ^ _415_/S0 (sky130_fd_sc_hd__mux4_2)
     1    0.00    0.08    0.53    1.35 v _415_/X (sky130_fd_sc_hd__mux4_2)
                                         _156_ (net)
                  0.08    0.00    1.35 v _416_/A (sky130_fd_sc_hd__buf_1)
     1    0.03    0.19    0.24    1.60 v _416_/X (sky130_fd_sc_hd__buf_1)
                                         F_Data[10] (net)
                  0.19    0.00    1.60 v F_Data[10] (out)
                                  1.60   data arrival time

                  0.15   10.00   10.00   clock Clk (rise edge)
                          0.00   10.00   clock network delay (ideal)
                         -0.25    9.75   clock uncertainty
                          0.00    9.75   clock reconvergence pessimism
                         -2.00    7.75   output external delay
                                  7.75   data required time
-----------------------------------------------------------------------------
                                  7.75   data required time
                                 -1.60   data arrival time
-----------------------------------------------------------------------------
                                  6.15   slack (MET)




===========================================================================
report_checks --slack_max -0.01
============================================================================
======================= Typical Corner ===================================

No paths found.


===========================================================================
 report_check_types -max_slew -max_cap -max_fanout -violators
============================================================================
======================= Typical Corner ===================================

max fanout

Pin                                   Limit Fanout  Slack
---------------------------------------------------------
RstN                                      6     12     -6 (VIOLATED)


max slew violations count Typical: 0
max fanout violations count Typical: 1
max cap violations count Typical: 0

===========================================================================
report_parasitic_annotation -report_unannotated
============================================================================
Found 598 unannotated drivers.
 Clk
 Data_In[0]
 Data_In[10]
 Data_In[11]
 Data_In[12]
 Data_In[13]
 Data_In[14]
 Data_In[15]
 Data_In[16]
 Data_In[17]
 Data_In[18]
 Data_In[19]
 Data_In[1]
 Data_In[20]
 Data_In[21]
 Data_In[22]
 Data_In[23]
 Data_In[24]
 Data_In[25]
 Data_In[26]
 Data_In[27]
 Data_In[28]
 Data_In[29]
 Data_In[2]
 Data_In[30]
 Data_In[31]
 Data_In[3]
 Data_In[4]
 Data_In[5]
 Data_In[6]
 Data_In[7]
 Data_In[8]
 Data_In[9]
 FClrN
 FInN
 FOutN
 RstN
 _389_/X
 _390_/X
 _391_/X
 _392_/X
 _393_/X
 _394_/X
 _395_/X
 _396_/X
 _397_/X
 _398_/X
 _399_/X
 _400_/X
 _401_/X
 _402_/X
 _403_/X
 _404_/X
 _405_/X
 _406_/X
 _407_/X
 _408_/X
 _409_/X
 _410_/X
 _411_/X
 _412_/X
 _413_/X
 _414_/X
 _415_/X
 _416_/X
 _417_/X
 _418_/X
 _419_/X
 _420_/X
 _421_/X
 _422_/X
 _423_/X
 _424_/X
 _425_/X
 _426_/X
 _427_/X
 _428_/X
 _429_/X
 _430_/X
 _431_/X
 _432_/X
 _433_/X
 _434_/X
 _435_/X
 _436_/X
 _437_/X
 _438_/X
 _439_/X
 _440_/X
 _441_/X
 _442_/X
 _443_/X
 _444_/X
 _445_/X
 _446_/X
 _447_/X
 _448_/X
 _449_/X
 _450_/X
 _451_/X
 _452_/X
 _453_/X
 _454_/X
 _455_/X
 _456_/X
 _457_/X
 _458_/X
 _459_/X
 _460_/X
 _461_/X
 _462_/X
 _463_/X
 _464_/X
 _465_/X
 _466_/X
 _467_/X
 _468_/X
 _469_/X
 _470_/X
 _471_/X
 _472_/X
 _473_/X
 _474_/X
 _475_/X
 _476_/X
 _477_/X
 _478_/X
 _479_/X
 _480_/X
 _481_/X
 _482_/X
 _483_/X
 _484_/X
 _485_/X
 _486_/X
 _487_/X
 _488_/X
 _489_/X
 _490_/X
 _491_/X
 _492_/X
 _493_/X
 _494_/X
 _495_/X
 _496_/X
 _497_/X
 _498_/X
 _499_/X
 _500_/X
 _501_/X
 _502_/X
 _503_/X
 _504_/X
 _505_/X
 _506_/X
 _507_/X
 _508_/X
 _509_/X
 _510_/X
 _511_/X
 _512_/X
 _513_/X
 _514_/X
 _515_/X
 _516_/X
 _517_/X
 _518_/X
 _519_/X
 _520_/X
 _521_/X
 _522_/X
 _523_/X
 _524_/X
 _525_/X
 _526_/X
 _527_/X
 _528_/X
 _529_/X
 _530_/X
 _531_/X
 _532_/X
 _533_/X
 _534_/X
 _535_/X
 _536_/X
 _537_/Y
 _538_/Y
 _539_/X
 _540_/X
 _541_/X
 _542_/X
 _543_/X
 _544_/X
 _545_/Y
 _546_/Y
 _547_/Y
 _548_/X
 _549_/X
 _550_/X
 _551_/X
 _552_/X
 _553_/X
 _554_/X
 _555_/X
 _556_/X
 _557_/X
 _558_/X
 _559_/X
 _560_/X
 _561_/X
 _562_/X
 _563_/X
 _564_/X
 _565_/X
 _566_/X
 _567_/X
 _568_/X
 _569_/X
 _570_/X
 _571_/X
 _572_/X
 _573_/X
 _574_/X
 _575_/X
 _576_/X
 _577_/X
 _578_/X
 _579_/X
 _580_/X
 _581_/X
 _582_/X
 _583_/X
 _584_/X
 _585_/X
 _586_/X
 _587_/X
 _588_/X
 _589_/X
 _590_/X
 _591_/X
 _592_/X
 _593_/X
 _594_/X
 _595_/X
 _596_/X
 _597_/X
 _598_/X
 _599_/X
 _600_/X
 _601_/X
 _602_/X
 _603_/X
 _604_/X
 _605_/X
 _606_/X
 _607_/X
 _608_/X
 _609_/X
 _610_/X
 _611_/X
 _612_/X
 _613_/X
 _614_/X
 _615_/X
 _616_/X
 _617_/X
 _618_/X
 _619_/X
 _620_/X
 _621_/X
 _622_/X
 _623_/X
 _624_/X
 _625_/X
 _626_/X
 _627_/X
 _628_/X
 _629_/X
 _630_/X
 _631_/X
 _632_/X
 _633_/X
 _634_/X
 _635_/X
 _636_/X
 _637_/X
 _638_/X
 _639_/X
 _640_/X
 _641_/X
 _642_/X
 _643_/X
 _644_/X
 _645_/X
 _646_/X
 _647_/X
 _648_/X
 _649_/X
 _650_/X
 _651_/X
 _652_/X
 _653_/X
 _654_/X
 _655_/X
 _656_/X
 _657_/X
 _658_/X
 _659_/X
 _660_/X
 _661_/X
 _662_/X
 _663_/X
 _664_/X
 _665_/X
 _666_/X
 _667_/X
 _668_/X
 _669_/X
 _670_/X
 _671_/X
 _672_/X
 _673_/X
 _674_/X
 _675_/X
 _676_/X
 _677_/X
 _678_/X
 _679_/X
 _680_/X
 _681_/X
 _682_/X
 _683_/X
 _684_/X
 _685_/X
 _686_/X
 _687_/X
 _688_/X
 _689_/X
 _690_/X
 _691_/X
 _692_/X
 _693_/X
 _694_/X
 _695_/X
 _696_/X
 _697_/X
 _698_/X
 _699_/X
 _700_/X
 _701_/X
 _702_/X
 _703_/X
 _704_/X
 _705_/X
 _706_/X
 _707_/X
 _708_/X
 _709_/X
 _710_/X
 _711_/X
 _712_/X
 _713_/X
 _714_/X
 _715_/X
 _716_/X
 _717_/X
 _718_/X
 _719_/X
 _720_/X
 _721_/X
 _722_/X
 _723_/X
 _724_/X
 _725_/X
 _726_/X
 _727_/X
 _728_/X
 _729_/X
 _730_/X
 _731_/X
 _732_/X
 _733_/X
 _734_/X
 _735_/X
 _736_/X
 _737_/X
 _738_/X
 _739_/X
 _740_/X
 _741_/X
 _742_/X
 _743_/X
 _744_/X
 _745_/X
 _746_/X
 _747_/X
 _748_/X
 _749_/X
 _750_/X
 _751_/X
 _752_/X
 _753_/X
 _754_/X
 _755_/X
 _756_/X
 _757_/X
 _758_/Y
 _759_/X
 _760_/X
 _761_/Y
 _762_/X
 _763_/X
 _764_/X
 _765_/Y
 _766_/X
 _767_/X
 _768_/X
 _769_/X
 _770_/X
 _771_/X
 _772_/X
 _773_/X
 _774_/X
 _775_/X
 _776_/Y
 _777_/Y
 _778_/X
 _779_/Y
 _780_/X
 _781_/Y
 _782_/Y
 _783_/X
 _784_/X
 _785_/X
 _786_/Y
 _787_/X
 _788_/X
 _789_/X
 _790_/X
 _791_/X
 _792_/X
 _793_/X
 _794_/X
 _795_/Y
 _796_/X
 _797_/X
 _798_/X
 _799_/X
 _800_/X
 _801_/X
 _802_/X
 _803_/X
 _804_/X
 _805_/X
 _806_/X
 _807_/X
 _808_/X
 _809_/Y
 _810_/Q
 _811_/Q
 _812_/Q
 _813_/Q
 _814_/Q
 _815_/Q
 _816_/Q
 _817_/Q
 _818_/Q
 _819_/Q
 _820_/Q
 _821_/Q
 _822_/Q
 _823_/Q
 _824_/Q
 _825_/Q
 _826_/Q
 _827_/Q
 _828_/Q
 _829_/Q
 _830_/Q
 _831_/Q
 _832_/Q
 _833_/Q
 _834_/Q
 _835_/Q
 _836_/Q
 _837_/Q
 _838_/Q
 _839_/Q
 _840_/Q
 _841_/Q
 _842_/Q
 _843_/Q
 _844_/Q
 _845_/Q
 _846_/Q
 _847_/Q
 _848_/Q
 _849_/Q
 _850_/Q
 _851_/Q
 _852_/Q
 _853_/Q
 _854_/Q
 _855_/Q
 _856_/Q
 _857_/Q
 _858_/Q
 _859_/Q
 _860_/Q
 _861_/Q
 _862_/Q
 _863_/Q
 _864_/Q
 _865_/Q
 _866_/Q
 _867_/Q
 _868_/Q
 _869_/Q
 _870_/Q
 _871_/Q
 _872_/Q
 _873_/Q
 _874_/Q
 _875_/Q
 _876_/Q
 _877_/Q
 _878_/Q
 _879_/Q
 _880_/Q
 _881_/Q
 _882_/Q
 _883_/Q
 _884_/Q
 _885_/Q
 _886_/Q
 _887_/Q
 _888_/Q
 _889_/Q
 _890_/Q
 _891_/Q
 _892_/Q
 _893_/Q
 _894_/Q
 _895_/Q
 _896_/Q
 _897_/Q
 _898_/Q
 _899_/Q
 _900_/Q
 _901_/Q
 _902_/Q
 _903_/Q
 _904_/Q
 _905_/Q
 _906_/Q
 _907_/Q
 _908_/Q
 _909_/Q
 _910_/Q
 _911_/Q
 _912_/Q
 _913_/Q
 _914_/Q
 _915_/Q
 _916_/Q
 _917_/Q
 _918_/Q
 _919_/Q
 _920_/Q
 _921_/Q
 _922_/Q
 _923_/Q
 _924_/Q
 _925_/Q
 _926_/Q
 _927_/Q
 _928_/Q
 _929_/Q
 _930_/Q
 _931_/Q
 _932_/Q
 _933_/Q
 _934_/Q
 _935_/Q
 _936_/Q
 _937_/Q
 _938_/Q
 _939_/Q
 _940_/Q
 _941_/Q
 _942_/Q
 _943_/Q
 _944_/Q
 _945_/Q
 _946_/Q
 _947_/Q
 _948_/Q
 _949_/Q
Found 0 partially unannotated drivers.

===========================================================================
max slew violation count 0
max fanout violation count 1
max cap violation count 0
============================================================================

===========================================================================
check_setup -verbose -unconstrained_endpoints -multiple_clock -no_clock -no_input_delay -loops -generated_clocks
===========================================================================
