Instance,Terminal,Layer,X location,Y location,Voltage
FILLER_0_41_245,VGND,li1,118.4500,125.1200,0.000002
FILLER_0_41_237,VGND,li1,116.3800,125.1200,0.000003
FILLER_0_41_225,VGND,li1,111.7800,125.1200,0.000004
FILLER_0_41_223,VGND,li1,108.3300,125.1200,0.000005
FILLER_0_41_215,VGND,li1,106.2600,125.1200,0.000005
FILLER_0_41_205,VGND,li1,100.0500,125.1200,0.000009
FILLER_0_41_183,VGND,li1,90.1600,125.1200,0.000009
FILLER_0_41_175,VGND,li1,87.8600,125.1200,0.000011
FILLER_0_41_167,VGND,li1,82.5700,125.1200,0.000014
FILLER_0_41_163,VGND,li1,81.4200,125.1200,0.000014
FILLER_0_41_156,VGND,li1,77.5100,125.1200,0.000014
FILLER_0_41_149,VGND,li1,74.2900,125.1200,0.000013
FILLER_0_41_139,VGND,li1,69.6900,125.1200,0.000013
FILLER_0_41_135,VGND,li1,67.8500,125.1200,0.000013
FILLER_0_41_127,VGND,li1,64.4000,125.1200,0.000013
FILLER_0_41_108,VGND,li1,56.1200,125.1200,0.000011
FILLER_0_41_98,VGND,li1,50.8300,125.1200,0.000011
FILLER_0_41_85,VGND,li1,45.0800,125.1200,0.000011
FILLER_0_41_72,VGND,li1,39.3300,125.1200,0.000013
FILLER_0_41_65,VGND,li1,35.6500,125.1200,0.000013
FILLER_0_41_37,VGND,li1,23.0000,125.1200,0.000009
FILLER_0_41_29,VGND,li1,20.7000,125.1200,0.000007
FILLER_0_41_27,VGND,li1,18.1700,125.1200,0.000006
FILLER_0_41_15,VGND,li1,15.1800,125.1200,0.000005
FILLER_0_41_3,VGND,li1,9.6600,125.1200,0.000005
FILLER_0_40_245,VGND,li1,118.4500,119.6800,0.000004
FILLER_0_40_237,VGND,li1,116.3800,119.6800,0.000005
FILLER_0_40_225,VGND,li1,111.7800,119.6800,0.000007
FILLER_0_40_213,VGND,li1,106.2600,119.6800,0.000009
FILLER_0_40_183,VGND,li1,90.6200,119.6800,0.000014
FILLER_0_40_141,VGND,li1,70.6100,119.6800,0.000021
FILLER_0_40_129,VGND,li1,65.3200,119.6800,0.000024
FILLER_0_40_124,VGND,li1,63.0200,119.6800,0.000022
FILLER_0_40_94,VGND,li1,49.2200,119.6800,0.000021
FILLER_0_40_76,VGND,li1,40.9400,119.6800,0.000023
FILLER_0_40_68,VGND,li1,38.6400,119.6800,0.000024
FILLER_0_40_45,VGND,li1,26.4500,119.6800,0.000022
FILLER_0_40_27,VGND,li1,18.1700,119.6800,0.000018
FILLER_0_40_15,VGND,li1,15.1800,119.6800,0.000014
FILLER_0_40_3,VGND,li1,9.6600,119.6800,0.000014
FILLER_0_39_245,VGND,li1,118.4500,119.6800,0.000004
FILLER_0_39_237,VGND,li1,116.3800,119.6800,0.000005
FILLER_0_39_225,VGND,li1,111.7800,119.6800,0.000007
FILLER_0_39_172,VGND,li1,85.1000,119.6800,0.000020
FILLER_0_39_137,VGND,li1,69.0000,119.6800,0.000023
FILLER_0_39_73,VGND,li1,39.3300,119.6800,0.000024
FILLER_0_39_42,VGND,li1,25.3000,119.6800,0.000022
FILLER_0_39_15,VGND,li1,14.2600,119.6800,0.000014
FILLER_0_39_3,VGND,li1,9.6600,119.6800,0.000014
FILLER_0_38_245,VGND,li1,118.4500,114.2400,0.000003
FILLER_0_38_237,VGND,li1,116.3800,114.2400,0.000004
FILLER_0_38_225,VGND,li1,111.7800,114.2400,0.000005
FILLER_0_38_213,VGND,li1,106.2600,114.2400,0.000007
FILLER_0_38_195,VGND,li1,95.4500,114.2400,0.000014
FILLER_0_38_166,VGND,li1,82.1100,114.2400,0.000020
FILLER_0_38_136,VGND,li1,69.0000,114.2400,0.000017
FILLER_0_38_118,VGND,li1,60.2600,114.2400,0.000014
FILLER_0_38_94,VGND,li1,49.4500,114.2400,0.000016
FILLER_0_38_81,VGND,li1,43.4700,114.2400,0.000016
FILLER_0_38_76,VGND,li1,40.9400,114.2400,0.000016
FILLER_0_38_33,VGND,li1,21.1600,114.2400,0.000009
FILLER_0_38_29,VGND,li1,19.0900,114.2400,0.000008
FILLER_0_38_27,VGND,li1,18.1700,114.2400,0.000008
FILLER_0_38_15,VGND,li1,15.1800,114.2400,0.000006
FILLER_0_38_3,VGND,li1,9.6600,114.2400,0.000006
FILLER_0_37_245,VGND,li1,118.4500,114.2400,0.000003
FILLER_0_37_237,VGND,li1,116.3800,114.2400,0.000004
FILLER_0_37_225,VGND,li1,111.7800,114.2400,0.000005
FILLER_0_37_220,VGND,li1,107.6400,114.2400,0.000007
FILLER_0_37_208,VGND,li1,103.9600,114.2400,0.000007
FILLER_0_37_196,VGND,li1,98.4400,114.2400,0.000013
FILLER_0_37_189,VGND,li1,93.3800,114.2400,0.000015
FILLER_0_37_177,VGND,li1,87.8600,114.2400,0.000017
FILLER_0_37_169,VGND,li1,83.7200,114.2400,0.000020
FILLER_0_37_139,VGND,li1,70.3800,114.2400,0.000017
FILLER_0_37_129,VGND,li1,65.0900,114.2400,0.000017
FILLER_0_37_125,VGND,li1,63.9400,114.2400,0.000017
FILLER_0_37_113,VGND,li1,60.2600,114.2400,0.000014
FILLER_0_37_111,VGND,li1,56.8100,114.2400,0.000015
FILLER_0_37_98,VGND,li1,51.5200,114.2400,0.000016
FILLER_0_37_66,VGND,li1,37.7200,114.2400,0.000015
FILLER_0_37_54,VGND,li1,30.8200,114.2400,0.000011
FILLER_0_37_33,VGND,li1,20.9300,114.2400,0.000009
FILLER_0_37_27,VGND,li1,19.3200,114.2400,0.000008
FILLER_0_37_15,VGND,li1,15.1800,114.2400,0.000006
FILLER_0_37_3,VGND,li1,9.6600,114.2400,0.000006
FILLER_0_36_234,VGND,li1,115.9200,108.8000,0.000008
FILLER_0_36_222,VGND,li1,110.4000,108.8000,0.000009
FILLER_0_36_210,VGND,li1,104.8800,108.8000,0.000010
FILLER_0_36_201,VGND,li1,98.2100,108.8000,0.000015
FILLER_0_36_197,VGND,li1,97.0600,108.8000,0.000016
FILLER_0_36_187,VGND,li1,91.7700,108.8000,0.000015
FILLER_0_36_183,VGND,li1,90.6200,108.8000,0.000015
FILLER_0_36_171,VGND,li1,86.9400,108.8000,0.000018
FILLER_0_36_157,VGND,li1,79.1200,108.8000,0.000019
FILLER_0_36_137,VGND,li1,69.2300,108.8000,0.000019
FILLER_0_36_129,VGND,li1,66.7000,108.8000,0.000019
FILLER_0_36_117,VGND,li1,60.7200,108.8000,0.000018
FILLER_0_36_105,VGND,li1,56.5800,108.8000,0.000022
FILLER_0_36_83,VGND,li1,43.9300,108.8000,0.000028
FILLER_0_36_75,VGND,li1,41.8600,108.8000,0.000032
FILLER_0_36_56,VGND,li1,31.5100,108.8000,0.000036
FILLER_0_36_29,VGND,li1,19.3200,108.8000,0.000031
FILLER_0_36_27,VGND,li1,18.1700,108.8000,0.000031
FILLER_0_36_15,VGND,li1,15.1800,108.8000,0.000022
FILLER_0_36_3,VGND,li1,9.6600,108.8000,0.000022
FILLER_0_35_241,VGND,li1,116.6100,108.8000,0.000008
FILLER_0_35_237,VGND,li1,115.4600,108.8000,0.000008
FILLER_0_35_225,VGND,li1,111.7800,108.8000,0.000009
FILLER_0_35_223,VGND,li1,108.3300,108.8000,0.000010
FILLER_0_35_212,VGND,li1,103.7300,108.8000,0.000010
FILLER_0_35_186,VGND,li1,91.3100,108.8000,0.000015
FILLER_0_35_169,VGND,li1,83.4900,108.8000,0.000019
FILLER_0_35_167,VGND,li1,82.5700,108.8000,0.000019
FILLER_0_35_149,VGND,li1,74.5200,108.8000,0.000017
FILLER_0_35_130,VGND,li1,65.5500,108.8000,0.000019
FILLER_0_35_95,VGND,li1,49.4500,108.8000,0.000028
FILLER_0_35_91,VGND,li1,48.3000,108.8000,0.000028
FILLER_0_35_74,VGND,li1,39.7900,108.8000,0.000036
FILLER_0_35_55,VGND,li1,31.0500,108.8000,0.000036
FILLER_0_35_39,VGND,li1,23.9200,108.8000,0.000037
FILLER_0_35_15,VGND,li1,14.2600,108.8000,0.000022
FILLER_0_35_3,VGND,li1,9.6600,108.8000,0.000022
FILLER_0_34_234,VGND,li1,115.9200,103.3600,0.000008
FILLER_0_34_222,VGND,li1,110.4000,103.3600,0.000012
FILLER_0_34_194,VGND,li1,95.2200,103.3600,0.000026
FILLER_0_34_165,VGND,li1,81.6500,103.3600,0.000034
FILLER_0_34_88,VGND,li1,46.2300,103.3600,0.000025
FILLER_0_34_42,VGND,li1,25.3000,103.3600,0.000021
FILLER_0_34_32,VGND,li1,20.4700,103.3600,0.000020
FILLER_0_34_23,VGND,li1,16.5600,103.3600,0.000017
FILLER_0_34_15,VGND,li1,14.2600,103.3600,0.000014
FILLER_0_34_3,VGND,li1,9.6600,103.3600,0.000014
FILLER_0_33_242,VGND,li1,117.0700,103.3600,0.000007
FILLER_0_33_237,VGND,li1,115.0000,103.3600,0.000008
FILLER_0_33_225,VGND,li1,111.7800,103.3600,0.000010
FILLER_0_33_212,VGND,li1,105.8000,103.3600,0.000013
FILLER_0_33_182,VGND,li1,89.9300,103.3600,0.000028
FILLER_0_33_169,VGND,li1,83.7200,103.3600,0.000036
FILLER_0_33_164,VGND,li1,81.1900,103.3600,0.000034
FILLER_0_33_137,VGND,li1,69.0000,103.3600,0.000031
FILLER_0_33_90,VGND,li1,47.6100,103.3600,0.000029
FILLER_0_33_39,VGND,li1,23.6900,103.3600,0.000021
FILLER_0_33_15,VGND,li1,14.2600,103.3600,0.000014
FILLER_0_33_3,VGND,li1,9.6600,103.3600,0.000014
FILLER_0_32_232,VGND,li1,112.7000,97.9200,0.000012
FILLER_0_32_224,VGND,li1,110.4000,97.9200,0.000012
FILLER_0_32_212,VGND,li1,105.8000,97.9200,0.000009
FILLER_0_32_200,VGND,li1,100.2800,97.9200,0.000011
FILLER_0_32_192,VGND,li1,94.7600,97.9200,0.000012
FILLER_0_32_168,VGND,li1,83.0300,97.9200,0.000015
FILLER_0_32_164,VGND,li1,81.8800,97.9200,0.000014
FILLER_0_32_141,VGND,li1,71.0700,97.9200,0.000011
FILLER_0_32_132,VGND,li1,68.0800,97.9200,0.000011
FILLER_0_32_120,VGND,li1,63.4800,97.9200,0.000010
FILLER_0_32_107,VGND,li1,56.1200,97.9200,0.000010
FILLER_0_32_94,VGND,li1,49.6800,97.9200,0.000010
FILLER_0_32_81,VGND,li1,43.4700,97.9200,0.000008
FILLER_0_32_69,VGND,li1,40.0200,97.9200,0.000009
FILLER_0_32_65,VGND,li1,35.6500,97.9200,0.000010
FILLER_0_32_53,VGND,li1,32.6600,97.9200,0.000010
FILLER_0_32_41,VGND,li1,27.1400,97.9200,0.000011
FILLER_0_32_29,VGND,li1,21.6200,97.9200,0.000013
FILLER_0_32_27,VGND,li1,18.1700,97.9200,0.000014
FILLER_0_32_15,VGND,li1,15.1800,97.9200,0.000011
FILLER_0_32_3,VGND,li1,9.6600,97.9200,0.000014
FILLER_0_31_241,VGND,li1,116.6100,97.9200,0.000011
FILLER_0_31_222,VGND,li1,108.1000,97.9200,0.000011
FILLER_0_31_214,VGND,li1,105.8000,97.9200,0.000009
FILLER_0_31_208,VGND,li1,101.8900,97.9200,0.000011
FILLER_0_31_197,VGND,li1,96.8300,97.9200,0.000012
FILLER_0_31_189,VGND,li1,94.3000,97.9200,0.000012
FILLER_0_31_180,VGND,li1,88.5500,97.9200,0.000012
FILLER_0_31_172,VGND,li1,86.4800,97.9200,0.000014
FILLER_0_31_166,VGND,li1,82.3400,97.9200,0.000015
FILLER_0_31_156,VGND,li1,78.6600,97.9200,0.000013
FILLER_0_31_152,VGND,li1,75.6700,97.9200,0.000012
FILLER_0_31_146,VGND,li1,74.0600,97.9200,0.000010
FILLER_0_31_128,VGND,li1,64.6300,97.9200,0.000010
FILLER_0_31_116,VGND,li1,61.6400,97.9200,0.000009
FILLER_0_31_98,VGND,li1,51.2900,97.9200,0.000010
FILLER_0_31_89,VGND,li1,46.6900,97.9200,0.000009
FILLER_0_31_77,VGND,li1,43.7000,97.9200,0.000008
FILLER_0_31_55,VGND,li1,31.0500,97.9200,0.000010
FILLER_0_31_19,VGND,li1,15.1800,97.9200,0.000011
FILLER_0_31_7,VGND,li1,11.5000,97.9200,0.000013
FILLER_0_30_223,VGND,li1,108.5600,92.4800,0.000022
FILLER_0_30_206,VGND,li1,100.5100,92.4800,0.000025
FILLER_0_30_194,VGND,li1,95.2200,92.4800,0.000028
FILLER_0_30_182,VGND,li1,89.4700,92.4800,0.000028
FILLER_0_30_152,VGND,li1,75.9000,92.4800,0.000025
FILLER_0_30_138,VGND,li1,69.4600,92.4800,0.000029
FILLER_0_30_127,VGND,li1,64.4000,92.4800,0.000032
FILLER_0_30_116,VGND,li1,60.7200,92.4800,0.000030
FILLER_0_30_104,VGND,li1,53.5900,92.4800,0.000037
FILLER_0_30_93,VGND,li1,48.7600,92.4800,0.000031
FILLER_0_30_81,VGND,li1,43.4700,92.4800,0.000022
FILLER_0_30_42,VGND,li1,25.3000,92.4800,0.000017
FILLER_0_30_32,VGND,li1,20.4700,92.4800,0.000018
FILLER_0_30_24,VGND,li1,16.7900,92.4800,0.000016
FILLER_0_30_18,VGND,li1,15.1800,92.4800,0.000012
FILLER_0_30_6,VGND,li1,11.0400,92.4800,0.000012
FILLER_0_29_222,VGND,li1,108.1000,92.4800,0.000022
FILLER_0_29_180,VGND,li1,88.7800,92.4800,0.000028
FILLER_0_29_166,VGND,li1,82.3400,92.4800,0.000034
FILLER_0_29_135,VGND,li1,67.8500,92.4800,0.000031
FILLER_0_29_113,VGND,li1,58.1900,92.4800,0.000034
FILLER_0_29_88,VGND,li1,46.2300,92.4800,0.000027
FILLER_0_29_57,VGND,li1,31.9700,92.4800,0.000018
FILLER_0_29_52,VGND,li1,30.3600,92.4800,0.000016
FILLER_0_29_47,VGND,li1,27.6000,92.4800,0.000017
FILLER_0_29_21,VGND,li1,15.4100,92.4800,0.000012
FILLER_0_29_15,VGND,li1,13.8000,92.4800,0.000012
FILLER_0_29_3,VGND,li1,9.6600,92.4800,0.000012
FILLER_0_28_240,VGND,li1,116.3800,87.0400,0.000026
FILLER_0_28_222,VGND,li1,108.1000,87.0400,0.000031
FILLER_0_28_193,VGND,li1,94.9900,87.0400,0.000029
FILLER_0_28_162,VGND,li1,80.7300,87.0400,0.000025
FILLER_0_28_141,VGND,li1,70.6100,87.0400,0.000025
FILLER_0_28_138,VGND,li1,69.4600,87.0400,0.000026
FILLER_0_28_117,VGND,li1,59.8000,87.0400,0.000020
FILLER_0_28_85,VGND,li1,45.0800,87.0400,0.000017
FILLER_0_28_62,VGND,li1,34.7300,87.0400,0.000016
FILLER_0_28_45,VGND,li1,26.4500,87.0400,0.000011
FILLER_0_28_41,VGND,li1,25.3000,87.0400,0.000010
FILLER_0_28_29,VGND,li1,21.6200,87.0400,0.000008
FILLER_0_28_27,VGND,li1,18.1700,87.0400,0.000007
FILLER_0_28_15,VGND,li1,15.1800,87.0400,0.000005
FILLER_0_28_3,VGND,li1,9.6600,87.0400,0.000005
FILLER_0_27_245,VGND,li1,118.4500,87.0400,0.000021
FILLER_0_27_225,VGND,li1,109.2500,87.0400,0.000031
FILLER_0_27_211,VGND,li1,103.0400,87.0400,0.000032
FILLER_0_27_173,VGND,li1,85.5600,87.0400,0.000027
FILLER_0_27_169,VGND,li1,83.4900,87.0400,0.000026
FILLER_0_27_160,VGND,li1,80.9600,87.0400,0.000025
FILLER_0_27_131,VGND,li1,66.0100,87.0400,0.000026
FILLER_0_27_125,VGND,li1,64.4000,87.0400,0.000026
FILLER_0_27_95,VGND,li1,49.4500,87.0400,0.000022
FILLER_0_27_71,VGND,li1,38.4100,87.0400,0.000018
FILLER_0_27_65,VGND,li1,36.8000,87.0400,0.000017
FILLER_0_27_55,VGND,li1,31.0500,87.0400,0.000014
FILLER_0_27_39,VGND,li1,24.3800,87.0400,0.000010
FILLER_0_27_27,VGND,li1,20.7000,87.0400,0.000008
FILLER_0_27_15,VGND,li1,15.1800,87.0400,0.000005
FILLER_0_27_3,VGND,li1,9.6600,87.0400,0.000005
FILLER_0_26_245,VGND,li1,118.4500,81.6000,0.000017
FILLER_0_26_226,VGND,li1,109.9400,81.6000,0.000023
FILLER_0_26_205,VGND,li1,100.2800,81.6000,0.000017
FILLER_0_26_197,VGND,li1,97.9800,81.6000,0.000016
FILLER_0_26_195,VGND,li1,95.4500,81.6000,0.000015
FILLER_0_26_183,VGND,li1,90.3900,81.6000,0.000011
FILLER_0_26_171,VGND,li1,86.9400,81.6000,0.000012
FILLER_0_26_162,VGND,li1,80.2700,81.6000,0.000011
FILLER_0_26_150,VGND,li1,77.2800,81.6000,0.000010
FILLER_0_26_137,VGND,li1,69.2300,81.6000,0.000010
FILLER_0_26_129,VGND,li1,66.7000,81.6000,0.000010
FILLER_0_26_117,VGND,li1,62.1000,81.6000,0.000010
FILLER_0_26_112,VGND,li1,57.2700,81.6000,0.000011
FILLER_0_26_108,VGND,li1,56.1200,81.6000,0.000011
FILLER_0_26_102,VGND,li1,52.9000,81.6000,0.000012
FILLER_0_26_96,VGND,li1,50.3700,81.6000,0.000013
FILLER_0_26_91,VGND,li1,47.6100,81.6000,0.000013
FILLER_0_26_85,VGND,li1,45.0800,81.6000,0.000012
FILLER_0_26_62,VGND,li1,35.4200,81.6000,0.000017
FILLER_0_26_29,VGND,li1,19.0900,81.6000,0.000024
FILLER_0_26_11,VGND,li1,10.8100,81.6000,0.000028
FILLER_0_26_7,VGND,li1,9.6600,81.6000,0.000028
FILLER_0_25_245,VGND,li1,118.4500,81.6000,0.000017
FILLER_0_25_223,VGND,li1,108.3300,81.6000,0.000023
FILLER_0_25_200,VGND,li1,98.2100,81.6000,0.000016
FILLER_0_25_192,VGND,li1,95.6800,81.6000,0.000015
FILLER_0_25_169,VGND,li1,83.7200,81.6000,0.000012
FILLER_0_25_165,VGND,li1,82.1100,81.6000,0.000012
FILLER_0_25_151,VGND,li1,75.4400,81.6000,0.000009
FILLER_0_25_143,VGND,li1,73.1400,81.6000,0.000009
FILLER_0_25_131,VGND,li1,68.5400,81.6000,0.000010
FILLER_0_25_125,VGND,li1,63.7100,81.6000,0.000010
FILLER_0_25_113,VGND,li1,58.4200,81.6000,0.000010
FILLER_0_25_102,VGND,li1,52.9000,81.6000,0.000012
FILLER_0_25_90,VGND,li1,49.6800,81.6000,0.000013
FILLER_0_25_78,VGND,li1,44.1600,81.6000,0.000012
FILLER_0_25_6,VGND,li1,9.6600,81.6000,0.000028
FILLER_0_24_197,VGND,li1,96.3700,76.1600,0.000017
FILLER_0_24_192,VGND,li1,94.7600,76.1600,0.000016
FILLER_0_24_141,VGND,li1,72.2200,76.1600,0.000017
FILLER_0_24_138,VGND,li1,69.4600,76.1600,0.000018
FILLER_0_24_120,VGND,li1,61.1800,76.1600,0.000017
FILLER_0_24_101,VGND,li1,52.2100,76.1600,0.000021
FILLER_0_24_97,VGND,li1,51.0600,76.1600,0.000021
FILLER_0_24_82,VGND,li1,43.7000,76.1600,0.000016
FILLER_0_24_68,VGND,li1,37.2600,76.1600,0.000015
FILLER_0_24_56,VGND,li1,34.0400,76.1600,0.000014
FILLER_0_24_38,VGND,li1,23.4600,76.1600,0.000014
FILLER_0_24_22,VGND,li1,17.0200,76.1600,0.000012
FILLER_0_24_18,VGND,li1,14.0300,76.1600,0.000010
FILLER_0_24_6,VGND,li1,11.0400,76.1600,0.000010
FILLER_0_23_241,VGND,li1,116.6100,76.1600,0.000015
FILLER_0_23_223,VGND,li1,108.3300,76.1600,0.000016
FILLER_0_23_197,VGND,li1,96.3700,76.1600,0.000017
FILLER_0_23_165,VGND,li1,82.1100,76.1600,0.000018
FILLER_0_23_63,VGND,li1,34.7300,76.1600,0.000014
FILLER_0_23_57,VGND,li1,33.1200,76.1600,0.000013
FILLER_0_23_48,VGND,li1,29.4400,76.1600,0.000012
FILLER_0_23_39,VGND,li1,24.8400,76.1600,0.000014
FILLER_0_23_28,VGND,li1,19.0900,76.1600,0.000013
FILLER_0_23_18,VGND,li1,14.2600,76.1600,0.000010
FILLER_0_23_6,VGND,li1,11.0400,76.1600,0.000010
FILLER_0_22_224,VGND,li1,109.0200,70.7200,0.000016
FILLER_0_22_208,VGND,li1,103.0400,70.7200,0.000017
FILLER_0_22_192,VGND,li1,94.7600,70.7200,0.000020
FILLER_0_22_174,VGND,li1,86.0200,70.7200,0.000027
FILLER_0_22_141,VGND,li1,70.6100,70.7200,0.000060
FILLER_0_22_123,VGND,li1,62.3300,70.7200,0.000052
FILLER_0_22_119,VGND,li1,61.1800,70.7200,0.000052
FILLER_0_22_97,VGND,li1,50.8300,70.7200,0.000033
FILLER_0_22_83,VGND,li1,43.9300,70.7200,0.000024
FILLER_0_22_56,VGND,li1,31.9700,70.7200,0.000019
FILLER_0_22_51,VGND,li1,29.4400,70.7200,0.000017
FILLER_0_22_46,VGND,li1,27.1400,70.7200,0.000018
FILLER_0_22_23,VGND,li1,16.5600,70.7200,0.000018
FILLER_0_22_12,VGND,li1,11.5000,70.7200,0.000017
FILLER_0_22_7,VGND,li1,9.2000,70.7200,0.000019
FILLER_0_21_245,VGND,li1,118.4500,70.7200,0.000015
FILLER_0_21_222,VGND,li1,108.1000,70.7200,0.000016
FILLER_0_21_205,VGND,li1,100.0500,70.7200,0.000018
FILLER_0_21_197,VGND,li1,97.9800,70.7200,0.000018
FILLER_0_21_185,VGND,li1,93.3800,70.7200,0.000020
FILLER_0_21_173,VGND,li1,87.8600,70.7200,0.000024
FILLER_0_21_156,VGND,li1,80.0400,70.7200,0.000035
FILLER_0_21_152,VGND,li1,75.6700,70.7200,0.000040
FILLER_0_21_121,VGND,li1,61.8700,70.7200,0.000052
FILLER_0_21_113,VGND,li1,59.3400,70.7200,0.000043
FILLER_0_21_111,VGND,li1,56.8100,70.7200,0.000042
FILLER_0_21_105,VGND,li1,55.2000,70.7200,0.000042
FILLER_0_21_100,VGND,li1,51.7500,70.7200,0.000037
FILLER_0_21_92,VGND,li1,49.6800,70.7200,0.000033
FILLER_0_21_57,VGND,li1,32.2000,70.7200,0.000019
FILLER_0_21_21,VGND,li1,15.6400,70.7200,0.000016
FILLER_0_21_3,VGND,li1,7.3600,70.7200,0.000020
FILLER_0_20_213,VGND,li1,103.7300,65.2800,0.000015
FILLER_0_20_203,VGND,li1,99.1300,65.2800,0.000019
FILLER_0_20_197,VGND,li1,96.8300,65.2800,0.000018
FILLER_0_20_192,VGND,li1,94.7600,65.2800,0.000017
FILLER_0_20_180,VGND,li1,91.0800,65.2800,0.000014
FILLER_0_20_172,VGND,li1,85.1000,65.2800,0.000017
FILLER_0_20_153,VGND,li1,76.3600,65.2800,0.000017
FILLER_0_20_149,VGND,li1,74.2900,65.2800,0.000015
FILLER_0_20_141,VGND,li1,72.2200,65.2800,0.000016
FILLER_0_20_138,VGND,li1,69.4600,65.2800,0.000016
FILLER_0_20_124,VGND,li1,62.7900,65.2800,0.000016
FILLER_0_20_112,VGND,li1,57.9600,65.2800,0.000018
FILLER_0_20_105,VGND,li1,54.0500,65.2800,0.000019
FILLER_0_20_97,VGND,li1,51.9800,65.2800,0.000019
FILLER_0_20_85,VGND,li1,47.3800,65.2800,0.000019
FILLER_0_20_83,VGND,li1,43.9300,65.2800,0.000022
FILLER_0_20_77,VGND,li1,42.3200,65.2800,0.000025
FILLER_0_20_50,VGND,li1,28.9800,65.2800,0.000028
FILLER_0_20_3,VGND,li1,7.1300,65.2800,0.000048
FILLER_0_19_162,VGND,li1,81.4200,65.2800,0.000018
FILLER_0_19_140,VGND,li1,70.6100,65.2800,0.000016
FILLER_0_19_132,VGND,li1,68.0800,65.2800,0.000016
FILLER_0_19_94,VGND,li1,48.9900,65.2800,0.000019
FILLER_0_19_90,VGND,li1,47.1500,65.2800,0.000019
FILLER_0_19_86,VGND,li1,46.0000,65.2800,0.000019
FILLER_0_19_81,VGND,li1,43.0100,65.2800,0.000022
FILLER_0_19_47,VGND,li1,28.5200,65.2800,0.000028
FILLER_0_19_7,VGND,li1,8.9700,65.2800,0.000046
FILLER_0_18_241,VGND,li1,116.6100,59.8400,0.000018
FILLER_0_18_221,VGND,li1,107.4100,59.8400,0.000019
FILLER_0_18_141,VGND,li1,70.6100,59.8400,0.000022
FILLER_0_18_85,VGND,li1,45.0800,59.8400,0.000012
FILLER_0_18_80,VGND,li1,42.5500,59.8400,0.000012
FILLER_0_18_68,VGND,li1,39.5600,59.8400,0.000012
FILLER_0_18_56,VGND,li1,34.0400,59.8400,0.000010
FILLER_0_18_44,VGND,li1,28.5200,59.8400,0.000008
FILLER_0_18_32,VGND,li1,23.0000,59.8400,0.000009
FILLER_0_18_24,VGND,li1,16.7900,59.8400,0.000008
FILLER_0_18_18,VGND,li1,15.1800,59.8400,0.000007
FILLER_0_18_6,VGND,li1,11.0400,59.8400,0.000007
FILLER_0_17_234,VGND,li1,113.3900,59.8400,0.000019
FILLER_0_17_210,VGND,li1,102.8100,59.8400,0.000021
FILLER_0_17_198,VGND,li1,99.3600,59.8400,0.000023
FILLER_0_17_169,VGND,li1,83.4900,59.8400,0.000027
FILLER_0_17_122,VGND,li1,61.8700,59.8400,0.000019
FILLER_0_17_70,VGND,li1,39.1000,59.8400,0.000012
FILLER_0_17_61,VGND,li1,33.8100,59.8400,0.000010
FILLER_0_17_57,VGND,li1,32.6600,59.8400,0.000009
FILLER_0_17_48,VGND,li1,29.4400,59.8400,0.000008
FILLER_0_17_27,VGND,li1,18.1700,59.8400,0.000008
FILLER_0_17_18,VGND,li1,14.0300,59.8400,0.000007
FILLER_0_17_6,VGND,li1,11.0400,59.8400,0.000007
FILLER_0_16_244,VGND,li1,118.2200,54.4000,0.000013
FILLER_0_16_201,VGND,li1,98.2100,54.4000,0.000017
FILLER_0_16_197,VGND,li1,97.0600,54.4000,0.000017
FILLER_0_16_193,VGND,li1,94.9900,54.4000,0.000016
FILLER_0_16_184,VGND,li1,90.3900,54.4000,0.000012
FILLER_0_16_169,VGND,li1,84.6400,54.4000,0.000014
FILLER_0_16_164,VGND,li1,81.1900,54.4000,0.000014
FILLER_0_16_156,VGND,li1,79.1200,54.4000,0.000014
FILLER_0_16_151,VGND,li1,75.2100,54.4000,0.000012
FILLER_0_16_145,VGND,li1,73.6000,54.4000,0.000014
FILLER_0_16_128,VGND,li1,64.6300,54.4000,0.000017
FILLER_0_16_124,VGND,li1,63.4800,54.4000,0.000017
FILLER_0_16_113,VGND,li1,58.1900,54.4000,0.000020
FILLER_0_16_79,VGND,li1,42.0900,54.4000,0.000034
FILLER_0_16_45,VGND,li1,26.6800,54.4000,0.000039
FILLER_0_16_23,VGND,li1,16.5600,54.4000,0.000034
FILLER_0_15_245,VGND,li1,118.4500,54.4000,0.000013
FILLER_0_15_225,VGND,li1,109.2500,54.4000,0.000017
FILLER_0_15_197,VGND,li1,96.6000,54.4000,0.000017
FILLER_0_15_189,VGND,li1,94.3000,54.4000,0.000016
FILLER_0_15_177,VGND,li1,89.7000,54.4000,0.000013
FILLER_0_15_165,VGND,li1,82.1100,54.4000,0.000014
FILLER_0_15_160,VGND,li1,79.3500,54.4000,0.000014
FILLER_0_15_148,VGND,li1,73.8300,54.4000,0.000014
FILLER_0_15_142,VGND,li1,72.2200,54.4000,0.000014
FILLER_0_15_130,VGND,li1,68.0800,54.4000,0.000016
FILLER_0_15_125,VGND,li1,63.2500,54.4000,0.000017
FILLER_0_15_113,VGND,li1,60.2600,54.4000,0.000017
FILLER_0_15_110,VGND,li1,56.5800,54.4000,0.000025
FILLER_0_15_98,VGND,li1,53.3600,54.4000,0.000030
FILLER_0_15_60,VGND,li1,33.3500,54.4000,0.000040
FILLER_0_15_20,VGND,li1,14.9500,54.4000,0.000032
FILLER_0_15_3,VGND,li1,7.1300,54.4000,0.000043
FILLER_0_14_209,VGND,li1,102.5800,48.9600,0.000017
FILLER_0_14_197,VGND,li1,97.5200,48.9600,0.000020
FILLER_0_14_190,VGND,li1,94.3000,48.9600,0.000020
FILLER_0_14_119,VGND,li1,63.0200,48.9600,0.000025
FILLER_0_14_93,VGND,li1,49.6800,48.9600,0.000028
FILLER_0_14_45,VGND,li1,27.1400,48.9600,0.000024
FILLER_0_14_3,VGND,li1,7.1300,48.9600,0.000025
FILLER_0_13_220,VGND,li1,106.9500,48.9600,0.000016
FILLER_0_13_215,VGND,li1,104.8800,48.9600,0.000015
FILLER_0_13_178,VGND,li1,87.6300,48.9600,0.000024
FILLER_0_13_164,VGND,li1,81.1900,48.9600,0.000030
FILLER_0_13_121,VGND,li1,61.4100,48.9600,0.000025
FILLER_0_13_113,VGND,li1,59.3400,48.9600,0.000022
FILLER_0_13_104,VGND,li1,55.2000,48.9600,0.000026
FILLER_0_13_96,VGND,li1,50.1400,48.9600,0.000028
FILLER_0_13_88,VGND,li1,47.8400,48.9600,0.000029
FILLER_0_13_66,VGND,li1,36.3400,48.9600,0.000029
FILLER_0_13_41,VGND,li1,25.7600,48.9600,0.000024
FILLER_0_13_31,VGND,li1,20.0100,48.9600,0.000024
FILLER_0_13_12,VGND,li1,11.5000,48.9600,0.000024
FILLER_0_13_6,VGND,li1,8.9700,48.9600,0.000025
FILLER_0_12_237,VGND,li1,115.2300,43.5200,0.000017
FILLER_0_12_231,VGND,li1,112.4700,43.5200,0.000019
FILLER_0_12_213,VGND,li1,103.9600,43.5200,0.000024
FILLER_0_12_194,VGND,li1,95.2200,43.5200,0.000030
FILLER_0_12_141,VGND,li1,70.6100,43.5200,0.000022
FILLER_0_12_122,VGND,li1,62.1000,43.5200,0.000017
FILLER_0_12_100,VGND,li1,51.9800,43.5200,0.000013
FILLER_0_12_85,VGND,li1,45.0800,43.5200,0.000009
FILLER_0_12_80,VGND,li1,43.2400,43.5200,0.000010
FILLER_0_12_73,VGND,li1,40.0200,43.5200,0.000011
FILLER_0_12_61,VGND,li1,36.3400,43.5200,0.000011
FILLER_0_12_47,VGND,li1,27.8300,43.5200,0.000014
FILLER_0_12_37,VGND,li1,22.7700,43.5200,0.000017
FILLER_0_12_26,VGND,li1,17.9400,43.5200,0.000018
FILLER_0_12_15,VGND,li1,12.8800,43.5200,0.000023
FILLER_0_12_6,VGND,li1,9.6600,43.5200,0.000025
FILLER_0_11_245,VGND,li1,118.4500,43.5200,0.000012
FILLER_0_11_237,VGND,li1,116.3800,43.5200,0.000014
FILLER_0_11_225,VGND,li1,111.7800,43.5200,0.000019
FILLER_0_11_223,VGND,li1,108.3300,43.5200,0.000024
FILLER_0_11_219,VGND,li1,107.1800,43.5200,0.000024
FILLER_0_11_169,VGND,li1,83.4900,43.5200,0.000029
FILLER_0_11_163,VGND,li1,80.9600,43.5200,0.000027
FILLER_0_11_155,VGND,li1,78.6600,43.5200,0.000026
FILLER_0_11_137,VGND,li1,68.7700,43.5200,0.000022
FILLER_0_11_125,VGND,li1,65.7800,43.5200,0.000021
FILLER_0_11_113,VGND,li1,60.2600,43.5200,0.000014
FILLER_0_11_110,VGND,li1,56.5800,43.5200,0.000015
FILLER_0_11_102,VGND,li1,54.2800,43.5200,0.000014
FILLER_0_11_94,VGND,li1,49.6800,43.5200,0.000012
FILLER_0_11_87,VGND,li1,46.0000,43.5200,0.000009
FILLER_0_11_76,VGND,li1,41.8600,43.5200,0.000010
FILLER_0_11_65,VGND,li1,37.2600,43.5200,0.000011
FILLER_0_11_52,VGND,li1,30.3600,43.5200,0.000012
FILLER_0_11_27,VGND,li1,18.1700,43.5200,0.000018
FILLER_0_11_7,VGND,li1,8.9700,43.5200,0.000025
FILLER_0_10_238,VGND,li1,116.8400,38.0800,0.000012
FILLER_0_10_226,VGND,li1,112.2400,38.0800,0.000014
FILLER_0_10_195,VGND,li1,95.4500,38.0800,0.000015
FILLER_0_10_189,VGND,li1,93.8400,38.0800,0.000015
FILLER_0_10_177,VGND,li1,87.1700,38.0800,0.000015
FILLER_0_10_173,VGND,li1,86.0200,38.0800,0.000017
FILLER_0_10_161,VGND,li1,82.3400,38.0800,0.000018
FILLER_0_10_149,VGND,li1,76.8200,38.0800,0.000020
FILLER_0_10_135,VGND,li1,67.8500,38.0800,0.000020
FILLER_0_10_131,VGND,li1,66.7000,38.0800,0.000020
FILLER_0_10_97,VGND,li1,50.3700,38.0800,0.000013
FILLER_0_10_85,VGND,li1,47.3800,38.0800,0.000011
FILLER_0_10_83,VGND,li1,43.9300,38.0800,0.000011
FILLER_0_10_75,VGND,li1,40.2500,38.0800,0.000013
FILLER_0_10_24,VGND,li1,17.4800,38.0800,0.000017
FILLER_0_10_7,VGND,li1,8.9700,38.0800,0.000018
FILLER_0_10_3,VGND,li1,7.8200,38.0800,0.000018
FILLER_0_9_241,VGND,li1,116.6100,38.0800,0.000012
FILLER_0_9_233,VGND,li1,114.5400,38.0800,0.000013
FILLER_0_9_189,VGND,li1,92.9200,38.0800,0.000015
FILLER_0_9_167,VGND,li1,82.5700,38.0800,0.000018
FILLER_0_9_158,VGND,li1,78.4300,38.0800,0.000020
FILLER_0_9_154,VGND,li1,77.2800,38.0800,0.000020
FILLER_0_9_137,VGND,li1,69.0000,38.0800,0.000022
FILLER_0_9_121,VGND,li1,62.1000,38.0800,0.000015
FILLER_0_9_117,VGND,li1,59.5700,38.0800,0.000013
FILLER_0_9_113,VGND,li1,58.4200,38.0800,0.000013
FILLER_0_9_110,VGND,li1,56.5800,38.0800,0.000013
FILLER_0_9_102,VGND,li1,54.2800,38.0800,0.000014
FILLER_0_9_90,VGND,li1,49.6800,38.0800,0.000013
FILLER_0_9_57,VGND,li1,31.9700,38.0800,0.000014
FILLER_0_9_55,VGND,li1,31.0500,38.0800,0.000014
FILLER_0_9_47,VGND,li1,28.9800,38.0800,0.000014
FILLER_0_9_25,VGND,li1,18.4000,38.0800,0.000017
FILLER_0_9_15,VGND,li1,12.6500,38.0800,0.000018
FILLER_0_9_3,VGND,li1,9.6600,38.0800,0.000018
FILLER_0_8_240,VGND,li1,117.3000,32.6400,0.000014
FILLER_0_8_186,VGND,li1,91.3100,32.6400,0.000024
FILLER_0_8_156,VGND,li1,77.9700,32.6400,0.000022
FILLER_0_8_141,VGND,li1,71.7600,32.6400,0.000018
FILLER_0_8_139,VGND,li1,69.6900,32.6400,0.000017
FILLER_0_8_131,VGND,li1,67.6200,32.6400,0.000017
FILLER_0_8_124,VGND,li1,63.0200,32.6400,0.000015
FILLER_0_8_108,VGND,li1,55.8900,32.6400,0.000013
FILLER_0_8_100,VGND,li1,53.3600,32.6400,0.000013
FILLER_0_8_96,VGND,li1,49.9100,32.6400,0.000012
FILLER_0_8_89,VGND,li1,46.9200,32.6400,0.000010
FILLER_0_8_53,VGND,li1,30.1300,32.6400,0.000005
FILLER_0_8_49,VGND,li1,28.9800,32.6400,0.000005
FILLER_0_8_37,VGND,li1,25.3000,32.6400,0.000004
FILLER_0_8_27,VGND,li1,18.1700,32.6400,0.000003
FILLER_0_8_15,VGND,li1,15.1800,32.6400,0.000002
FILLER_0_8_3,VGND,li1,9.6600,32.6400,0.000002
FILLER_0_7_237,VGND,li1,115.9200,32.6400,0.000014
FILLER_0_7_225,VGND,li1,109.9400,32.6400,0.000018
FILLER_0_7_185,VGND,li1,90.8500,32.6400,0.000022
FILLER_0_7_166,VGND,li1,82.3400,32.6400,0.000025
FILLER_0_7_133,VGND,li1,67.1600,32.6400,0.000017
FILLER_0_7_89,VGND,li1,46.9200,32.6400,0.000010
FILLER_0_7_75,VGND,li1,40.2500,32.6400,0.000008
FILLER_0_7_69,VGND,li1,38.6400,32.6400,0.000008
FILLER_0_7_57,VGND,li1,34.5000,32.6400,0.000008
FILLER_0_7_55,VGND,li1,31.0500,32.6400,0.000006
FILLER_0_7_51,VGND,li1,29.9000,32.6400,0.000005
FILLER_0_7_39,VGND,li1,26.2200,32.6400,0.000004
FILLER_0_7_27,VGND,li1,20.7000,32.6400,0.000003
FILLER_0_7_15,VGND,li1,15.1800,32.6400,0.000002
FILLER_0_7_3,VGND,li1,9.6600,32.6400,0.000002
FILLER_0_6_243,VGND,li1,117.9900,27.2000,0.000008
FILLER_0_6_235,VGND,li1,115.4600,27.2000,0.000010
FILLER_0_6_223,VGND,li1,110.8600,27.2000,0.000013
FILLER_0_6_197,VGND,li1,97.5200,27.2000,0.000021
FILLER_0_6_195,VGND,li1,95.4500,27.2000,0.000019
FILLER_0_6_187,VGND,li1,92.0000,27.2000,0.000018
FILLER_0_6_179,VGND,li1,89.7000,27.2000,0.000015
FILLER_0_6_157,VGND,li1,77.9700,27.2000,0.000014
FILLER_0_6_137,VGND,li1,69.2300,27.2000,0.000009
FILLER_0_6_129,VGND,li1,66.7000,27.2000,0.000008
FILLER_0_6_111,VGND,li1,56.8100,27.2000,0.000005
FILLER_0_6_99,VGND,li1,53.8200,27.2000,0.000005
FILLER_0_6_95,VGND,li1,49.4500,27.2000,0.000004
FILLER_0_6_85,VGND,li1,45.0800,27.2000,0.000004
FILLER_0_6_83,VGND,li1,43.9300,27.2000,0.000004
FILLER_0_6_77,VGND,li1,42.3200,27.2000,0.000004
FILLER_0_6_65,VGND,li1,38.1800,27.2000,0.000005
FILLER_0_6_37,VGND,li1,23.0000,27.2000,0.000005
FILLER_0_6_29,VGND,li1,20.7000,27.2000,0.000004
FILLER_0_6_27,VGND,li1,18.1700,27.2000,0.000004
FILLER_0_6_15,VGND,li1,15.1800,27.2000,0.000003
FILLER_0_6_3,VGND,li1,9.6600,27.2000,0.000003
FILLER_0_5_245,VGND,li1,118.4500,27.2000,0.000008
FILLER_0_5_237,VGND,li1,116.3800,27.2000,0.000010
FILLER_0_5_225,VGND,li1,111.7800,27.2000,0.000013
FILLER_0_5_223,VGND,li1,108.3300,27.2000,0.000015
FILLER_0_5_219,VGND,li1,107.1800,27.2000,0.000015
FILLER_0_5_198,VGND,li1,97.5200,27.2000,0.000021
FILLER_0_5_186,VGND,li1,93.8400,27.2000,0.000019
FILLER_0_5_167,VGND,li1,82.5700,27.2000,0.000015
FILLER_0_5_162,VGND,li1,80.5000,27.2000,0.000015
FILLER_0_5_153,VGND,li1,76.1300,27.2000,0.000013
FILLER_0_5_149,VGND,li1,74.9800,27.2000,0.000011
FILLER_0_5_137,VGND,li1,71.3000,27.2000,0.000010
FILLER_0_5_125,VGND,li1,65.7800,27.2000,0.000007
FILLER_0_5_113,VGND,li1,60.2600,27.2000,0.000005
FILLER_0_5_109,VGND,li1,56.3500,27.2000,0.000005
FILLER_0_5_101,VGND,li1,53.8200,27.2000,0.000005
FILLER_0_5_89,VGND,li1,49.2200,27.2000,0.000004
FILLER_0_5_68,VGND,li1,37.0300,27.2000,0.000005
FILLER_0_5_55,VGND,li1,31.0500,27.2000,0.000005
FILLER_0_5_47,VGND,li1,27.3700,27.2000,0.000006
FILLER_0_5_39,VGND,li1,25.3000,27.2000,0.000005
FILLER_0_5_27,VGND,li1,20.7000,27.2000,0.000004
FILLER_0_5_15,VGND,li1,15.1800,27.2000,0.000003
FILLER_0_5_3,VGND,li1,9.6600,27.2000,0.000003
FILLER_0_4_245,VGND,li1,118.4500,21.7600,0.000005
FILLER_0_4_233,VGND,li1,115.4600,21.7600,0.000007
FILLER_0_4_221,VGND,li1,109.9400,21.7600,0.000010
FILLER_0_4_186,VGND,li1,91.3100,21.7600,0.000015
FILLER_0_4_182,VGND,li1,90.1600,21.7600,0.000015
FILLER_0_4_157,VGND,li1,77.9700,21.7600,0.000016
FILLER_0_4_153,VGND,li1,76.8200,21.7600,0.000016
FILLER_0_4_141,VGND,li1,73.1400,21.7600,0.000015
FILLER_0_4_137,VGND,li1,69.2300,21.7600,0.000016
FILLER_0_4_125,VGND,li1,65.7800,21.7600,0.000014
FILLER_0_4_120,VGND,li1,60.9500,21.7600,0.000010
FILLER_0_4_108,VGND,li1,57.9600,21.7600,0.000010
FILLER_0_4_100,VGND,li1,52.2100,21.7600,0.000007
FILLER_0_4_81,VGND,li1,43.4700,21.7600,0.000004
FILLER_0_4_61,VGND,li1,34.0400,21.7600,0.000003
FILLER_0_4_49,VGND,li1,28.7500,21.7600,0.000002
FILLER_0_4_41,VGND,li1,26.2200,21.7600,0.000002
FILLER_0_4_29,VGND,li1,21.6200,21.7600,0.000002
FILLER_0_4_27,VGND,li1,18.1700,21.7600,0.000001
FILLER_0_4_15,VGND,li1,15.1800,21.7600,0.000001
FILLER_0_4_3,VGND,li1,9.6600,21.7600,0.000001
FILLER_0_3_245,VGND,li1,118.4500,21.7600,0.000005
FILLER_0_3_233,VGND,li1,115.4600,21.7600,0.000007
FILLER_0_3_222,VGND,li1,108.1000,21.7600,0.000011
FILLER_0_3_197,VGND,li1,96.3700,21.7600,0.000016
FILLER_0_3_166,VGND,li1,82.3400,21.7600,0.000019
FILLER_0_3_133,VGND,li1,66.9300,21.7600,0.000014
FILLER_0_3_91,VGND,li1,48.3000,21.7600,0.000006
FILLER_0_3_74,VGND,li1,39.7900,21.7600,0.000004
FILLER_0_3_68,VGND,li1,37.0300,21.7600,0.000004
FILLER_0_3_60,VGND,li1,34.9600,21.7600,0.000004
FILLER_0_3_55,VGND,li1,31.0500,21.7600,0.000002
FILLER_0_3_51,VGND,li1,29.9000,21.7600,0.000002
FILLER_0_3_47,VGND,li1,27.3700,21.7600,0.000002
FILLER_0_3_39,VGND,li1,25.3000,21.7600,0.000002
FILLER_0_3_27,VGND,li1,20.7000,21.7600,0.000002
FILLER_0_3_15,VGND,li1,15.1800,21.7600,0.000001
FILLER_0_3_3,VGND,li1,9.6600,21.7600,0.000001
FILLER_0_2_245,VGND,li1,118.4500,16.3200,0.000005
FILLER_0_2_241,VGND,li1,117.3000,16.3200,0.000006
FILLER_0_2_229,VGND,li1,113.6200,16.3200,0.000007
FILLER_0_2_197,VGND,li1,96.6000,16.3200,0.000018
FILLER_0_2_194,VGND,li1,95.2200,16.3200,0.000018
FILLER_0_2_141,VGND,li1,70.6100,16.3200,0.000018
FILLER_0_2_135,VGND,li1,68.0800,16.3200,0.000017
FILLER_0_2_114,VGND,li1,58.1900,16.3200,0.000010
FILLER_0_2_72,VGND,li1,39.1000,16.3200,0.000010
FILLER_0_2_41,VGND,li1,25.3000,16.3200,0.000007
FILLER_0_2_29,VGND,li1,21.6200,16.3200,0.000005
FILLER_0_2_27,VGND,li1,18.1700,16.3200,0.000004
FILLER_0_2_15,VGND,li1,15.1800,16.3200,0.000003
FILLER_0_2_3,VGND,li1,9.6600,16.3200,0.000003
FILLER_0_1_245,VGND,li1,118.4500,16.3200,0.000005
FILLER_0_1_237,VGND,li1,116.3800,16.3200,0.000006
FILLER_0_1_225,VGND,li1,111.7800,16.3200,0.000008
FILLER_0_1_223,VGND,li1,108.3300,16.3200,0.000009
FILLER_0_1_215,VGND,li1,106.2600,16.3200,0.000010
FILLER_0_1_162,VGND,li1,81.4200,16.3200,0.000018
FILLER_0_1_128,VGND,li1,65.7800,16.3200,0.000016
FILLER_0_1_116,VGND,li1,61.6400,16.3200,0.000011
FILLER_0_1_110,VGND,li1,56.5800,16.3200,0.000010
FILLER_0_1_95,VGND,li1,49.6800,16.3200,0.000009
FILLER_0_1_80,VGND,li1,45.0800,16.3200,0.000008
FILLER_0_1_57,VGND,li1,32.4300,16.3200,0.000009
FILLER_0_1_55,VGND,li1,31.0500,16.3200,0.000008
FILLER_0_1_51,VGND,li1,29.9000,16.3200,0.000008
FILLER_0_1_39,VGND,li1,26.2200,16.3200,0.000007
FILLER_0_1_27,VGND,li1,20.7000,16.3200,0.000005
FILLER_0_1_15,VGND,li1,15.1800,16.3200,0.000003
FILLER_0_1_3,VGND,li1,9.6600,16.3200,0.000003
FILLER_0_0_243,VGND,li1,117.9900,10.8800,0.000004
FILLER_0_0_231,VGND,li1,114.5400,10.8800,0.000005
FILLER_0_0_222,VGND,li1,108.1000,10.8800,0.000006
FILLER_0_0_214,VGND,li1,105.8000,10.8800,0.000005
FILLER_0_0_202,VGND,li1,101.2000,10.8800,0.000006
FILLER_0_0_197,VGND,li1,96.6000,10.8800,0.000007
FILLER_0_0_188,VGND,li1,93.8400,10.8800,0.000008
FILLER_0_0_184,VGND,li1,90.3900,10.8800,0.000009
FILLER_0_0_177,VGND,li1,87.1700,10.8800,0.000010
FILLER_0_0_169,VGND,li1,83.7200,10.8800,0.000010
FILLER_0_0_167,VGND,li1,82.5700,10.8800,0.000010
FILLER_0_0_160,VGND,li1,80.0400,10.8800,0.000009
FILLER_0_0_156,VGND,li1,77.5100,10.8800,0.000009
FILLER_0_0_146,VGND,li1,73.6000,10.8800,0.000008
FILLER_0_0_141,VGND,li1,70.8400,10.8800,0.000008
FILLER_0_0_128,VGND,li1,67.1600,10.8800,0.000008
FILLER_0_0_118,VGND,li1,60.7200,10.8800,0.000006
FILLER_0_0_113,VGND,li1,57.9600,10.8800,0.000006
FILLER_0_0_109,VGND,li1,56.3500,10.8800,0.000006
FILLER_0_0_85,VGND,li1,45.0800,10.8800,0.000005
FILLER_0_0_65,VGND,li1,35.6500,10.8800,0.000005
FILLER_0_0_57,VGND,li1,32.2000,10.8800,0.000004
FILLER_0_0_55,VGND,li1,31.0500,10.8800,0.000004
FILLER_0_0_49,VGND,li1,28.7500,10.8800,0.000003
FILLER_0_0_41,VGND,li1,26.2200,10.8800,0.000003
FILLER_0_0_29,VGND,li1,21.6200,10.8800,0.000002
FILLER_0_0_27,VGND,li1,18.1700,10.8800,0.000002
FILLER_0_0_15,VGND,li1,15.1800,10.8800,0.000001
FILLER_0_0_3,VGND,li1,9.6600,10.8800,0.000001
hold129,VGND,li1,61.6400,38.0800,0.000015
hold128,VGND,li1,112.7000,32.6400,0.000018
hold127,VGND,li1,60.7200,54.4000,0.000017
hold126,VGND,li1,92.4600,54.4000,0.000014
hold125,VGND,li1,89.2400,32.6400,0.000022
hold124,VGND,li1,16.5600,48.9600,0.000023
hold123,VGND,li1,110.8600,38.0800,0.000014
hold122,VGND,li1,73.6000,70.7200,0.000050
hold121,VGND,li1,100.2800,108.8000,0.000014
hold120,VGND,li1,24.3800,59.8400,0.000009
hold119,VGND,li1,82.3400,108.8000,0.000019
hold118,VGND,li1,97.9800,125.1200,0.000010
hold117,VGND,li1,85.1000,54.4000,0.000013
hold116,VGND,li1,35.8800,59.8400,0.000011
hold115,VGND,li1,105.3400,59.8400,0.000019
hold114,VGND,li1,89.2400,38.0800,0.000014
hold113,VGND,li1,55.6600,54.4000,0.000025
hold112,VGND,li1,26.6800,125.1200,0.000010
hold111,VGND,li1,20.7000,32.6400,0.000003
hold110,VGND,li1,91.5400,92.4800,0.000029
hold109,VGND,li1,110.8600,97.9200,0.000012
hold108,VGND,li1,29.4400,108.8000,0.000040
hold107,VGND,li1,77.2800,59.8400,0.000025
hold106,VGND,li1,89.2400,27.2000,0.000015
hold105,VGND,li1,106.2600,108.8000,0.000010
hold104,VGND,li1,106.2600,16.3200,0.000010
hold103,VGND,li1,37.7200,81.6000,0.000017
hold102,VGND,li1,43.7000,59.8400,0.000012
hold101,VGND,li1,29.4400,70.7200,0.000017
hold100,VGND,li1,80.9600,114.2400,0.000020
hold99,VGND,li1,80.9600,59.8400,0.000027
hold98,VGND,li1,59.3400,119.6800,0.000020
hold97,VGND,li1,115.0000,70.7200,0.000017
hold96,VGND,li1,92.0000,97.9200,0.000013
hold95,VGND,li1,59.3400,125.1200,0.000010
hold94,VGND,li1,60.7200,65.2800,0.000016
hold93,VGND,li1,116.8400,76.1600,0.000015
hold92,VGND,li1,77.2800,114.2400,0.000019
hold91,VGND,li1,110.8600,21.7600,0.000010
hold90,VGND,li1,33.5800,87.0400,0.000016
hold89,VGND,li1,115.0000,92.4800,0.000021
hold88,VGND,li1,72.6800,70.7200,0.000050
hold87,VGND,li1,37.7200,108.8000,0.000042
hold86,VGND,li1,77.7400,97.9200,0.000013
hold85,VGND,li1,102.1200,70.7200,0.000017
hold84,VGND,li1,104.4200,27.2000,0.000017
hold83,VGND,li1,99.3600,97.9200,0.000011
hold82,VGND,li1,82.3400,81.6000,0.000012
hold81,VGND,li1,59.3400,103.3600,0.000031
hold80,VGND,li1,80.0400,21.7600,0.000018
hold79,VGND,li1,107.6400,38.0800,0.000014
hold78,VGND,li1,37.2600,114.2400,0.000015
hold77,VGND,li1,99.3600,87.0400,0.000033
hold76,VGND,li1,115.4600,59.8400,0.000018
hold75,VGND,li1,97.9800,70.7200,0.000018
hold74,VGND,li1,63.4800,108.8000,0.000019
hold73,VGND,li1,34.9600,38.0800,0.000015
hold72,VGND,li1,70.8400,43.5200,0.000022
hold71,VGND,li1,78.2000,27.2000,0.000014
hold70,VGND,li1,70.8400,97.9200,0.000011
hold69,VGND,li1,46.4600,76.1600,0.000018
hold68,VGND,li1,75.4400,87.0400,0.000022
hold67,VGND,li1,55.2000,81.6000,0.000012
hold66,VGND,li1,116.3800,81.6000,0.000021
hold65,VGND,li1,92.0000,81.6000,0.000013
hold64,VGND,li1,48.7600,97.9200,0.000010
hold63,VGND,li1,80.9600,119.6800,0.000020
hold62,VGND,li1,104.4200,43.5200,0.000024
hold61,VGND,li1,94.7600,59.8400,0.000023
hold60,VGND,li1,99.3600,48.9600,0.000019
hold59,VGND,li1,21.1600,81.6000,0.000024
hold58,VGND,li1,46.4600,48.9600,0.000029
hold57,VGND,li1,38.1800,92.4800,0.000023
hold56,VGND,li1,21.6200,76.1600,0.000014
hold55,VGND,li1,92.4600,125.1200,0.000010
hold54,VGND,li1,33.5800,43.5200,0.000012
hold53,VGND,li1,30.3600,43.5200,0.000012
hold52,VGND,li1,97.9800,21.7600,0.000016
hold51,VGND,li1,105.3400,119.6800,0.000009
hold50,VGND,li1,75.9000,108.8000,0.000017
hold49,VGND,li1,40.9400,65.2800,0.000025
hold48,VGND,li1,106.7200,70.7200,0.000015
hold47,VGND,li1,17.9400,48.9600,0.000023
hold46,VGND,li1,33.5800,125.1200,0.000013
hold45,VGND,li1,87.4000,21.7600,0.000017
hold44,VGND,li1,83.7200,70.7200,0.000032
hold43,VGND,li1,48.7600,114.2400,0.000016
hold42,VGND,li1,90.6200,38.0800,0.000014
hold41,VGND,li1,93.8400,108.8000,0.000016
hold40,VGND,li1,37.7200,103.3600,0.000027
hold39,VGND,li1,47.3800,87.0400,0.000021
hold38,VGND,li1,106.7200,59.8400,0.000019
hold37,VGND,li1,16.5600,65.2800,0.000038
hold36,VGND,li1,80.0400,92.4800,0.000031
hold35,VGND,li1,39.5600,76.1600,0.000016
hold34,VGND,li1,77.2800,54.4000,0.000013
hold33,VGND,li1,91.0800,48.9600,0.000020
hold32,VGND,li1,48.7600,125.1200,0.000012
hold31,VGND,li1,55.2000,97.9200,0.000010
hold30,VGND,li1,116.8400,48.9600,0.000015
hold29,VGND,li1,59.3400,87.0400,0.000020
hold28,VGND,li1,25.3000,97.9200,0.000012
hold27,VGND,li1,90.6200,114.2400,0.000015
hold26,VGND,li1,28.9800,97.9200,0.000010
hold25,VGND,li1,115.9200,54.4000,0.000017
hold24,VGND,li1,99.3600,38.0800,0.000016
hold23,VGND,li1,90.6200,97.9200,0.000013
hold22,VGND,li1,50.6000,108.8000,0.000028
hold21,VGND,li1,46.4600,92.4800,0.000027
hold20,VGND,li1,72.2200,92.4800,0.000028
hold19,VGND,li1,61.1800,81.6000,0.000010
hold18,VGND,li1,114.5400,97.9200,0.000012
hold17,VGND,li1,105.8000,70.7200,0.000015
hold16,VGND,li1,115.0000,48.9600,0.000017
hold15,VGND,li1,24.8400,70.7200,0.000019
hold14,VGND,li1,80.5000,38.0800,0.000019
hold13,VGND,li1,72.2200,108.8000,0.000018
hold12,VGND,li1,37.7200,97.9200,0.000010
hold11,VGND,li1,16.5600,76.1600,0.000012
hold10,VGND,li1,21.6200,108.8000,0.000035
hold9,VGND,li1,106.2600,81.6000,0.000018
hold8,VGND,li1,34.5000,70.7200,0.000022
hold7,VGND,li1,20.7000,43.5200,0.000018
hold6,VGND,li1,82.8000,65.2800,0.000018
hold5,VGND,li1,16.1000,59.8400,0.000008
hold4,VGND,li1,55.2000,65.2800,0.000019
hold3,VGND,li1,27.1400,114.2400,0.000011
hold2,VGND,li1,76.3600,21.7600,0.000014
hold1,VGND,li1,72.2200,125.1200,0.000013
clkload14,VGND,li1,102.1200,81.6000,0.000018
clkload13,VGND,li1,108.5600,81.6000,0.000023
clkload12,VGND,li1,84.6400,97.9200,0.000015
clkload11,VGND,li1,77.2800,92.4800,0.000028
clkload10,VGND,li1,102.1200,48.9600,0.000017
clkload9,VGND,li1,97.5200,32.6400,0.000027
clkload8,VGND,li1,74.0600,43.5200,0.000022
clkload7,VGND,li1,70.3800,38.0800,0.000022
clkload6,VGND,li1,58.4200,97.9200,0.000010
clkload5,VGND,li1,52.6700,97.9200,0.000010
clkload4,VGND,li1,32.6600,108.8000,0.000039
clkload3,VGND,li1,25.0700,108.8000,0.000037
clkload2,VGND,li1,43.2400,54.4000,0.000034
clkload1,VGND,li1,41.6300,43.5200,0.000010
clkload0,VGND,li1,19.5500,59.8400,0.000008
clkbuf_4_15_0_Clk,VGND,li1,106.0300,87.0400,0.000031
clkbuf_4_14_0_Clk,VGND,li1,111.5500,81.6000,0.000028
clkbuf_4_13_0_Clk,VGND,li1,86.7100,103.3600,0.000039
clkbuf_4_12_0_Clk,VGND,li1,85.7900,92.4800,0.000037
clkbuf_4_11_0_Clk,VGND,li1,100.0500,43.5200,0.000035
clkbuf_4_10_0_Clk,VGND,li1,101.4300,27.2000,0.000025
clkbuf_4_9_0_Clk,VGND,li1,74.2900,48.9600,0.000031
clkbuf_4_8_0_Clk,VGND,li1,73.8300,38.0800,0.000024
clkbuf_4_7_0_Clk,VGND,li1,58.6500,103.3600,0.000036
clkbuf_4_6_0_Clk,VGND,li1,56.3500,92.4800,0.000039
clkbuf_4_5_0_Clk,VGND,li1,36.1100,108.8000,0.000042
clkbuf_4_4_0_Clk,VGND,li1,28.2900,108.8000,0.000040
clkbuf_4_3_0_Clk,VGND,li1,47.1500,54.4000,0.000035
clkbuf_4_2_0_Clk,VGND,li1,43.4700,48.9600,0.000030
clkbuf_4_1_0_Clk,VGND,li1,17.2500,65.2800,0.000043
clkbuf_4_0_0_Clk,VGND,li1,28.7500,54.4000,0.000039
clkbuf_0_Clk,VGND,li1,67.1600,70.7200,0.000077
fanout75,VGND,li1,36.3400,16.3200,0.000011
fanout74,VGND,li1,62.1000,21.7600,0.000013
output73,VGND,li1,40.0200,10.8800,0.000006
output72,VGND,li1,51.5200,10.8800,0.000006
output71,VGND,li1,42.7800,10.8800,0.000005
output70,VGND,li1,34.0400,10.8800,0.000005
output69,VGND,li1,37.2600,10.8800,0.000006
output68,VGND,li1,7.8200,97.9200,0.000016
output67,VGND,li1,37.2600,125.1200,0.000013
output66,VGND,li1,29.9000,125.1200,0.000010
output65,VGND,li1,58.4200,119.6800,0.000022
output64,VGND,li1,7.8200,81.6000,0.000029
output63,VGND,li1,7.8200,70.7200,0.000020
output62,VGND,li1,7.8200,54.4000,0.000043
output61,VGND,li1,63.0200,10.8800,0.000008
output60,VGND,li1,117.7600,70.7200,0.000015
output59,VGND,li1,7.8200,43.5200,0.000026
output58,VGND,li1,75.9000,10.8800,0.000008
output57,VGND,li1,117.7600,38.0800,0.000012
output56,VGND,li1,85.5600,10.8800,0.000010
output55,VGND,li1,110.4000,10.8800,0.000006
output54,VGND,li1,88.7800,10.8800,0.000009
output53,VGND,li1,114.0800,48.9600,0.000017
output52,VGND,li1,117.7600,48.9600,0.000015
output51,VGND,li1,117.7600,76.1600,0.000015
output50,VGND,li1,117.7600,97.9200,0.000011
output49,VGND,li1,117.7600,87.0400,0.000026
output48,VGND,li1,9.6600,54.4000,0.000041
output47,VGND,li1,117.7600,65.2800,0.000015
output46,VGND,li1,117.7600,59.8400,0.000016
output45,VGND,li1,117.7600,92.4800,0.000017
output44,VGND,li1,117.7600,108.8000,0.000008
output43,VGND,li1,79.1200,125.1200,0.000014
output42,VGND,li1,101.6600,125.1200,0.000009
output41,VGND,li1,84.6400,125.1200,0.000013
output40,VGND,li1,75.9000,125.1200,0.000013
output39,VGND,li1,62.5600,125.1200,0.000013
output38,VGND,li1,42.7800,125.1200,0.000012
output37,VGND,li1,7.8200,65.2800,0.000048
input36,VGND,li1,30.1300,10.8800,0.000003
input35,VGND,li1,47.8400,10.8800,0.000006
input34,VGND,li1,59.1100,10.8800,0.000006
input33,VGND,li1,53.5900,10.8800,0.000006
input32,VGND,li1,7.5900,92.4800,0.000013
input31,VGND,li1,24.1500,125.1200,0.000009
input30,VGND,li1,27.3700,119.6800,0.000020
input29,VGND,li1,43.4700,119.6800,0.000022
input28,VGND,li1,7.5900,81.6000,0.000029
input27,VGND,li1,7.5900,76.1600,0.000010
input26,VGND,li1,7.5900,59.8400,0.000007
input25,VGND,li1,7.5900,59.8400,0.000007
input24,VGND,li1,66.9300,125.1200,0.000013
input23,VGND,li1,7.5900,43.5200,0.000026
input22,VGND,li1,71.9900,10.8800,0.000008
input21,VGND,li1,117.9900,32.6400,0.000012
input20,VGND,li1,78.4300,10.8800,0.000009
input19,VGND,li1,97.7500,10.8800,0.000007
input18,VGND,li1,81.6500,10.8800,0.000009
input17,VGND,li1,116.6100,43.5200,0.000014
input16,VGND,li1,117.9900,43.5200,0.000014
input15,VGND,li1,117.9900,97.9200,0.000011
input14,VGND,li1,116.1500,103.3600,0.000008
input13,VGND,li1,104.6500,65.2800,0.000015
input12,VGND,li1,7.5900,48.9600,0.000025
input11,VGND,li1,117.9900,59.8400,0.000016
input10,VGND,li1,104.1900,59.8400,0.000021
input9,VGND,li1,117.9900,103.3600,0.000007
input8,VGND,li1,103.7300,125.1200,0.000006
input7,VGND,li1,68.7700,125.1200,0.000013
input6,VGND,li1,94.9900,125.1200,0.000010
input5,VGND,li1,72.9100,119.6800,0.000020
input4,VGND,li1,65.5500,125.1200,0.000013
input3,VGND,li1,46.2300,125.1200,0.000011
input2,VGND,li1,40.7100,125.1200,0.000013
input1,VGND,li1,7.5900,76.1600,0.000010
TAP_TAPCELL_ROW_41_259,VGND,li1,108.7900,124.8280,0.000005
TAP_TAPCELL_ROW_41_258,VGND,li1,95.9100,124.8280,0.000010
TAP_TAPCELL_ROW_41_257,VGND,li1,83.0300,124.8280,0.000014
TAP_TAPCELL_ROW_41_256,VGND,li1,70.1500,124.8280,0.000013
TAP_TAPCELL_ROW_41_255,VGND,li1,57.2700,124.8280,0.000011
TAP_TAPCELL_ROW_41_254,VGND,li1,44.3900,124.8280,0.000012
TAP_TAPCELL_ROW_41_253,VGND,li1,31.5100,124.8280,0.000010
TAP_TAPCELL_ROW_41_252,VGND,li1,18.6300,124.8280,0.000006
TAP_TAPCELL_ROW_40_251,VGND,li1,95.9100,119.9710,0.000015
TAP_TAPCELL_ROW_40_250,VGND,li1,70.1500,119.9710,0.000021
TAP_TAPCELL_ROW_40_249,VGND,li1,44.3900,119.9710,0.000022
TAP_TAPCELL_ROW_40_248,VGND,li1,18.6300,119.9710,0.000020
TAP_TAPCELL_ROW_39_247,VGND,li1,108.7900,119.3880,0.000008
TAP_TAPCELL_ROW_39_246,VGND,li1,83.0300,119.3880,0.000020
TAP_TAPCELL_ROW_39_245,VGND,li1,57.2700,119.3880,0.000022
TAP_TAPCELL_ROW_39_244,VGND,li1,31.5100,119.3880,0.000022
TAP_TAPCELL_ROW_38_243,VGND,li1,95.9100,114.5310,0.000014
TAP_TAPCELL_ROW_38_242,VGND,li1,70.1500,114.5310,0.000017
TAP_TAPCELL_ROW_38_241,VGND,li1,44.3900,114.5310,0.000014
TAP_TAPCELL_ROW_38_240,VGND,li1,18.6300,114.5310,0.000008
TAP_TAPCELL_ROW_37_239,VGND,li1,108.7900,113.9480,0.000006
TAP_TAPCELL_ROW_37_238,VGND,li1,83.0300,113.9480,0.000020
TAP_TAPCELL_ROW_37_237,VGND,li1,57.2700,113.9480,0.000015
TAP_TAPCELL_ROW_37_236,VGND,li1,31.5100,113.9480,0.000012
TAP_TAPCELL_ROW_36_235,VGND,li1,95.9100,109.0910,0.000016
TAP_TAPCELL_ROW_36_234,VGND,li1,70.1500,109.0910,0.000019
TAP_TAPCELL_ROW_36_233,VGND,li1,44.3900,109.0910,0.000028
TAP_TAPCELL_ROW_36_232,VGND,li1,18.6300,109.0910,0.000031
TAP_TAPCELL_ROW_35_231,VGND,li1,108.7900,108.5080,0.000010
TAP_TAPCELL_ROW_35_230,VGND,li1,83.0300,108.5080,0.000019
TAP_TAPCELL_ROW_35_229,VGND,li1,57.2700,108.5080,0.000022
TAP_TAPCELL_ROW_35_228,VGND,li1,31.5100,108.5080,0.000036
TAP_TAPCELL_ROW_34_227,VGND,li1,95.9100,103.6510,0.000026
TAP_TAPCELL_ROW_34_226,VGND,li1,70.1500,103.6510,0.000031
TAP_TAPCELL_ROW_34_225,VGND,li1,44.3900,103.6510,0.000027
TAP_TAPCELL_ROW_34_224,VGND,li1,18.6300,103.6510,0.000020
TAP_TAPCELL_ROW_33_223,VGND,li1,108.7900,103.0680,0.000012
TAP_TAPCELL_ROW_33_222,VGND,li1,83.0300,103.0680,0.000036
TAP_TAPCELL_ROW_33_221,VGND,li1,57.2700,103.0680,0.000036
TAP_TAPCELL_ROW_33_220,VGND,li1,31.5100,103.0680,0.000020
TAP_TAPCELL_ROW_32_219,VGND,li1,95.9100,98.2110,0.000012
TAP_TAPCELL_ROW_32_218,VGND,li1,70.1500,98.2110,0.000011
TAP_TAPCELL_ROW_32_217,VGND,li1,44.3900,98.2110,0.000008
TAP_TAPCELL_ROW_32_216,VGND,li1,18.6300,98.2110,0.000014
TAP_TAPCELL_ROW_31_215,VGND,li1,108.7900,97.6280,0.000011
TAP_TAPCELL_ROW_31_214,VGND,li1,83.0300,97.6280,0.000015
TAP_TAPCELL_ROW_31_213,VGND,li1,57.2700,97.6280,0.000010
TAP_TAPCELL_ROW_31_212,VGND,li1,31.5100,97.6280,0.000010
TAP_TAPCELL_ROW_30_211,VGND,li1,95.9100,92.7710,0.000027
TAP_TAPCELL_ROW_30_210,VGND,li1,70.1500,92.7710,0.000029
TAP_TAPCELL_ROW_30_209,VGND,li1,44.3900,92.7710,0.000022
TAP_TAPCELL_ROW_30_208,VGND,li1,18.6300,92.7710,0.000018
TAP_TAPCELL_ROW_29_207,VGND,li1,108.7900,92.1880,0.000022
TAP_TAPCELL_ROW_29_206,VGND,li1,83.0300,92.1880,0.000034
TAP_TAPCELL_ROW_29_205,VGND,li1,57.2700,92.1880,0.000039
TAP_TAPCELL_ROW_29_204,VGND,li1,31.5100,92.1880,0.000016
TAP_TAPCELL_ROW_28_203,VGND,li1,95.9100,87.3310,0.000031
TAP_TAPCELL_ROW_28_202,VGND,li1,70.1500,87.3310,0.000025
TAP_TAPCELL_ROW_28_201,VGND,li1,44.3900,87.3310,0.000017
TAP_TAPCELL_ROW_28_200,VGND,li1,18.6300,87.3310,0.000007
TAP_TAPCELL_ROW_27_199,VGND,li1,108.7900,86.7480,0.000031
TAP_TAPCELL_ROW_27_198,VGND,li1,83.0300,86.7480,0.000026
TAP_TAPCELL_ROW_27_197,VGND,li1,57.2700,86.7480,0.000021
TAP_TAPCELL_ROW_27_196,VGND,li1,31.5100,86.7480,0.000014
TAP_TAPCELL_ROW_26_195,VGND,li1,95.9100,81.8910,0.000015
TAP_TAPCELL_ROW_26_194,VGND,li1,70.1500,81.8910,0.000010
TAP_TAPCELL_ROW_26_193,VGND,li1,44.3900,81.8910,0.000012
TAP_TAPCELL_ROW_26_192,VGND,li1,18.6300,81.8910,0.000024
TAP_TAPCELL_ROW_25_191,VGND,li1,108.7900,81.3080,0.000023
TAP_TAPCELL_ROW_25_190,VGND,li1,83.0300,81.3080,0.000012
TAP_TAPCELL_ROW_25_189,VGND,li1,57.2700,81.3080,0.000011
TAP_TAPCELL_ROW_25_188,VGND,li1,31.5100,81.3080,0.000017
TAP_TAPCELL_ROW_24_187,VGND,li1,95.9100,76.4510,0.000017
TAP_TAPCELL_ROW_24_186,VGND,li1,70.1500,76.4510,0.000018
TAP_TAPCELL_ROW_24_185,VGND,li1,44.3900,76.4510,0.000016
TAP_TAPCELL_ROW_24_184,VGND,li1,18.6300,76.4510,0.000013
TAP_TAPCELL_ROW_23_183,VGND,li1,108.7900,75.8680,0.000016
TAP_TAPCELL_ROW_23_182,VGND,li1,83.0300,75.8680,0.000018
TAP_TAPCELL_ROW_23_181,VGND,li1,57.2700,75.8680,0.000019
TAP_TAPCELL_ROW_23_180,VGND,li1,31.5100,75.8680,0.000013
TAP_TAPCELL_ROW_22_179,VGND,li1,95.9100,71.0110,0.000019
TAP_TAPCELL_ROW_22_178,VGND,li1,70.1500,71.0110,0.000060
TAP_TAPCELL_ROW_22_177,VGND,li1,44.3900,71.0110,0.000024
TAP_TAPCELL_ROW_22_176,VGND,li1,18.6300,71.0110,0.000020
TAP_TAPCELL_ROW_21_175,VGND,li1,108.7900,70.4280,0.000016
TAP_TAPCELL_ROW_21_174,VGND,li1,83.0300,70.4280,0.000032
TAP_TAPCELL_ROW_21_173,VGND,li1,57.2700,70.4280,0.000043
TAP_TAPCELL_ROW_21_172,VGND,li1,31.5100,70.4280,0.000019
TAP_TAPCELL_ROW_20_171,VGND,li1,95.9100,65.5710,0.000018
TAP_TAPCELL_ROW_20_170,VGND,li1,70.1500,65.5710,0.000016
TAP_TAPCELL_ROW_20_169,VGND,li1,44.3900,65.5710,0.000022
TAP_TAPCELL_ROW_20_168,VGND,li1,18.6300,65.5710,0.000043
TAP_TAPCELL_ROW_19_167,VGND,li1,108.7900,64.9880,0.000017
TAP_TAPCELL_ROW_19_166,VGND,li1,83.0300,64.9880,0.000018
TAP_TAPCELL_ROW_19_165,VGND,li1,57.2700,64.9880,0.000018
TAP_TAPCELL_ROW_19_164,VGND,li1,31.5100,64.9880,0.000030
TAP_TAPCELL_ROW_18_163,VGND,li1,95.9100,60.1310,0.000023
TAP_TAPCELL_ROW_18_162,VGND,li1,70.1500,60.1310,0.000022
TAP_TAPCELL_ROW_18_161,VGND,li1,44.3900,60.1310,0.000012
TAP_TAPCELL_ROW_18_160,VGND,li1,18.6300,60.1310,0.000008
TAP_TAPCELL_ROW_17_159,VGND,li1,108.7900,59.5480,0.000019
TAP_TAPCELL_ROW_17_158,VGND,li1,83.0300,59.5480,0.000027
TAP_TAPCELL_ROW_17_157,VGND,li1,57.2700,59.5480,0.000017
TAP_TAPCELL_ROW_17_156,VGND,li1,31.5100,59.5480,0.000009
TAP_TAPCELL_ROW_16_155,VGND,li1,95.9100,54.6910,0.000016
TAP_TAPCELL_ROW_16_154,VGND,li1,70.1500,54.6910,0.000015
TAP_TAPCELL_ROW_16_153,VGND,li1,44.3900,54.6910,0.000031
TAP_TAPCELL_ROW_16_152,VGND,li1,18.6300,54.6910,0.000036
TAP_TAPCELL_ROW_15_151,VGND,li1,108.7900,54.1080,0.000017
TAP_TAPCELL_ROW_15_150,VGND,li1,83.0300,54.1080,0.000014
TAP_TAPCELL_ROW_15_149,VGND,li1,57.2700,54.1080,0.000025
TAP_TAPCELL_ROW_15_148,VGND,li1,31.5100,54.1080,0.000040
TAP_TAPCELL_ROW_14_147,VGND,li1,95.9100,49.2510,0.000020
TAP_TAPCELL_ROW_14_146,VGND,li1,70.1500,49.2510,0.000031
TAP_TAPCELL_ROW_14_145,VGND,li1,44.3900,49.2510,0.000030
TAP_TAPCELL_ROW_14_144,VGND,li1,18.6300,49.2510,0.000024
TAP_TAPCELL_ROW_13_143,VGND,li1,108.7900,48.6680,0.000016
TAP_TAPCELL_ROW_13_142,VGND,li1,83.0300,48.6680,0.000029
TAP_TAPCELL_ROW_13_141,VGND,li1,57.2700,48.6680,0.000024
TAP_TAPCELL_ROW_13_140,VGND,li1,31.5100,48.6680,0.000026
TAP_TAPCELL_ROW_12_139,VGND,li1,95.9100,43.8110,0.000031
TAP_TAPCELL_ROW_12_138,VGND,li1,70.1500,43.8110,0.000022
TAP_TAPCELL_ROW_12_137,VGND,li1,44.3900,43.8110,0.000009
TAP_TAPCELL_ROW_12_136,VGND,li1,18.6300,43.8110,0.000018
TAP_TAPCELL_ROW_11_135,VGND,li1,108.7900,43.2280,0.000024
TAP_TAPCELL_ROW_11_134,VGND,li1,83.0300,43.2280,0.000029
TAP_TAPCELL_ROW_11_133,VGND,li1,57.2700,43.2280,0.000015
TAP_TAPCELL_ROW_11_132,VGND,li1,31.5100,43.2280,0.000012
TAP_TAPCELL_ROW_10_131,VGND,li1,95.9100,38.3710,0.000015
TAP_TAPCELL_ROW_10_130,VGND,li1,70.1500,38.3710,0.000022
TAP_TAPCELL_ROW_10_129,VGND,li1,44.3900,38.3710,0.000011
TAP_TAPCELL_ROW_10_128,VGND,li1,18.6300,38.3710,0.000017
TAP_TAPCELL_ROW_9_127,VGND,li1,108.7900,37.7880,0.000014
TAP_TAPCELL_ROW_9_126,VGND,li1,83.0300,37.7880,0.000018
TAP_TAPCELL_ROW_9_125,VGND,li1,57.2700,37.7880,0.000013
TAP_TAPCELL_ROW_9_124,VGND,li1,31.5100,37.7880,0.000014
TAP_TAPCELL_ROW_8_123,VGND,li1,95.9100,32.9310,0.000027
TAP_TAPCELL_ROW_8_122,VGND,li1,70.1500,32.9310,0.000017
TAP_TAPCELL_ROW_8_121,VGND,li1,44.3900,32.9310,0.000008
TAP_TAPCELL_ROW_8_120,VGND,li1,18.6300,32.9310,0.000003
TAP_TAPCELL_ROW_7_119,VGND,li1,108.7900,32.3480,0.000018
TAP_TAPCELL_ROW_7_118,VGND,li1,83.0300,32.3480,0.000025
TAP_TAPCELL_ROW_7_117,VGND,li1,57.2700,32.3480,0.000013
TAP_TAPCELL_ROW_7_116,VGND,li1,31.5100,32.3480,0.000006
TAP_TAPCELL_ROW_6_115,VGND,li1,95.9100,27.4910,0.000021
TAP_TAPCELL_ROW_6_114,VGND,li1,70.1500,27.4910,0.000009
TAP_TAPCELL_ROW_6_113,VGND,li1,44.3900,27.4910,0.000004
TAP_TAPCELL_ROW_6_112,VGND,li1,18.6300,27.4910,0.000004
TAP_TAPCELL_ROW_5_111,VGND,li1,108.7900,26.9080,0.000015
TAP_TAPCELL_ROW_5_110,VGND,li1,83.0300,26.9080,0.000015
TAP_TAPCELL_ROW_5_109,VGND,li1,57.2700,26.9080,0.000005
TAP_TAPCELL_ROW_5_108,VGND,li1,31.5100,26.9080,0.000005
TAP_TAPCELL_ROW_4_107,VGND,li1,95.9100,22.0510,0.000016
TAP_TAPCELL_ROW_4_106,VGND,li1,70.1500,22.0510,0.000016
TAP_TAPCELL_ROW_4_105,VGND,li1,44.3900,22.0510,0.000004
TAP_TAPCELL_ROW_4_104,VGND,li1,18.6300,22.0510,0.000001
TAP_TAPCELL_ROW_3_103,VGND,li1,108.7900,21.4680,0.000010
TAP_TAPCELL_ROW_3_102,VGND,li1,83.0300,21.4680,0.000019
TAP_TAPCELL_ROW_3_101,VGND,li1,57.2700,21.4680,0.000009
TAP_TAPCELL_ROW_3_100,VGND,li1,31.5100,21.4680,0.000002
TAP_TAPCELL_ROW_2_99,VGND,li1,95.9100,16.6110,0.000018
TAP_TAPCELL_ROW_2_98,VGND,li1,70.1500,16.6110,0.000018
TAP_TAPCELL_ROW_2_97,VGND,li1,44.3900,16.6110,0.000008
TAP_TAPCELL_ROW_2_96,VGND,li1,18.6300,16.6110,0.000004
TAP_TAPCELL_ROW_1_95,VGND,li1,108.7900,16.0280,0.000009
TAP_TAPCELL_ROW_1_94,VGND,li1,83.0300,16.0280,0.000018
TAP_TAPCELL_ROW_1_93,VGND,li1,57.2700,16.0280,0.000010
TAP_TAPCELL_ROW_1_92,VGND,li1,31.5100,16.0280,0.000008
TAP_TAPCELL_ROW_0_91,VGND,li1,108.7900,11.1710,0.000006
TAP_TAPCELL_ROW_0_90,VGND,li1,95.9100,11.1710,0.000007
TAP_TAPCELL_ROW_0_89,VGND,li1,83.0300,11.1710,0.000010
TAP_TAPCELL_ROW_0_88,VGND,li1,70.1500,11.1710,0.000008
TAP_TAPCELL_ROW_0_87,VGND,li1,57.2700,11.1710,0.000006
TAP_TAPCELL_ROW_0_86,VGND,li1,44.3900,11.1710,0.000005
TAP_TAPCELL_ROW_0_85,VGND,li1,31.5100,11.1710,0.000004
TAP_TAPCELL_ROW_0_84,VGND,li1,18.6300,11.1710,0.000002
PHY_EDGE_ROW_41_Left_83,VGND,li1,6.2100,125.1200,0.000005
PHY_EDGE_ROW_40_Left_82,VGND,li1,6.2100,119.6800,0.000014
PHY_EDGE_ROW_39_Left_81,VGND,li1,6.2100,119.6800,0.000014
PHY_EDGE_ROW_38_Left_80,VGND,li1,6.2100,114.2400,0.000006
PHY_EDGE_ROW_37_Left_79,VGND,li1,6.2100,114.2400,0.000006
PHY_EDGE_ROW_36_Left_78,VGND,li1,6.2100,108.8000,0.000022
PHY_EDGE_ROW_35_Left_77,VGND,li1,6.2100,108.8000,0.000022
PHY_EDGE_ROW_34_Left_76,VGND,li1,6.2100,103.3600,0.000014
PHY_EDGE_ROW_33_Left_75,VGND,li1,6.2100,103.3600,0.000014
PHY_EDGE_ROW_32_Left_74,VGND,li1,6.2100,97.9200,0.000016
PHY_EDGE_ROW_31_Left_73,VGND,li1,6.2100,97.9200,0.000016
PHY_EDGE_ROW_30_Left_72,VGND,li1,6.2100,92.4800,0.000013
PHY_EDGE_ROW_29_Left_71,VGND,li1,6.2100,92.4800,0.000013
PHY_EDGE_ROW_28_Left_70,VGND,li1,6.2100,87.0400,0.000005
PHY_EDGE_ROW_27_Left_69,VGND,li1,6.2100,87.0400,0.000005
PHY_EDGE_ROW_26_Left_68,VGND,li1,6.2100,81.6000,0.000029
PHY_EDGE_ROW_25_Left_67,VGND,li1,6.2100,81.6000,0.000029
PHY_EDGE_ROW_24_Left_66,VGND,li1,6.2100,76.1600,0.000010
PHY_EDGE_ROW_23_Left_65,VGND,li1,6.2100,76.1600,0.000010
PHY_EDGE_ROW_22_Left_64,VGND,li1,6.2100,70.7200,0.000020
PHY_EDGE_ROW_21_Left_63,VGND,li1,6.2100,70.7200,0.000020
PHY_EDGE_ROW_20_Left_62,VGND,li1,6.2100,65.2800,0.000048
PHY_EDGE_ROW_19_Left_61,VGND,li1,6.2100,65.2800,0.000048
PHY_EDGE_ROW_18_Left_60,VGND,li1,6.2100,59.8400,0.000007
PHY_EDGE_ROW_17_Left_59,VGND,li1,6.2100,59.8400,0.000007
PHY_EDGE_ROW_16_Left_58,VGND,li1,6.2100,54.4000,0.000043
PHY_EDGE_ROW_15_Left_57,VGND,li1,6.2100,54.4000,0.000043
PHY_EDGE_ROW_14_Left_56,VGND,li1,6.2100,48.9600,0.000025
PHY_EDGE_ROW_13_Left_55,VGND,li1,6.2100,48.9600,0.000025
PHY_EDGE_ROW_12_Left_54,VGND,li1,6.2100,43.5200,0.000026
PHY_EDGE_ROW_11_Left_53,VGND,li1,6.2100,43.5200,0.000026
PHY_EDGE_ROW_10_Left_52,VGND,li1,6.2100,38.0800,0.000018
PHY_EDGE_ROW_9_Left_51,VGND,li1,6.2100,38.0800,0.000018
PHY_EDGE_ROW_8_Left_50,VGND,li1,6.2100,32.6400,0.000002
PHY_EDGE_ROW_7_Left_49,VGND,li1,6.2100,32.6400,0.000002
PHY_EDGE_ROW_6_Left_48,VGND,li1,6.2100,27.2000,0.000003
PHY_EDGE_ROW_5_Left_47,VGND,li1,6.2100,27.2000,0.000003
PHY_EDGE_ROW_4_Left_46,VGND,li1,6.2100,21.7600,0.000001
PHY_EDGE_ROW_3_Left_45,VGND,li1,6.2100,21.7600,0.000001
PHY_EDGE_ROW_2_Left_44,VGND,li1,6.2100,16.3200,0.000003
PHY_EDGE_ROW_1_Left_43,VGND,li1,6.2100,16.3200,0.000003
PHY_EDGE_ROW_0_Left_42,VGND,li1,6.2100,10.8800,0.000001
PHY_EDGE_ROW_41_Right_41,VGND,li1,119.3700,125.1200,0.000002
PHY_EDGE_ROW_40_Right_40,VGND,li1,119.3700,119.6800,0.000004
PHY_EDGE_ROW_39_Right_39,VGND,li1,119.3700,119.6800,0.000004
PHY_EDGE_ROW_38_Right_38,VGND,li1,119.3700,114.2400,0.000003
PHY_EDGE_ROW_37_Right_37,VGND,li1,119.3700,114.2400,0.000003
PHY_EDGE_ROW_36_Right_36,VGND,li1,119.3700,108.8000,0.000008
PHY_EDGE_ROW_35_Right_35,VGND,li1,119.3700,108.8000,0.000008
PHY_EDGE_ROW_34_Right_34,VGND,li1,119.3700,103.3600,0.000006
PHY_EDGE_ROW_33_Right_33,VGND,li1,119.3700,103.3600,0.000006
PHY_EDGE_ROW_32_Right_32,VGND,li1,119.3700,97.9200,0.000009
PHY_EDGE_ROW_31_Right_31,VGND,li1,119.3700,97.9200,0.000009
PHY_EDGE_ROW_30_Right_30,VGND,li1,119.3700,92.4800,0.000017
PHY_EDGE_ROW_29_Right_29,VGND,li1,119.3700,92.4800,0.000017
PHY_EDGE_ROW_28_Right_28,VGND,li1,119.3700,87.0400,0.000021
PHY_EDGE_ROW_27_Right_27,VGND,li1,119.3700,87.0400,0.000021
PHY_EDGE_ROW_26_Right_26,VGND,li1,119.3700,81.6000,0.000017
PHY_EDGE_ROW_25_Right_25,VGND,li1,119.3700,81.6000,0.000017
PHY_EDGE_ROW_24_Right_24,VGND,li1,119.3700,76.1600,0.000012
PHY_EDGE_ROW_23_Right_23,VGND,li1,119.3700,76.1600,0.000012
PHY_EDGE_ROW_22_Right_22,VGND,li1,119.3700,70.7200,0.000013
PHY_EDGE_ROW_21_Right_21,VGND,li1,119.3700,70.7200,0.000013
PHY_EDGE_ROW_20_Right_20,VGND,li1,119.3700,65.2800,0.000015
PHY_EDGE_ROW_19_Right_19,VGND,li1,119.3700,65.2800,0.000015
PHY_EDGE_ROW_18_Right_18,VGND,li1,119.3700,59.8400,0.000016
PHY_EDGE_ROW_17_Right_17,VGND,li1,119.3700,59.8400,0.000016
PHY_EDGE_ROW_16_Right_16,VGND,li1,119.3700,54.4000,0.000013
PHY_EDGE_ROW_15_Right_15,VGND,li1,119.3700,54.4000,0.000013
PHY_EDGE_ROW_14_Right_14,VGND,li1,119.3700,48.9600,0.000012
PHY_EDGE_ROW_13_Right_13,VGND,li1,119.3700,48.9600,0.000012
PHY_EDGE_ROW_12_Right_12,VGND,li1,119.3700,43.5200,0.000012
PHY_EDGE_ROW_11_Right_11,VGND,li1,119.3700,43.5200,0.000012
PHY_EDGE_ROW_10_Right_10,VGND,li1,119.3700,38.0800,0.000009
PHY_EDGE_ROW_9_Right_9,VGND,li1,119.3700,38.0800,0.000009
PHY_EDGE_ROW_8_Right_8,VGND,li1,119.3700,32.6400,0.000012
PHY_EDGE_ROW_7_Right_7,VGND,li1,119.3700,32.6400,0.000012
PHY_EDGE_ROW_6_Right_6,VGND,li1,119.3700,27.2000,0.000008
PHY_EDGE_ROW_5_Right_5,VGND,li1,119.3700,27.2000,0.000008
PHY_EDGE_ROW_4_Right_4,VGND,li1,119.3700,21.7600,0.000005
PHY_EDGE_ROW_3_Right_3,VGND,li1,119.3700,21.7600,0.000005
PHY_EDGE_ROW_2_Right_2,VGND,li1,119.3700,16.3200,0.000005
PHY_EDGE_ROW_1_Right_1,VGND,li1,119.3700,16.3200,0.000005
PHY_EDGE_ROW_0_Right_0,VGND,li1,119.3700,10.8800,0.000004
_949_,VGND,li1,55.6600,48.9600,0.000026
_948_,VGND,li1,57.0400,43.5200,0.000015
_947_,VGND,li1,63.0200,16.3200,0.000014
_946_,VGND,li1,62.1000,21.7600,0.000013
_945_,VGND,li1,37.7200,16.3200,0.000011
_944_,VGND,li1,30.8200,16.3200,0.000008
_943_,VGND,li1,28.2900,27.2000,0.000006
_942_,VGND,li1,35.1900,32.6400,0.000008
_941_,VGND,li1,52.2100,32.6400,0.000013
_940_,VGND,li1,37.0300,38.0800,0.000015
_939_,VGND,li1,49.2200,59.8400,0.000017
_938_,VGND,li1,56.5800,70.7200,0.000042
_937_,VGND,li1,68.0800,48.9600,0.000031
_936_,VGND,li1,94.7600,32.6400,0.000027
_935_,VGND,li1,70.8400,16.3200,0.000018
_934_,VGND,li1,92.4600,16.3200,0.000018
_933_,VGND,li1,74.0600,32.6400,0.000018
_932_,VGND,li1,85.5600,48.9600,0.000027
_931_,VGND,li1,102.1200,54.4000,0.000020
_930_,VGND,li1,77.7400,76.1600,0.000017
_929_,VGND,li1,104.4200,92.4800,0.000023
_928_,VGND,li1,100.2800,76.1600,0.000018
_927_,VGND,li1,99.3600,65.2800,0.000019
_926_,VGND,li1,76.3600,65.2800,0.000017
_925_,VGND,li1,85.5600,92.4800,0.000037
_924_,VGND,li1,87.4000,108.8000,0.000018
_923_,VGND,li1,64.8600,119.6800,0.000024
_922_,VGND,li1,86.0200,119.6800,0.000020
_921_,VGND,li1,64.8600,103.3600,0.000033
_920_,VGND,li1,63.9400,87.0400,0.000026
_919_,VGND,li1,43.2400,114.2400,0.000016
_918_,VGND,li1,40.4800,87.0400,0.000019
_917_,VGND,li1,19.7800,97.9200,0.000014
_916_,VGND,li1,19.7800,108.8000,0.000031
_915_,VGND,li1,21.1600,119.6800,0.000024
_914_,VGND,li1,43.7000,108.8000,0.000028
_913_,VGND,li1,14.7200,81.6000,0.000025
_912_,VGND,li1,33.1200,65.2800,0.000032
_911_,VGND,li1,11.0400,54.4000,0.000041
_910_,VGND,li1,12.8800,43.5200,0.000023
_909_,VGND,li1,31.7400,48.9600,0.000026
_908_,VGND,li1,11.5000,70.7200,0.000017
_907_,VGND,li1,66.2400,59.8400,0.000024
_906_,VGND,li1,65.3200,76.1600,0.000020
_905_,VGND,li1,67.6200,59.8400,0.000024
_904_,VGND,li1,104.8800,38.0800,0.000014
_903_,VGND,li1,89.7000,16.3200,0.000018
_902_,VGND,li1,100.7400,16.3200,0.000016
_901_,VGND,li1,86.9400,32.6400,0.000024
_900_,VGND,li1,91.0800,43.5200,0.000025
_899_,VGND,li1,108.1000,43.5200,0.000024
_898_,VGND,li1,88.3200,76.1600,0.000018
_897_,VGND,li1,112.2400,87.0400,0.000031
_896_,VGND,li1,112.7000,76.1600,0.000018
_895_,VGND,li1,112.7000,59.8400,0.000020
_894_,VGND,li1,87.8600,59.8400,0.000025
_893_,VGND,li1,93.8400,87.0400,0.000029
_892_,VGND,li1,99.8200,103.3600,0.000022
_891_,VGND,li1,74.0600,114.2400,0.000017
_890_,VGND,li1,99.8200,114.2400,0.000013
_889_,VGND,li1,73.1400,103.3600,0.000029
_888_,VGND,li1,69.9200,87.0400,0.000026
_887_,VGND,li1,53.3600,119.6800,0.000024
_886_,VGND,li1,53.3600,87.0400,0.000023
_885_,VGND,li1,30.3600,87.0400,0.000012
_884_,VGND,li1,27.6000,103.3600,0.000021
_883_,VGND,li1,31.7400,119.6800,0.000022
_882_,VGND,li1,53.3600,103.3600,0.000035
_881_,VGND,li1,27.6000,81.6000,0.000021
_880_,VGND,li1,40.0200,70.7200,0.000025
_879_,VGND,li1,22.5400,54.4000,0.000040
_878_,VGND,li1,23.4600,38.0800,0.000019
_877_,VGND,li1,38.1800,54.4000,0.000039
_876_,VGND,li1,19.7800,70.7200,0.000020
_875_,VGND,li1,61.1800,65.2800,0.000016
_874_,VGND,li1,66.2400,70.7200,0.000076
_873_,VGND,li1,74.5200,43.5200,0.000022
_872_,VGND,li1,112.2400,32.6400,0.000018
_871_,VGND,li1,81.8800,21.7600,0.000019
_870_,VGND,li1,103.5000,21.7600,0.000012
_869_,VGND,li1,83.7200,32.6400,0.000025
_868_,VGND,li1,99.8200,43.5200,0.000035
_867_,VGND,li1,114.5400,54.4000,0.000017
_866_,VGND,li1,90.1600,70.7200,0.000020
_865_,VGND,li1,114.5400,87.0400,0.000029
_864_,VGND,li1,113.1600,70.7200,0.000018
_863_,VGND,li1,113.1600,65.2800,0.000018
_862_,VGND,li1,89.2400,59.8400,0.000025
_861_,VGND,li1,99.8200,87.0400,0.000033
_860_,VGND,li1,99.3600,108.8000,0.000015
_859_,VGND,li1,77.2800,119.6800,0.000020
_858_,VGND,li1,99.8200,119.6800,0.000014
_857_,VGND,li1,78.6600,108.8000,0.000019
_856_,VGND,li1,76.3600,87.0400,0.000022
_855_,VGND,li1,53.3600,119.6800,0.000024
_854_,VGND,li1,51.5200,92.4800,0.000035
_853_,VGND,li1,39.1000,92.4800,0.000023
_852_,VGND,li1,39.1000,103.3600,0.000027
_851_,VGND,li1,35.4200,119.6800,0.000025
_850_,VGND,li1,53.3600,108.8000,0.000026
_849_,VGND,li1,27.6000,76.1600,0.000014
_848_,VGND,li1,44.1600,76.1600,0.000016
_847_,VGND,li1,22.5400,48.9600,0.000025
_846_,VGND,li1,25.3000,38.0800,0.000018
_845_,VGND,li1,40.4800,48.9600,0.000031
_844_,VGND,li1,23.4600,65.2800,0.000037
_843_,VGND,li1,55.2000,38.0800,0.000014
_842_,VGND,li1,62.1000,32.6400,0.000015
_841_,VGND,li1,49.2200,59.8400,0.000017
_840_,VGND,li1,53.3600,76.1600,0.000022
_839_,VGND,li1,66.2400,43.5200,0.000021
_838_,VGND,li1,102.1200,32.6400,0.000023
_837_,VGND,li1,70.8400,21.7600,0.000016
_836_,VGND,li1,92.4600,21.7600,0.000017
_835_,VGND,li1,74.0600,27.2000,0.000011
_834_,VGND,li1,83.7200,43.5200,0.000029
_833_,VGND,li1,100.7400,54.4000,0.000020
_832_,VGND,li1,77.7400,76.1600,0.000017
_831_,VGND,li1,103.9600,92.4800,0.000023
_830_,VGND,li1,100.2800,76.1600,0.000018
_829_,VGND,li1,99.8200,59.8400,0.000023
_828_,VGND,li1,76.3600,59.8400,0.000025
_827_,VGND,li1,85.1000,87.0400,0.000027
_826_,VGND,li1,86.9400,103.3600,0.000039
_825_,VGND,li1,64.4000,114.2400,0.000017
_824_,VGND,li1,86.0200,114.2400,0.000020
_823_,VGND,li1,64.8600,103.3600,0.000033
_822_,VGND,li1,63.9400,92.4800,0.000032
_821_,VGND,li1,43.2400,119.6800,0.000022
_820_,VGND,li1,40.4800,81.6000,0.000016
_819_,VGND,li1,19.3200,92.4800,0.000018
_818_,VGND,li1,19.7800,103.3600,0.000020
_817_,VGND,li1,22.5400,119.6800,0.000024
_816_,VGND,li1,43.2400,103.3600,0.000027
_815_,VGND,li1,16.1000,81.6000,0.000025
_814_,VGND,li1,35.4200,65.2800,0.000031
_813_,VGND,li1,11.0400,48.9600,0.000024
_812_,VGND,li1,12.8800,38.0800,0.000018
_811_,VGND,li1,30.8200,54.4000,0.000040
_810_,VGND,li1,11.0400,65.2800,0.000045
_809_,VGND,li1,52.6700,48.9600,0.000027
_808_,VGND,li1,47.1500,43.5200,0.000011
_807_,VGND,li1,51.2900,48.9600,0.000028
_806_,VGND,li1,47.6100,43.5200,0.000011
_805_,VGND,li1,44.3900,43.5200,0.000009
_804_,VGND,li1,50.1400,43.5200,0.000012
_803_,VGND,li1,58.1900,16.3200,0.000010
_802_,VGND,li1,54.7400,16.3200,0.000010
_801_,VGND,li1,50.8300,21.7600,0.000007
_800_,VGND,li1,48.9900,16.3200,0.000009
_799_,VGND,li1,51.7500,16.3200,0.000010
_798_,VGND,li1,56.3500,16.3200,0.000010
_797_,VGND,li1,54.9700,10.8800,0.000006
_796_,VGND,li1,52.6700,16.3200,0.000010
_795_,VGND,li1,46.6900,16.3200,0.000009
_794_,VGND,li1,46.4600,21.7600,0.000005
_793_,VGND,li1,41.8600,16.3200,0.000009
_792_,VGND,li1,54.0500,21.7600,0.000008
_791_,VGND,li1,53.8200,21.7600,0.000008
_790_,VGND,li1,37.9500,16.3200,0.000011
_789_,VGND,li1,36.5700,21.7600,0.000004
_788_,VGND,li1,40.2500,27.2000,0.000004
_787_,VGND,li1,49.9100,21.7600,0.000006
_786_,VGND,li1,37.9500,27.2000,0.000005
_785_,VGND,li1,38.4100,21.7600,0.000004
_784_,VGND,li1,28.2900,21.7600,0.000002
_783_,VGND,li1,31.5100,21.7600,0.000002
_782_,VGND,li1,29.9000,27.2000,0.000005
_781_,VGND,li1,35.8800,27.2000,0.000005
_780_,VGND,li1,34.2700,27.2000,0.000005
_779_,VGND,li1,40.7100,21.7600,0.000004
_778_,VGND,li1,33.3500,27.2000,0.000005
_777_,VGND,li1,32.4300,21.7600,0.000003
_776_,VGND,li1,28.2900,27.2000,0.000006
_775_,VGND,li1,38.4100,38.0800,0.000015
_774_,VGND,li1,43.7000,38.0800,0.000012
_773_,VGND,li1,41.8600,21.7600,0.000004
_772_,VGND,li1,48.5300,16.3200,0.000009
_771_,VGND,li1,42.0900,32.6400,0.000008
_770_,VGND,li1,50.3700,27.2000,0.000004
_769_,VGND,li1,48.5300,32.6400,0.000010
_768_,VGND,li1,47.3800,27.2000,0.000004
_767_,VGND,li1,45.5400,21.7600,0.000004
_766_,VGND,li1,45.3100,16.3200,0.000008
_765_,VGND,li1,46.2300,38.0800,0.000011
_764_,VGND,li1,44.1600,32.6400,0.000008
_763_,VGND,li1,39.7900,43.5200,0.000011
_762_,VGND,li1,42.0900,38.0800,0.000012
_761_,VGND,li1,45.5400,32.6400,0.000008
_760_,VGND,li1,44.1600,27.2000,0.000004
_759_,VGND,li1,59.1100,27.2000,0.000005
_758_,VGND,li1,41.1700,32.6400,0.000008
_757_,VGND,li1,48.0700,65.2800,0.000019
_756_,VGND,li1,51.2900,65.2800,0.000019
_755_,VGND,li1,58.1900,76.1600,0.000019
_754_,VGND,li1,58.6500,76.1600,0.000019
_753_,VGND,li1,63.7100,48.9600,0.000027
_752_,VGND,li1,78.8900,48.9600,0.000030
_751_,VGND,li1,93.1500,27.2000,0.000018
_750_,VGND,li1,93.6100,32.6400,0.000027
_749_,VGND,li1,69.2300,16.3200,0.000017
_748_,VGND,li1,72.9100,16.3200,0.000016
_747_,VGND,li1,94.0700,16.3200,0.000018
_746_,VGND,li1,93.6100,21.7600,0.000017
_745_,VGND,li1,68.3100,32.6400,0.000017
_744_,VGND,li1,79.8100,32.6400,0.000023
_743_,VGND,li1,82.1100,48.9600,0.000030
_742_,VGND,li1,85.7900,43.5200,0.000028
_741_,VGND,li1,71.3000,38.0800,0.000023
_740_,VGND,li1,100.9700,48.9600,0.000019
_739_,VGND,li1,107.8700,54.4000,0.000017
_738_,VGND,li1,76.5900,81.6000,0.000009
_737_,VGND,li1,79.8100,70.7200,0.000035
_736_,VGND,li1,103.2700,97.9200,0.000011
_735_,VGND,li1,105.5700,81.6000,0.000018
_734_,VGND,li1,99.5900,81.6000,0.000016
_733_,VGND,li1,102.3500,81.6000,0.000018
_732_,VGND,li1,98.2100,65.2800,0.000019
_731_,VGND,li1,105.1100,65.2800,0.000015
_730_,VGND,li1,75.2100,65.2800,0.000015
_729_,VGND,li1,78.8900,65.2800,0.000018
_728_,VGND,li1,76.3600,54.4000,0.000012
_727_,VGND,li1,84.4100,87.0400,0.000026
_726_,VGND,li1,88.0900,87.0400,0.000025
_725_,VGND,li1,82.5700,103.3600,0.000036
_724_,VGND,li1,92.6900,103.3600,0.000027
_723_,VGND,li1,64.1700,119.6800,0.000024
_722_,VGND,li1,67.8500,119.6800,0.000023
_721_,VGND,li1,84.8700,114.2400,0.000020
_720_,VGND,li1,91.7700,114.2400,0.000015
_719_,VGND,li1,64.1700,108.8000,0.000019
_718_,VGND,li1,67.8500,108.8000,0.000019
_717_,VGND,li1,59.5700,92.4800,0.000034
_716_,VGND,li1,66.9300,97.9200,0.000011
_715_,VGND,li1,78.2000,87.0400,0.000023
_714_,VGND,li1,42.0900,119.6800,0.000023
_713_,VGND,li1,46.6900,119.6800,0.000020
_712_,VGND,li1,39.3300,87.0400,0.000018
_711_,VGND,li1,43.9300,92.4800,0.000022
_710_,VGND,li1,17.7100,92.4800,0.000016
_709_,VGND,li1,25.0700,92.4800,0.000017
_708_,VGND,li1,19.5500,103.3600,0.000020
_707_,VGND,li1,22.7700,103.3600,0.000021
_706_,VGND,li1,20.0100,114.2400,0.000009
_705_,VGND,li1,23.6900,114.2400,0.000011
_704_,VGND,li1,45.3100,103.3600,0.000025
_703_,VGND,li1,46.6900,108.8000,0.000028
_702_,VGND,li1,40.9400,92.4800,0.000023
_701_,VGND,li1,11.7300,81.6000,0.000026
_700_,VGND,li1,20.9300,76.1600,0.000014
_699_,VGND,li1,30.5900,70.7200,0.000017
_698_,VGND,li1,34.7300,70.7200,0.000022
_697_,VGND,li1,11.2700,54.4000,0.000041
_696_,VGND,li1,14.0300,54.4000,0.000032
_695_,VGND,li1,11.7300,43.5200,0.000023
_694_,VGND,li1,15.4100,43.5200,0.000018
_693_,VGND,li1,32.4300,54.4000,0.000040
_692_,VGND,li1,29.2100,48.9600,0.000023
_691_,VGND,li1,10.3500,70.7200,0.000019
_690_,VGND,li1,14.0300,70.7200,0.000016
_689_,VGND,li1,40.4800,81.6000,0.000016
_688_,VGND,li1,69.0000,54.4000,0.000016
_687_,VGND,li1,64.6300,32.6400,0.000015
_686_,VGND,li1,54.9700,65.2800,0.000019
_685_,VGND,li1,54.9700,59.8400,0.000017
_684_,VGND,li1,59.5700,76.1600,0.000017
_683_,VGND,li1,65.0900,65.2800,0.000017
_682_,VGND,li1,65.5500,54.4000,0.000017
_681_,VGND,li1,73.3700,59.8400,0.000021
_680_,VGND,li1,106.4900,32.6400,0.000018
_679_,VGND,li1,103.7300,38.0800,0.000014
_678_,VGND,li1,79.3500,16.3200,0.000017
_677_,VGND,li1,85.3300,21.7600,0.000018
_676_,VGND,li1,108.7900,16.3200,0.000009
_675_,VGND,li1,100.5100,27.2000,0.000025
_674_,VGND,li1,79.3500,32.6400,0.000022
_673_,VGND,li1,85.3300,27.2000,0.000015
_672_,VGND,li1,88.0900,38.0800,0.000015
_671_,VGND,li1,94.0700,43.5200,0.000030
_670_,VGND,li1,106.0300,48.9600,0.000015
_669_,VGND,li1,111.0900,48.9600,0.000017
_668_,VGND,li1,79.1200,43.5200,0.000026
_667_,VGND,li1,82.1100,76.1600,0.000018
_666_,VGND,li1,88.0900,81.6000,0.000012
_665_,VGND,li1,113.8500,97.9200,0.000012
_664_,VGND,li1,111.0900,92.4800,0.000022
_663_,VGND,li1,117.5300,70.7200,0.000015
_662_,VGND,li1,111.0900,70.7200,0.000017
_661_,VGND,li1,107.8700,65.2800,0.000017
_660_,VGND,li1,111.0900,59.8400,0.000020
_659_,VGND,li1,86.2500,65.2800,0.000017
_658_,VGND,li1,93.6100,59.8400,0.000023
_657_,VGND,li1,93.6100,87.0400,0.000029
_656_,VGND,li1,93.1500,81.6000,0.000013
_655_,VGND,li1,84.6400,59.8400,0.000027
_654_,VGND,li1,96.8300,97.9200,0.000012
_653_,VGND,li1,93.6100,108.8000,0.000016
_652_,VGND,li1,71.5300,119.6800,0.000021
_651_,VGND,li1,73.3700,114.2400,0.000017
_650_,VGND,li1,94.5300,114.2400,0.000014
_649_,VGND,li1,101.4300,119.6800,0.000014
_648_,VGND,li1,69.2300,103.3600,0.000031
_647_,VGND,li1,73.8300,97.9200,0.000010
_646_,VGND,li1,68.3100,87.0400,0.000026
_645_,VGND,li1,72.4500,81.6000,0.000009
_644_,VGND,li1,48.9900,119.6800,0.000021
_643_,VGND,li1,54.5100,114.2400,0.000016
_642_,VGND,li1,58.4200,81.6000,0.000010
_641_,VGND,li1,51.7500,81.6000,0.000012
_640_,VGND,li1,57.2700,87.0400,0.000021
_639_,VGND,li1,28.7500,92.4800,0.000017
_638_,VGND,li1,33.8100,97.9200,0.000010
_637_,VGND,li1,29.6700,114.2400,0.000011
_636_,VGND,li1,33.8100,108.8000,0.000039
_635_,VGND,li1,26.4500,119.6800,0.000022
_634_,VGND,li1,33.8100,114.2400,0.000013
_633_,VGND,li1,53.1300,108.8000,0.000026
_632_,VGND,li1,59.5700,108.8000,0.000018
_631_,VGND,li1,26.9100,76.1600,0.000014
_630_,VGND,li1,28.7500,87.0400,0.000012
_629_,VGND,li1,54.2800,81.6000,0.000012
_628_,VGND,li1,35.6500,76.1600,0.000014
_627_,VGND,li1,38.4100,76.1600,0.000015
_626_,VGND,li1,17.7100,54.4000,0.000036
_625_,VGND,li1,20.4700,59.8400,0.000009
_624_,VGND,li1,19.5500,38.0800,0.000018
_623_,VGND,li1,31.0500,38.0800,0.000014
_622_,VGND,li1,34.2700,54.4000,0.000040
_621_,VGND,li1,46.6900,54.4000,0.000035
_620_,VGND,li1,17.7100,70.7200,0.000018
_619_,VGND,li1,20.9300,70.7200,0.000020
_618_,VGND,li1,56.3500,65.2800,0.000018
_617_,VGND,li1,59.5700,59.8400,0.000016
_616_,VGND,li1,65.0900,81.6000,0.000010
_615_,VGND,li1,71.9900,76.1600,0.000017
_614_,VGND,li1,76.1300,43.5200,0.000024
_613_,VGND,li1,85.3300,48.9600,0.000027
_612_,VGND,li1,100.9700,38.0800,0.000015
_611_,VGND,li1,106.0300,27.2000,0.000017
_610_,VGND,li1,88.0900,21.7600,0.000017
_609_,VGND,li1,85.3300,16.3200,0.000018
_608_,VGND,li1,106.9500,21.7600,0.000011
_607_,VGND,li1,102.3500,16.3200,0.000016
_606_,VGND,li1,81.6500,27.2000,0.000015
_605_,VGND,li1,85.3300,38.0800,0.000017
_604_,VGND,li1,96.8300,43.5200,0.000031
_603_,VGND,li1,98.2100,38.0800,0.000016
_602_,VGND,li1,73.1400,38.0800,0.000024
_601_,VGND,li1,107.8700,48.9600,0.000016
_600_,VGND,li1,112.0100,54.4000,0.000017
_599_,VGND,li1,83.9500,76.1600,0.000018
_598_,VGND,li1,94.0700,76.1600,0.000016
_597_,VGND,li1,116.6100,97.9200,0.000011
_596_,VGND,li1,112.4700,81.6000,0.000028
_595_,VGND,li1,104.6500,76.1600,0.000014
_594_,VGND,li1,116.1500,81.6000,0.000021
_593_,VGND,li1,108.3300,59.8400,0.000019
_592_,VGND,li1,107.4100,65.2800,0.000017
_591_,VGND,li1,87.6300,65.2800,0.000016
_590_,VGND,li1,88.0900,54.4000,0.000013
_589_,VGND,li1,85.1000,81.6000,0.000012
_588_,VGND,li1,94.0700,92.4800,0.000028
_587_,VGND,li1,98.2100,92.4800,0.000026
_586_,VGND,li1,100.9700,103.3600,0.000022
_585_,VGND,li1,105.5700,103.3600,0.000013
_584_,VGND,li1,83.9500,119.6800,0.000020
_583_,VGND,li1,79.8100,114.2400,0.000020
_582_,VGND,li1,94.9900,114.2400,0.000014
_581_,VGND,li1,93.6100,119.6800,0.000015
_580_,VGND,li1,80.2700,97.9200,0.000014
_579_,VGND,li1,78.8900,103.3600,0.000032
_578_,VGND,li1,74.7500,92.4800,0.000025
_577_,VGND,li1,79.8100,92.4800,0.000031
_576_,VGND,li1,80.9600,97.9200,0.000014
_575_,VGND,li1,47.6100,119.6800,0.000021
_574_,VGND,li1,53.1300,125.1200,0.000011
_573_,VGND,li1,47.1500,92.4800,0.000027
_572_,VGND,li1,51.2900,92.4800,0.000035
_571_,VGND,li1,36.1100,87.0400,0.000017
_570_,VGND,li1,34.2700,92.4800,0.000020
_569_,VGND,li1,39.3300,108.8000,0.000036
_568_,VGND,li1,33.8100,103.3600,0.000023
_567_,VGND,li1,36.1100,119.6800,0.000025
_566_,VGND,li1,29.2100,119.6800,0.000019
_565_,VGND,li1,48.9900,103.3600,0.000029
_564_,VGND,li1,52.6700,97.9200,0.000010
_563_,VGND,li1,56.1200,92.4800,0.000039
_562_,VGND,li1,25.9900,87.0400,0.000010
_561_,VGND,li1,33.8100,81.6000,0.000018
_560_,VGND,li1,49.4500,70.7200,0.000033
_559_,VGND,li1,46.6900,70.7200,0.000029
_558_,VGND,li1,15.8700,54.4000,0.000034
_557_,VGND,li1,22.3100,48.9600,0.000025
_556_,VGND,li1,20.9300,38.0800,0.000018
_555_,VGND,li1,25.0700,43.5200,0.000016
_554_,VGND,li1,36.1100,48.9600,0.000029
_553_,VGND,li1,38.8700,48.9600,0.000031
_552_,VGND,li1,17.7100,59.8400,0.000008
_551_,VGND,li1,25.5300,70.7200,0.000019
_550_,VGND,li1,48.7600,76.1600,0.000020
_549_,VGND,li1,71.3000,54.4000,0.000015
_548_,VGND,li1,67.3900,38.0800,0.000020
_547_,VGND,li1,51.5200,43.5200,0.000013
_546_,VGND,li1,50.8300,32.6400,0.000012
_545_,VGND,li1,60.4900,38.0800,0.000015
_544_,VGND,li1,52.9000,70.7200,0.000037
_543_,VGND,li1,67.1600,54.4000,0.000017
_542_,VGND,li1,64.6300,38.0800,0.000017
_541_,VGND,li1,57.2700,32.6400,0.000013
_540_,VGND,li1,59.1100,32.6400,0.000012
_539_,VGND,li1,62.3300,27.2000,0.000007
_538_,VGND,li1,64.1700,27.2000,0.000007
_537_,VGND,li1,61.4100,32.6400,0.000015
_536_,VGND,li1,56.1200,21.7600,0.000009
_535_,VGND,li1,43.4700,59.8400,0.000012
_534_,VGND,li1,51.7500,54.4000,0.000030
_533_,VGND,li1,52.2100,70.7200,0.000037
_532_,VGND,li1,54.5100,76.1600,0.000022
_531_,VGND,li1,62.3300,48.9600,0.000025
_530_,VGND,li1,67.8500,48.9600,0.000031
_529_,VGND,li1,94.5300,27.2000,0.000019
_528_,VGND,li1,95.4500,38.0800,0.000015
_527_,VGND,li1,75.6700,16.3200,0.000015
_526_,VGND,li1,76.5900,16.3200,0.000015
_525_,VGND,li1,91.3100,10.8800,0.000009
_524_,VGND,li1,98.2100,16.3200,0.000017
_523_,VGND,li1,69.6900,32.6400,0.000017
_522_,VGND,li1,75.2100,32.6400,0.000018
_521_,VGND,li1,82.1100,43.5200,0.000027
_520_,VGND,li1,89.9300,43.5200,0.000025
_519_,VGND,li1,69.0000,38.0800,0.000022
_518_,VGND,li1,99.5900,48.9600,0.000019
_517_,VGND,li1,106.4900,54.4000,0.000016
_516_,VGND,li1,76.5900,70.7200,0.000040
_515_,VGND,li1,79.3500,81.6000,0.000011
_514_,VGND,li1,101.8900,87.0400,0.000032
_513_,VGND,li1,105.5700,87.0400,0.000031
_512_,VGND,li1,100.5100,70.7200,0.000018
_511_,VGND,li1,106.0300,76.1600,0.000014
_510_,VGND,li1,94.9900,65.2800,0.000017
_509_,VGND,li1,101.4300,65.2800,0.000017
_508_,VGND,li1,71.9900,65.2800,0.000016
_507_,VGND,li1,82.1100,59.8400,0.000027
_506_,VGND,li1,71.7600,59.8400,0.000022
_505_,VGND,li1,83.9500,97.9200,0.000015
_504_,VGND,li1,90.8500,87.0400,0.000024
_503_,VGND,li1,82.1100,103.3600,0.000034
_502_,VGND,li1,88.0900,97.9200,0.000014
_501_,VGND,li1,60.4900,119.6800,0.000020
_500_,VGND,li1,67.3900,114.2400,0.000017
_499_,VGND,li1,86.2500,114.2400,0.000020
_498_,VGND,li1,87.6300,119.6800,0.000017
_497_,VGND,li1,62.7900,108.8000,0.000019
_496_,VGND,li1,71.9900,108.8000,0.000018
_495_,VGND,li1,63.2500,92.4800,0.000032
_494_,VGND,li1,66.9300,92.4800,0.000031
_493_,VGND,li1,71.7600,87.0400,0.000025
_492_,VGND,li1,42.0900,114.2400,0.000016
_491_,VGND,li1,46.6900,114.2400,0.000015
_490_,VGND,li1,40.7100,87.0400,0.000019
_489_,VGND,li1,43.4700,87.0400,0.000017
_488_,VGND,li1,19.5500,92.4800,0.000018
_487_,VGND,li1,22.7700,92.4800,0.000018
_486_,VGND,li1,17.7100,103.3600,0.000017
_485_,VGND,li1,25.5300,108.8000,0.000037
_484_,VGND,li1,16.7900,119.6800,0.000018
_483_,VGND,li1,23.2300,114.2400,0.000011
_482_,VGND,li1,43.4700,103.3600,0.000027
_481_,VGND,li1,46.6900,97.9200,0.000009
_480_,VGND,li1,46.4600,81.6000,0.000013
_479_,VGND,li1,14.9500,76.1600,0.000010
_478_,VGND,li1,21.8500,81.6000,0.000024
_477_,VGND,li1,30.5900,65.2800,0.000030
_476_,VGND,li1,38.8700,65.2800,0.000028
_475_,VGND,li1,10.3500,48.9600,0.000025
_474_,VGND,li1,14.0300,48.9600,0.000021
_473_,VGND,li1,17.2500,43.5200,0.000018
_472_,VGND,li1,14.9500,38.0800,0.000015
_471_,VGND,li1,32.8900,43.5200,0.000012
_470_,VGND,li1,33.8100,48.9600,0.000028
_469_,VGND,li1,9.8900,65.2800,0.000046
_468_,VGND,li1,12.6500,65.2800,0.000045
_467_,VGND,li1,42.3200,76.1600,0.000016
_466_,VGND,li1,63.0200,59.8400,0.000019
_465_,VGND,li1,64.6300,38.0800,0.000017
_464_,VGND,li1,65.5500,65.2800,0.000017
_463_,VGND,li1,57.7300,59.8400,0.000017
_462_,VGND,li1,77.0500,70.7200,0.000038
_461_,VGND,li1,65.0900,76.1600,0.000020
_460_,VGND,li1,74.7500,54.4000,0.000012
_459_,VGND,li1,75.2100,48.9600,0.000031
_458_,VGND,li1,107.8700,32.6400,0.000018
_457_,VGND,li1,103.7300,32.6400,0.000023
_456_,VGND,li1,88.0900,16.3200,0.000018
_455_,VGND,li1,81.1900,16.3200,0.000018
_454_,VGND,li1,110.1700,16.3200,0.000008
_453_,VGND,li1,101.4300,21.7600,0.000014
_452_,VGND,li1,91.7700,38.0800,0.000015
_451_,VGND,li1,83.0300,27.2000,0.000015
_450_,VGND,li1,103.7300,48.9600,0.000017
_449_,VGND,li1,92.6900,48.9600,0.000020
_448_,VGND,li1,113.8500,43.5200,0.000017
_447_,VGND,li1,108.3300,48.9600,0.000016
_446_,VGND,li1,80.5000,54.4000,0.000014
_445_,VGND,li1,80.9600,48.9600,0.000030
_444_,VGND,li1,93.1500,76.1600,0.000016
_443_,VGND,li1,87.6300,76.1600,0.000018
_442_,VGND,li1,115.2300,97.9200,0.000012
_441_,VGND,li1,113.8500,92.4800,0.000021
_440_,VGND,li1,110.1700,87.0400,0.000031
_439_,VGND,li1,110.1700,76.1600,0.000017
_438_,VGND,li1,110.1700,54.4000,0.000017
_437_,VGND,li1,113.8500,65.2800,0.000018
_436_,VGND,li1,93.6100,65.2800,0.000017
_435_,VGND,li1,88.0900,65.2800,0.000016
_434_,VGND,li1,99.5900,92.4800,0.000026
_433_,VGND,li1,94.0700,92.4800,0.000028
_432_,VGND,li1,82.3400,54.4000,0.000014
_431_,VGND,li1,84.1800,70.7200,0.000032
_430_,VGND,li1,102.3500,103.3600,0.000018
_429_,VGND,li1,95.4500,103.3600,0.000026
_428_,VGND,li1,81.6500,119.6800,0.000020
_427_,VGND,li1,74.2900,119.6800,0.000020
_426_,VGND,li1,107.8700,119.6800,0.000008
_425_,VGND,li1,94.5300,119.6800,0.000015
_424_,VGND,li1,80.7300,103.3600,0.000034
_423_,VGND,li1,75.2100,103.3600,0.000027
_422_,VGND,li1,76.5900,97.9200,0.000012
_421_,VGND,li1,72.9100,92.4800,0.000028
_420_,VGND,li1,61.8700,119.6800,0.000022
_419_,VGND,li1,54.9700,114.2400,0.000016
_418_,VGND,li1,62.1000,87.0400,0.000023
_417_,VGND,li1,75.4400,70.7200,0.000040
_416_,VGND,li1,58.1900,97.9200,0.000010
_415_,VGND,li1,50.3700,87.0400,0.000022
_414_,VGND,li1,40.2500,97.9200,0.000009
_413_,VGND,li1,30.5900,92.4800,0.000016
_412_,VGND,li1,36.5700,97.9200,0.000010
_411_,VGND,li1,30.5900,103.3600,0.000020
_410_,VGND,li1,39.7900,114.2400,0.000016
_409_,VGND,li1,30.5900,114.2400,0.000011
_408_,VGND,li1,60.0300,97.9200,0.000009
_407_,VGND,li1,51.2900,103.3600,0.000033
_406_,VGND,li1,33.3500,81.6000,0.000018
_405_,VGND,li1,27.8300,81.6000,0.000021
_404_,VGND,li1,48.7600,81.6000,0.000013
_403_,VGND,li1,49.2200,76.1600,0.000020
_402_,VGND,li1,47.1500,70.7200,0.000029
_401_,VGND,li1,41.6300,70.7200,0.000025
_400_,VGND,li1,26.9100,59.8400,0.000008
_399_,VGND,li1,21.3900,54.4000,0.000040
_398_,VGND,li1,28.7500,43.5200,0.000014
_397_,VGND,li1,23.2300,43.5200,0.000017
_396_,VGND,li1,41.1700,59.8400,0.000012
_395_,VGND,li1,39.7900,54.4000,0.000039
_394_,VGND,li1,28.2900,70.7200,0.000018
_393_,VGND,li1,23.6900,65.2800,0.000037
_392_,VGND,li1,49.6800,54.4000,0.000032
_391_,VGND,li1,64.4000,54.4000,0.000017
_390_,VGND,li1,44.1600,65.2800,0.000022
_389_,VGND,li1,68.0800,65.2800,0.000016
