Instance,Terminal,Layer,X location,Y location,Voltage
FILLER_0_41_245,VPWR,li1,118.4500,122.4000,1.799991
FILLER_0_41_237,VPWR,li1,116.3800,122.4000,1.799991
FILLER_0_41_225,VPWR,li1,111.7800,122.4000,1.799991
FILLER_0_41_223,VPWR,li1,108.3300,122.4000,1.799989
FILLER_0_41_215,VPWR,li1,106.2600,122.4000,1.799987
FILLER_0_41_205,VPWR,li1,100.0500,122.4000,1.799983
FILLER_0_41_183,VPWR,li1,90.1600,122.4000,1.799977
FILLER_0_41_175,VPWR,li1,87.8600,122.4000,1.799976
FILLER_0_41_167,VPWR,li1,82.5700,122.4000,1.799977
FILLER_0_41_163,VPWR,li1,81.4200,122.4000,1.799977
FILLER_0_41_156,VPWR,li1,77.5100,122.4000,1.799972
FILLER_0_41_149,VPWR,li1,74.2900,122.4000,1.799974
FILLER_0_41_139,VPWR,li1,69.6900,122.4000,1.799977
FILLER_0_41_135,VPWR,li1,67.8500,122.4000,1.799979
FILLER_0_41_127,VPWR,li1,64.4000,122.4000,1.799976
FILLER_0_41_108,VPWR,li1,56.1200,122.4000,1.799974
FILLER_0_41_98,VPWR,li1,50.8300,122.4000,1.799979
FILLER_0_41_85,VPWR,li1,45.0800,122.4000,1.799977
FILLER_0_41_72,VPWR,li1,39.3300,122.4000,1.799979
FILLER_0_41_65,VPWR,li1,35.6500,122.4000,1.799978
FILLER_0_41_37,VPWR,li1,23.0000,122.4000,1.799984
FILLER_0_41_29,VPWR,li1,20.7000,122.4000,1.799985
FILLER_0_41_27,VPWR,li1,18.1700,122.4000,1.799987
FILLER_0_41_15,VPWR,li1,15.1800,122.4000,1.799989
FILLER_0_41_3,VPWR,li1,9.6600,122.4000,1.799992
FILLER_0_40_245,VPWR,li1,118.4500,122.4000,1.799991
FILLER_0_40_237,VPWR,li1,116.3800,122.4000,1.799991
FILLER_0_40_225,VPWR,li1,111.7800,122.4000,1.799991
FILLER_0_40_213,VPWR,li1,106.2600,122.4000,1.799987
FILLER_0_40_183,VPWR,li1,90.6200,122.4000,1.799977
FILLER_0_40_141,VPWR,li1,70.6100,122.4000,1.799975
FILLER_0_40_129,VPWR,li1,65.3200,122.4000,1.799976
FILLER_0_40_124,VPWR,li1,63.0200,122.4000,1.799974
FILLER_0_40_94,VPWR,li1,49.2200,122.4000,1.799978
FILLER_0_40_76,VPWR,li1,40.9400,122.4000,1.799979
FILLER_0_40_68,VPWR,li1,38.6400,122.4000,1.799980
FILLER_0_40_45,VPWR,li1,26.4500,122.4000,1.799979
FILLER_0_40_27,VPWR,li1,18.1700,122.4000,1.799987
FILLER_0_40_15,VPWR,li1,15.1800,122.4000,1.799989
FILLER_0_40_3,VPWR,li1,9.6600,122.4000,1.799992
FILLER_0_39_245,VPWR,li1,118.4500,116.9600,1.799993
FILLER_0_39_237,VPWR,li1,116.3800,116.9600,1.799993
FILLER_0_39_225,VPWR,li1,111.7800,116.9600,1.799993
FILLER_0_39_172,VPWR,li1,85.1000,116.9600,1.799983
FILLER_0_39_137,VPWR,li1,69.0000,116.9600,1.799981
FILLER_0_39_73,VPWR,li1,39.3300,116.9600,1.799981
FILLER_0_39_42,VPWR,li1,25.3000,116.9600,1.799989
FILLER_0_39_15,VPWR,li1,14.2600,116.9600,1.799993
FILLER_0_39_3,VPWR,li1,9.6600,116.9600,1.799995
FILLER_0_38_245,VPWR,li1,118.4500,116.9600,1.799993
FILLER_0_38_237,VPWR,li1,116.3800,116.9600,1.799993
FILLER_0_38_225,VPWR,li1,111.7800,116.9600,1.799993
FILLER_0_38_213,VPWR,li1,106.2600,116.9600,1.799989
FILLER_0_38_195,VPWR,li1,95.4500,116.9600,1.799986
FILLER_0_38_166,VPWR,li1,82.1100,116.9600,1.799984
FILLER_0_38_136,VPWR,li1,69.0000,116.9600,1.799981
FILLER_0_38_118,VPWR,li1,60.2600,116.9600,1.799977
FILLER_0_38_94,VPWR,li1,49.4500,116.9600,1.799980
FILLER_0_38_81,VPWR,li1,43.4700,116.9600,1.799979
FILLER_0_38_76,VPWR,li1,40.9400,116.9600,1.799981
FILLER_0_38_33,VPWR,li1,21.1600,116.9600,1.799992
FILLER_0_38_29,VPWR,li1,19.0900,116.9600,1.799992
FILLER_0_38_27,VPWR,li1,18.1700,116.9600,1.799992
FILLER_0_38_15,VPWR,li1,15.1800,116.9600,1.799993
FILLER_0_38_3,VPWR,li1,9.6600,116.9600,1.799995
FILLER_0_37_245,VPWR,li1,118.4500,111.5200,1.799997
FILLER_0_37_237,VPWR,li1,116.3800,111.5200,1.799997
FILLER_0_37_225,VPWR,li1,111.7800,111.5200,1.799997
FILLER_0_37_220,VPWR,li1,107.6400,111.5200,1.799996
FILLER_0_37_208,VPWR,li1,103.9600,111.5200,1.799995
FILLER_0_37_196,VPWR,li1,98.4400,111.5200,1.799994
FILLER_0_37_189,VPWR,li1,93.3800,111.5200,1.799992
FILLER_0_37_177,VPWR,li1,87.8600,111.5200,1.799991
FILLER_0_37_169,VPWR,li1,83.7200,111.5200,1.799990
FILLER_0_37_139,VPWR,li1,70.3800,111.5200,1.799988
FILLER_0_37_129,VPWR,li1,65.0900,111.5200,1.799988
FILLER_0_37_125,VPWR,li1,63.9400,111.5200,1.799987
FILLER_0_37_113,VPWR,li1,60.2600,111.5200,1.799986
FILLER_0_37_111,VPWR,li1,56.8100,111.5200,1.799985
FILLER_0_37_98,VPWR,li1,51.5200,111.5200,1.799981
FILLER_0_37_66,VPWR,li1,37.7200,111.5200,1.799974
FILLER_0_37_54,VPWR,li1,30.8200,111.5200,1.799977
FILLER_0_37_33,VPWR,li1,20.9300,111.5200,1.799987
FILLER_0_37_27,VPWR,li1,19.3200,111.5200,1.799988
FILLER_0_37_15,VPWR,li1,15.1800,111.5200,1.799990
FILLER_0_37_3,VPWR,li1,9.6600,111.5200,1.799993
FILLER_0_36_234,VPWR,li1,115.9200,111.5200,1.799997
FILLER_0_36_222,VPWR,li1,110.4000,111.5200,1.799997
FILLER_0_36_210,VPWR,li1,104.8800,111.5200,1.799995
FILLER_0_36_201,VPWR,li1,98.2100,111.5200,1.799994
FILLER_0_36_197,VPWR,li1,97.0600,111.5200,1.799994
FILLER_0_36_187,VPWR,li1,91.7700,111.5200,1.799992
FILLER_0_36_183,VPWR,li1,90.6200,111.5200,1.799992
FILLER_0_36_171,VPWR,li1,86.9400,111.5200,1.799991
FILLER_0_36_157,VPWR,li1,79.1200,111.5200,1.799989
FILLER_0_36_137,VPWR,li1,69.2300,111.5200,1.799988
FILLER_0_36_129,VPWR,li1,66.7000,111.5200,1.799988
FILLER_0_36_117,VPWR,li1,60.7200,111.5200,1.799986
FILLER_0_36_105,VPWR,li1,56.5800,111.5200,1.799985
FILLER_0_36_83,VPWR,li1,43.9300,111.5200,1.799975
FILLER_0_36_75,VPWR,li1,41.8600,111.5200,1.799973
FILLER_0_36_56,VPWR,li1,31.5100,111.5200,1.799976
FILLER_0_36_29,VPWR,li1,19.3200,111.5200,1.799988
FILLER_0_36_27,VPWR,li1,18.1700,111.5200,1.799988
FILLER_0_36_15,VPWR,li1,15.1800,111.5200,1.799990
FILLER_0_36_3,VPWR,li1,9.6600,111.5200,1.799993
FILLER_0_35_241,VPWR,li1,116.6100,106.0800,1.799986
FILLER_0_35_237,VPWR,li1,115.4600,106.0800,1.799986
FILLER_0_35_225,VPWR,li1,111.7800,106.0800,1.799985
FILLER_0_35_223,VPWR,li1,108.3300,106.0800,1.799984
FILLER_0_35_212,VPWR,li1,103.7300,106.0800,1.799980
FILLER_0_35_186,VPWR,li1,91.3100,106.0800,1.799976
FILLER_0_35_169,VPWR,li1,83.4900,106.0800,1.799978
FILLER_0_35_167,VPWR,li1,82.5700,106.0800,1.799978
FILLER_0_35_149,VPWR,li1,74.5200,106.0800,1.799973
FILLER_0_35_130,VPWR,li1,65.5500,106.0800,1.799967
FILLER_0_35_95,VPWR,li1,49.4500,106.0800,1.799969
FILLER_0_35_91,VPWR,li1,48.3000,106.0800,1.799969
FILLER_0_35_74,VPWR,li1,39.7900,106.0800,1.799970
FILLER_0_35_55,VPWR,li1,31.0500,106.0800,1.799965
FILLER_0_35_39,VPWR,li1,23.9200,106.0800,1.799976
FILLER_0_35_15,VPWR,li1,14.2600,106.0800,1.799980
FILLER_0_35_3,VPWR,li1,9.6600,106.0800,1.799985
FILLER_0_34_234,VPWR,li1,115.9200,106.0800,1.799986
FILLER_0_34_222,VPWR,li1,110.4000,106.0800,1.799985
FILLER_0_34_194,VPWR,li1,95.2200,106.0800,1.799978
FILLER_0_34_165,VPWR,li1,81.6500,106.0800,1.799976
FILLER_0_34_88,VPWR,li1,46.2300,106.0800,1.799968
FILLER_0_34_42,VPWR,li1,25.3000,106.0800,1.799970
FILLER_0_34_32,VPWR,li1,20.4700,106.0800,1.799976
FILLER_0_34_23,VPWR,li1,16.5600,106.0800,1.799978
FILLER_0_34_15,VPWR,li1,14.2600,106.0800,1.799980
FILLER_0_34_3,VPWR,li1,9.6600,106.0800,1.799985
FILLER_0_33_242,VPWR,li1,117.0700,100.6400,1.799989
FILLER_0_33_237,VPWR,li1,115.0000,100.6400,1.799990
FILLER_0_33_225,VPWR,li1,111.7800,100.6400,1.799990
FILLER_0_33_212,VPWR,li1,105.8000,100.6400,1.799987
FILLER_0_33_182,VPWR,li1,89.9300,100.6400,1.799970
FILLER_0_33_169,VPWR,li1,83.7200,100.6400,1.799974
FILLER_0_33_164,VPWR,li1,81.1900,100.6400,1.799974
FILLER_0_33_137,VPWR,li1,69.0000,100.6400,1.799981
FILLER_0_33_90,VPWR,li1,47.6100,100.6400,1.799982
FILLER_0_33_39,VPWR,li1,23.6900,100.6400,1.799988
FILLER_0_33_15,VPWR,li1,14.2600,100.6400,1.799990
FILLER_0_33_3,VPWR,li1,9.6600,100.6400,1.799993
FILLER_0_32_232,VPWR,li1,112.7000,100.6400,1.799990
FILLER_0_32_224,VPWR,li1,110.4000,100.6400,1.799989
FILLER_0_32_212,VPWR,li1,105.8000,100.6400,1.799987
FILLER_0_32_200,VPWR,li1,100.2800,100.6400,1.799984
FILLER_0_32_192,VPWR,li1,94.7600,100.6400,1.799978
FILLER_0_32_168,VPWR,li1,83.0300,100.6400,1.799974
FILLER_0_32_164,VPWR,li1,81.8800,100.6400,1.799974
FILLER_0_32_141,VPWR,li1,71.0700,100.6400,1.799978
FILLER_0_32_132,VPWR,li1,68.0800,100.6400,1.799981
FILLER_0_32_120,VPWR,li1,63.4800,100.6400,1.799979
FILLER_0_32_107,VPWR,li1,56.1200,100.6400,1.799981
FILLER_0_32_94,VPWR,li1,49.6800,100.6400,1.799982
FILLER_0_32_81,VPWR,li1,43.4700,100.6400,1.799982
FILLER_0_32_69,VPWR,li1,40.0200,100.6400,1.799985
FILLER_0_32_65,VPWR,li1,35.6500,100.6400,1.799986
FILLER_0_32_53,VPWR,li1,32.6600,100.6400,1.799986
FILLER_0_32_41,VPWR,li1,27.1400,100.6400,1.799985
FILLER_0_32_29,VPWR,li1,21.6200,100.6400,1.799989
FILLER_0_32_27,VPWR,li1,18.1700,100.6400,1.799988
FILLER_0_32_15,VPWR,li1,15.1800,100.6400,1.799990
FILLER_0_32_3,VPWR,li1,9.6600,100.6400,1.799993
FILLER_0_31_241,VPWR,li1,116.6100,95.2000,1.799976
FILLER_0_31_222,VPWR,li1,108.1000,95.2000,1.799980
FILLER_0_31_214,VPWR,li1,105.8000,95.2000,1.799979
FILLER_0_31_208,VPWR,li1,101.8900,95.2000,1.799980
FILLER_0_31_197,VPWR,li1,96.8300,95.2000,1.799983
FILLER_0_31_189,VPWR,li1,94.3000,95.2000,1.799981
FILLER_0_31_180,VPWR,li1,88.5500,95.2000,1.799979
FILLER_0_31_172,VPWR,li1,86.4800,95.2000,1.799978
FILLER_0_31_166,VPWR,li1,82.3400,95.2000,1.799982
FILLER_0_31_156,VPWR,li1,78.6600,95.2000,1.799981
FILLER_0_31_152,VPWR,li1,75.6700,95.2000,1.799979
FILLER_0_31_146,VPWR,li1,74.0600,95.2000,1.799979
FILLER_0_31_128,VPWR,li1,64.6300,95.2000,1.799978
FILLER_0_31_116,VPWR,li1,61.6400,95.2000,1.799973
FILLER_0_31_98,VPWR,li1,51.2900,95.2000,1.799978
FILLER_0_31_89,VPWR,li1,46.6900,95.2000,1.799978
FILLER_0_31_77,VPWR,li1,43.7000,95.2000,1.799979
FILLER_0_31_55,VPWR,li1,31.0500,95.2000,1.799981
FILLER_0_31_19,VPWR,li1,15.1800,95.2000,1.799985
FILLER_0_31_7,VPWR,li1,11.5000,95.2000,1.799987
FILLER_0_30_223,VPWR,li1,108.5600,95.2000,1.799980
FILLER_0_30_206,VPWR,li1,100.5100,95.2000,1.799980
FILLER_0_30_194,VPWR,li1,95.2200,95.2000,1.799981
FILLER_0_30_182,VPWR,li1,89.4700,95.2000,1.799979
FILLER_0_30_152,VPWR,li1,75.9000,95.2000,1.799980
FILLER_0_30_138,VPWR,li1,69.4600,95.2000,1.799980
FILLER_0_30_127,VPWR,li1,64.4000,95.2000,1.799976
FILLER_0_30_116,VPWR,li1,60.7200,95.2000,1.799973
FILLER_0_30_104,VPWR,li1,53.5900,95.2000,1.799974
FILLER_0_30_93,VPWR,li1,48.7600,95.2000,1.799978
FILLER_0_30_81,VPWR,li1,43.4700,95.2000,1.799979
FILLER_0_30_42,VPWR,li1,25.3000,95.2000,1.799982
FILLER_0_30_32,VPWR,li1,20.4700,95.2000,1.799983
FILLER_0_30_24,VPWR,li1,16.7900,95.2000,1.799985
FILLER_0_30_18,VPWR,li1,15.1800,95.2000,1.799985
FILLER_0_30_6,VPWR,li1,11.0400,95.2000,1.799987
FILLER_0_29_222,VPWR,li1,108.1000,89.7600,1.799973
FILLER_0_29_180,VPWR,li1,88.7800,89.7600,1.799968
FILLER_0_29_166,VPWR,li1,82.3400,89.7600,1.799972
FILLER_0_29_135,VPWR,li1,67.8500,89.7600,1.799981
FILLER_0_29_113,VPWR,li1,58.1900,89.7600,1.799979
FILLER_0_29_88,VPWR,li1,46.2300,89.7600,1.799981
FILLER_0_29_57,VPWR,li1,31.9700,89.7600,1.799988
FILLER_0_29_52,VPWR,li1,30.3600,89.7600,1.799988
FILLER_0_29_47,VPWR,li1,27.6000,89.7600,1.799989
FILLER_0_29_21,VPWR,li1,15.4100,89.7600,1.799992
FILLER_0_29_15,VPWR,li1,13.8000,89.7600,1.799992
FILLER_0_29_3,VPWR,li1,9.6600,89.7600,1.799994
FILLER_0_28_240,VPWR,li1,116.3800,89.7600,1.799974
FILLER_0_28_222,VPWR,li1,108.1000,89.7600,1.799973
FILLER_0_28_193,VPWR,li1,94.9900,89.7600,1.799972
FILLER_0_28_162,VPWR,li1,80.7300,89.7600,1.799972
FILLER_0_28_141,VPWR,li1,70.6100,89.7600,1.799979
FILLER_0_28_138,VPWR,li1,69.4600,89.7600,1.799979
FILLER_0_28_117,VPWR,li1,59.8000,89.7600,1.799979
FILLER_0_28_85,VPWR,li1,45.0800,89.7600,1.799981
FILLER_0_28_62,VPWR,li1,34.7300,89.7600,1.799987
FILLER_0_28_45,VPWR,li1,26.4500,89.7600,1.799989
FILLER_0_28_41,VPWR,li1,25.3000,89.7600,1.799989
FILLER_0_28_29,VPWR,li1,21.6200,89.7600,1.799991
FILLER_0_28_27,VPWR,li1,18.1700,89.7600,1.799990
FILLER_0_28_15,VPWR,li1,15.1800,89.7600,1.799992
FILLER_0_28_3,VPWR,li1,9.6600,89.7600,1.799994
FILLER_0_27_245,VPWR,li1,118.4500,84.3200,1.799973
FILLER_0_27_225,VPWR,li1,109.2500,84.3200,1.799969
FILLER_0_27_211,VPWR,li1,103.0400,84.3200,1.799970
FILLER_0_27_173,VPWR,li1,85.5600,84.3200,1.799984
FILLER_0_27_169,VPWR,li1,83.4900,84.3200,1.799986
FILLER_0_27_160,VPWR,li1,80.9600,84.3200,1.799985
FILLER_0_27_131,VPWR,li1,66.0100,84.3200,1.799987
FILLER_0_27_125,VPWR,li1,64.4000,84.3200,1.799987
FILLER_0_27_95,VPWR,li1,49.4500,84.3200,1.799984
FILLER_0_27_71,VPWR,li1,38.4100,84.3200,1.799985
FILLER_0_27_65,VPWR,li1,36.8000,84.3200,1.799985
FILLER_0_27_55,VPWR,li1,31.0500,84.3200,1.799985
FILLER_0_27_39,VPWR,li1,24.3800,84.3200,1.799987
FILLER_0_27_27,VPWR,li1,20.7000,84.3200,1.799986
FILLER_0_27_15,VPWR,li1,15.1800,84.3200,1.799984
FILLER_0_27_3,VPWR,li1,9.6600,84.3200,1.799987
FILLER_0_26_245,VPWR,li1,118.4500,84.3200,1.799973
FILLER_0_26_226,VPWR,li1,109.9400,84.3200,1.799969
FILLER_0_26_205,VPWR,li1,100.2800,84.3200,1.799975
FILLER_0_26_197,VPWR,li1,97.9800,84.3200,1.799978
FILLER_0_26_195,VPWR,li1,95.4500,84.3200,1.799978
FILLER_0_26_183,VPWR,li1,90.3900,84.3200,1.799979
FILLER_0_26_171,VPWR,li1,86.9400,84.3200,1.799981
FILLER_0_26_162,VPWR,li1,80.2700,84.3200,1.799985
FILLER_0_26_150,VPWR,li1,77.2800,84.3200,1.799985
FILLER_0_26_137,VPWR,li1,69.2300,84.3200,1.799985
FILLER_0_26_129,VPWR,li1,66.7000,84.3200,1.799987
FILLER_0_26_117,VPWR,li1,62.1000,84.3200,1.799986
FILLER_0_26_112,VPWR,li1,57.2700,84.3200,1.799985
FILLER_0_26_108,VPWR,li1,56.1200,84.3200,1.799985
FILLER_0_26_102,VPWR,li1,52.9000,84.3200,1.799985
FILLER_0_26_96,VPWR,li1,50.3700,84.3200,1.799984
FILLER_0_26_91,VPWR,li1,47.6100,84.3200,1.799983
FILLER_0_26_85,VPWR,li1,45.0800,84.3200,1.799982
FILLER_0_26_62,VPWR,li1,35.4200,84.3200,1.799985
FILLER_0_26_29,VPWR,li1,19.0900,84.3200,1.799986
FILLER_0_26_11,VPWR,li1,10.8100,84.3200,1.799987
FILLER_0_26_7,VPWR,li1,9.6600,84.3200,1.799987
FILLER_0_25_245,VPWR,li1,118.4500,78.8800,1.799972
FILLER_0_25_223,VPWR,li1,108.3300,78.8800,1.799968
FILLER_0_25_200,VPWR,li1,98.2100,78.8800,1.799979
FILLER_0_25_192,VPWR,li1,95.6800,78.8800,1.799979
FILLER_0_25_169,VPWR,li1,83.7200,78.8800,1.799984
FILLER_0_25_165,VPWR,li1,82.1100,78.8800,1.799984
FILLER_0_25_151,VPWR,li1,75.4400,78.8800,1.799982
FILLER_0_25_143,VPWR,li1,73.1400,78.8800,1.799984
FILLER_0_25_131,VPWR,li1,68.5400,78.8800,1.799986
FILLER_0_25_125,VPWR,li1,63.7100,78.8800,1.799983
FILLER_0_25_113,VPWR,li1,58.4200,78.8800,1.799984
FILLER_0_25_102,VPWR,li1,52.9000,78.8800,1.799987
FILLER_0_25_90,VPWR,li1,49.6800,78.8800,1.799988
FILLER_0_25_78,VPWR,li1,44.1600,78.8800,1.799988
FILLER_0_25_6,VPWR,li1,9.6600,78.8800,1.799990
FILLER_0_24_197,VPWR,li1,96.3700,78.8800,1.799979
FILLER_0_24_192,VPWR,li1,94.7600,78.8800,1.799979
FILLER_0_24_141,VPWR,li1,72.2200,78.8800,1.799984
FILLER_0_24_138,VPWR,li1,69.4600,78.8800,1.799985
FILLER_0_24_120,VPWR,li1,61.1800,78.8800,1.799983
FILLER_0_24_101,VPWR,li1,52.2100,78.8800,1.799988
FILLER_0_24_97,VPWR,li1,51.0600,78.8800,1.799988
FILLER_0_24_82,VPWR,li1,43.7000,78.8800,1.799988
FILLER_0_24_68,VPWR,li1,37.2600,78.8800,1.799990
FILLER_0_24_56,VPWR,li1,34.0400,78.8800,1.799988
FILLER_0_24_38,VPWR,li1,23.4600,78.8800,1.799987
FILLER_0_24_22,VPWR,li1,17.0200,78.8800,1.799986
FILLER_0_24_18,VPWR,li1,14.0300,78.8800,1.799987
FILLER_0_24_6,VPWR,li1,11.0400,78.8800,1.799990
FILLER_0_23_241,VPWR,li1,116.6100,73.4400,1.799974
FILLER_0_23_223,VPWR,li1,108.3300,73.4400,1.799974
FILLER_0_23_197,VPWR,li1,96.3700,73.4400,1.799979
FILLER_0_23_165,VPWR,li1,82.1100,73.4400,1.799979
FILLER_0_23_63,VPWR,li1,34.7300,73.4400,1.799982
FILLER_0_23_57,VPWR,li1,33.1200,73.4400,1.799982
FILLER_0_23_48,VPWR,li1,29.4400,73.4400,1.799983
FILLER_0_23_39,VPWR,li1,24.8400,73.4400,1.799984
FILLER_0_23_28,VPWR,li1,19.0900,73.4400,1.799987
FILLER_0_23_18,VPWR,li1,14.2600,73.4400,1.799987
FILLER_0_23_6,VPWR,li1,11.0400,73.4400,1.799988
FILLER_0_22_224,VPWR,li1,109.0200,73.4400,1.799974
FILLER_0_22_208,VPWR,li1,103.0400,73.4400,1.799974
FILLER_0_22_192,VPWR,li1,94.7600,73.4400,1.799977
FILLER_0_22_174,VPWR,li1,86.0200,73.4400,1.799976
FILLER_0_22_141,VPWR,li1,70.6100,73.4400,1.799977
FILLER_0_22_123,VPWR,li1,62.3300,73.4400,1.799974
FILLER_0_22_119,VPWR,li1,61.1800,73.4400,1.799973
FILLER_0_22_97,VPWR,li1,50.8300,73.4400,1.799978
FILLER_0_22_83,VPWR,li1,43.9300,73.4400,1.799977
FILLER_0_22_56,VPWR,li1,31.9700,73.4400,1.799982
FILLER_0_22_51,VPWR,li1,29.4400,73.4400,1.799983
FILLER_0_22_46,VPWR,li1,27.1400,73.4400,1.799983
FILLER_0_22_23,VPWR,li1,16.5600,73.4400,1.799986
FILLER_0_22_12,VPWR,li1,11.5000,73.4400,1.799988
FILLER_0_22_7,VPWR,li1,9.2000,73.4400,1.799989
FILLER_0_21_245,VPWR,li1,118.4500,68.0000,1.799976
FILLER_0_21_222,VPWR,li1,108.1000,68.0000,1.799982
FILLER_0_21_205,VPWR,li1,100.0500,68.0000,1.799983
FILLER_0_21_197,VPWR,li1,97.9800,68.0000,1.799985
FILLER_0_21_185,VPWR,li1,93.3800,68.0000,1.799985
FILLER_0_21_173,VPWR,li1,87.8600,68.0000,1.799981
FILLER_0_21_156,VPWR,li1,80.0400,68.0000,1.799970
FILLER_0_21_152,VPWR,li1,75.6700,68.0000,1.799961
FILLER_0_21_121,VPWR,li1,61.8700,68.0000,1.799959
FILLER_0_21_113,VPWR,li1,59.3400,68.0000,1.799963
FILLER_0_21_111,VPWR,li1,56.8100,68.0000,1.799969
FILLER_0_21_105,VPWR,li1,55.2000,68.0000,1.799974
FILLER_0_21_100,VPWR,li1,51.7500,68.0000,1.799979
FILLER_0_21_92,VPWR,li1,49.6800,68.0000,1.799979
FILLER_0_21_57,VPWR,li1,32.2000,68.0000,1.799978
FILLER_0_21_21,VPWR,li1,15.6400,68.0000,1.799975
FILLER_0_21_3,VPWR,li1,7.3600,68.0000,1.799983
FILLER_0_20_213,VPWR,li1,103.7300,68.0000,1.799982
FILLER_0_20_203,VPWR,li1,99.1300,68.0000,1.799985
FILLER_0_20_197,VPWR,li1,96.8300,68.0000,1.799986
FILLER_0_20_192,VPWR,li1,94.7600,68.0000,1.799985
FILLER_0_20_180,VPWR,li1,91.0800,68.0000,1.799983
FILLER_0_20_172,VPWR,li1,85.1000,68.0000,1.799979
FILLER_0_20_153,VPWR,li1,76.3600,68.0000,1.799965
FILLER_0_20_149,VPWR,li1,74.2900,68.0000,1.799961
FILLER_0_20_141,VPWR,li1,72.2200,68.0000,1.799957
FILLER_0_20_138,VPWR,li1,69.4600,68.0000,1.799953
FILLER_0_20_124,VPWR,li1,62.7900,68.0000,1.799959
FILLER_0_20_112,VPWR,li1,57.9600,68.0000,1.799969
FILLER_0_20_105,VPWR,li1,54.0500,68.0000,1.799974
FILLER_0_20_97,VPWR,li1,51.9800,68.0000,1.799979
FILLER_0_20_85,VPWR,li1,47.3800,68.0000,1.799979
FILLER_0_20_83,VPWR,li1,43.9300,68.0000,1.799980
FILLER_0_20_77,VPWR,li1,42.3200,68.0000,1.799981
FILLER_0_20_50,VPWR,li1,28.9800,68.0000,1.799979
FILLER_0_20_3,VPWR,li1,7.1300,68.0000,1.799983
FILLER_0_19_162,VPWR,li1,81.4200,62.5600,1.799982
FILLER_0_19_140,VPWR,li1,70.6100,62.5600,1.799980
FILLER_0_19_132,VPWR,li1,68.0800,62.5600,1.799981
FILLER_0_19_94,VPWR,li1,48.9900,62.5600,1.799979
FILLER_0_19_90,VPWR,li1,47.1500,62.5600,1.799979
FILLER_0_19_86,VPWR,li1,46.0000,62.5600,1.799979
FILLER_0_19_81,VPWR,li1,43.0100,62.5600,1.799979
FILLER_0_19_47,VPWR,li1,28.5200,62.5600,1.799977
FILLER_0_19_7,VPWR,li1,8.9700,62.5600,1.799977
FILLER_0_18_241,VPWR,li1,116.6100,62.5600,1.799975
FILLER_0_18_221,VPWR,li1,107.4100,62.5600,1.799974
FILLER_0_18_141,VPWR,li1,70.6100,62.5600,1.799980
FILLER_0_18_85,VPWR,li1,45.0800,62.5600,1.799979
FILLER_0_18_80,VPWR,li1,42.5500,62.5600,1.799979
FILLER_0_18_68,VPWR,li1,39.5600,62.5600,1.799980
FILLER_0_18_56,VPWR,li1,34.0400,62.5600,1.799978
FILLER_0_18_44,VPWR,li1,28.5200,62.5600,1.799977
FILLER_0_18_32,VPWR,li1,23.0000,62.5600,1.799976
FILLER_0_18_24,VPWR,li1,16.7900,62.5600,1.799970
FILLER_0_18_18,VPWR,li1,15.1800,62.5600,1.799970
FILLER_0_18_6,VPWR,li1,11.0400,62.5600,1.799974
FILLER_0_17_234,VPWR,li1,113.3900,57.1200,1.799984
FILLER_0_17_210,VPWR,li1,102.8100,57.1200,1.799982
FILLER_0_17_198,VPWR,li1,99.3600,57.1200,1.799984
FILLER_0_17_169,VPWR,li1,83.4900,57.1200,1.799984
FILLER_0_17_122,VPWR,li1,61.8700,57.1200,1.799977
FILLER_0_17_70,VPWR,li1,39.1000,57.1200,1.799970
FILLER_0_17_61,VPWR,li1,33.8100,57.1200,1.799975
FILLER_0_17_57,VPWR,li1,32.6600,57.1200,1.799974
FILLER_0_17_48,VPWR,li1,29.4400,57.1200,1.799974
FILLER_0_17_27,VPWR,li1,18.1700,57.1200,1.799980
FILLER_0_17_18,VPWR,li1,14.0300,57.1200,1.799980
FILLER_0_17_6,VPWR,li1,11.0400,57.1200,1.799982
FILLER_0_16_244,VPWR,li1,118.2200,57.1200,1.799983
FILLER_0_16_201,VPWR,li1,98.2100,57.1200,1.799986
FILLER_0_16_197,VPWR,li1,97.0600,57.1200,1.799986
FILLER_0_16_193,VPWR,li1,94.9900,57.1200,1.799984
FILLER_0_16_184,VPWR,li1,90.3900,57.1200,1.799982
FILLER_0_16_169,VPWR,li1,84.6400,57.1200,1.799984
FILLER_0_16_164,VPWR,li1,81.1900,57.1200,1.799985
FILLER_0_16_156,VPWR,li1,79.1200,57.1200,1.799984
FILLER_0_16_151,VPWR,li1,75.2100,57.1200,1.799983
FILLER_0_16_145,VPWR,li1,73.6000,57.1200,1.799982
FILLER_0_16_128,VPWR,li1,64.6300,57.1200,1.799979
FILLER_0_16_124,VPWR,li1,63.4800,57.1200,1.799977
FILLER_0_16_113,VPWR,li1,58.1900,57.1200,1.799973
FILLER_0_16_79,VPWR,li1,42.0900,57.1200,1.799966
FILLER_0_16_45,VPWR,li1,26.6800,57.1200,1.799976
FILLER_0_16_23,VPWR,li1,16.5600,57.1200,1.799980
FILLER_0_15_245,VPWR,li1,118.4500,51.6800,1.799980
FILLER_0_15_225,VPWR,li1,109.2500,51.6800,1.799980
FILLER_0_15_197,VPWR,li1,96.6000,51.6800,1.799984
FILLER_0_15_189,VPWR,li1,94.3000,51.6800,1.799983
FILLER_0_15_177,VPWR,li1,89.7000,51.6800,1.799982
FILLER_0_15_165,VPWR,li1,82.1100,51.6800,1.799985
FILLER_0_15_160,VPWR,li1,79.3500,51.6800,1.799984
FILLER_0_15_148,VPWR,li1,73.8300,51.6800,1.799986
FILLER_0_15_142,VPWR,li1,72.2200,51.6800,1.799986
FILLER_0_15_130,VPWR,li1,68.0800,51.6800,1.799988
FILLER_0_15_125,VPWR,li1,63.2500,51.6800,1.799987
FILLER_0_15_113,VPWR,li1,60.2600,51.6800,1.799986
FILLER_0_15_110,VPWR,li1,56.5800,51.6800,1.799985
FILLER_0_15_98,VPWR,li1,53.3600,51.6800,1.799986
FILLER_0_15_60,VPWR,li1,33.3500,51.6800,1.799971
FILLER_0_15_20,VPWR,li1,14.9500,51.6800,1.799976
FILLER_0_15_3,VPWR,li1,7.1300,51.6800,1.799985
FILLER_0_14_209,VPWR,li1,102.5800,51.6800,1.799980
FILLER_0_14_197,VPWR,li1,97.5200,51.6800,1.799984
FILLER_0_14_190,VPWR,li1,94.3000,51.6800,1.799983
FILLER_0_14_119,VPWR,li1,63.0200,51.6800,1.799987
FILLER_0_14_93,VPWR,li1,49.6800,51.6800,1.799983
FILLER_0_14_45,VPWR,li1,27.1400,51.6800,1.799963
FILLER_0_14_3,VPWR,li1,7.1300,51.6800,1.799985
FILLER_0_13_220,VPWR,li1,106.9500,46.2400,1.799976
FILLER_0_13_215,VPWR,li1,104.8800,46.2400,1.799975
FILLER_0_13_178,VPWR,li1,87.6300,46.2400,1.799968
FILLER_0_13_164,VPWR,li1,81.1900,46.2400,1.799968
FILLER_0_13_121,VPWR,li1,61.4100,46.2400,1.799970
FILLER_0_13_113,VPWR,li1,59.3400,46.2400,1.799970
FILLER_0_13_104,VPWR,li1,55.2000,46.2400,1.799974
FILLER_0_13_96,VPWR,li1,50.1400,46.2400,1.799975
FILLER_0_13_88,VPWR,li1,47.8400,46.2400,1.799972
FILLER_0_13_66,VPWR,li1,36.3400,46.2400,1.799981
FILLER_0_13_41,VPWR,li1,25.7600,46.2400,1.799986
FILLER_0_13_31,VPWR,li1,20.0100,46.2400,1.799988
FILLER_0_13_12,VPWR,li1,11.5000,46.2400,1.799989
FILLER_0_13_6,VPWR,li1,8.9700,46.2400,1.799991
FILLER_0_12_237,VPWR,li1,115.2300,46.2400,1.799977
FILLER_0_12_231,VPWR,li1,112.4700,46.2400,1.799980
FILLER_0_12_213,VPWR,li1,103.9600,46.2400,1.799975
FILLER_0_12_194,VPWR,li1,95.2200,46.2400,1.799974
FILLER_0_12_141,VPWR,li1,70.6100,46.2400,1.799961
FILLER_0_12_122,VPWR,li1,62.1000,46.2400,1.799970
FILLER_0_12_100,VPWR,li1,51.9800,46.2400,1.799977
FILLER_0_12_85,VPWR,li1,45.0800,46.2400,1.799968
FILLER_0_12_80,VPWR,li1,43.2400,46.2400,1.799971
FILLER_0_12_73,VPWR,li1,40.0200,46.2400,1.799976
FILLER_0_12_61,VPWR,li1,36.3400,46.2400,1.799981
FILLER_0_12_47,VPWR,li1,27.8300,46.2400,1.799983
FILLER_0_12_37,VPWR,li1,22.7700,46.2400,1.799988
FILLER_0_12_26,VPWR,li1,17.9400,46.2400,1.799988
FILLER_0_12_15,VPWR,li1,12.8800,46.2400,1.799989
FILLER_0_12_6,VPWR,li1,9.6600,46.2400,1.799991
FILLER_0_11_245,VPWR,li1,118.4500,40.8000,1.799986
FILLER_0_11_237,VPWR,li1,116.3800,40.8000,1.799986
FILLER_0_11_225,VPWR,li1,111.7800,40.8000,1.799986
FILLER_0_11_223,VPWR,li1,108.3300,40.8000,1.799980
FILLER_0_11_219,VPWR,li1,107.1800,40.8000,1.799980
FILLER_0_11_169,VPWR,li1,83.4900,40.8000,1.799985
FILLER_0_11_163,VPWR,li1,80.9600,40.8000,1.799987
FILLER_0_11_155,VPWR,li1,78.6600,40.8000,1.799986
FILLER_0_11_137,VPWR,li1,68.7700,40.8000,1.799988
FILLER_0_11_125,VPWR,li1,65.7800,40.8000,1.799990
FILLER_0_11_113,VPWR,li1,60.2600,40.8000,1.799990
FILLER_0_11_110,VPWR,li1,56.5800,40.8000,1.799990
FILLER_0_11_102,VPWR,li1,54.2800,40.8000,1.799990
FILLER_0_11_94,VPWR,li1,49.6800,40.8000,1.799992
FILLER_0_11_87,VPWR,li1,46.0000,40.8000,1.799992
FILLER_0_11_76,VPWR,li1,41.8600,40.8000,1.799992
FILLER_0_11_65,VPWR,li1,37.2600,40.8000,1.799992
FILLER_0_11_52,VPWR,li1,30.3600,40.8000,1.799987
FILLER_0_11_27,VPWR,li1,18.1700,40.8000,1.799987
FILLER_0_11_7,VPWR,li1,8.9700,40.8000,1.799989
FILLER_0_10_238,VPWR,li1,116.8400,40.8000,1.799986
FILLER_0_10_226,VPWR,li1,112.2400,40.8000,1.799986
FILLER_0_10_195,VPWR,li1,95.4500,40.8000,1.799980
FILLER_0_10_189,VPWR,li1,93.8400,40.8000,1.799980
FILLER_0_10_177,VPWR,li1,87.1700,40.8000,1.799983
FILLER_0_10_173,VPWR,li1,86.0200,40.8000,1.799983
FILLER_0_10_161,VPWR,li1,82.3400,40.8000,1.799987
FILLER_0_10_149,VPWR,li1,76.8200,40.8000,1.799986
FILLER_0_10_135,VPWR,li1,67.8500,40.8000,1.799990
FILLER_0_10_131,VPWR,li1,66.7000,40.8000,1.799990
FILLER_0_10_97,VPWR,li1,50.3700,40.8000,1.799992
FILLER_0_10_85,VPWR,li1,47.3800,40.8000,1.799992
FILLER_0_10_83,VPWR,li1,43.9300,40.8000,1.799992
FILLER_0_10_75,VPWR,li1,40.2500,40.8000,1.799992
FILLER_0_10_24,VPWR,li1,17.4800,40.8000,1.799987
FILLER_0_10_7,VPWR,li1,8.9700,40.8000,1.799989
FILLER_0_10_3,VPWR,li1,7.8200,40.8000,1.799992
FILLER_0_9_241,VPWR,li1,116.6100,35.3600,1.799976
FILLER_0_9_233,VPWR,li1,114.5400,35.3600,1.799977
FILLER_0_9_189,VPWR,li1,92.9200,35.3600,1.799977
FILLER_0_9_167,VPWR,li1,82.5700,35.3600,1.799978
FILLER_0_9_158,VPWR,li1,78.4300,35.3600,1.799973
FILLER_0_9_154,VPWR,li1,77.2800,35.3600,1.799973
FILLER_0_9_137,VPWR,li1,69.0000,35.3600,1.799983
FILLER_0_9_121,VPWR,li1,62.1000,35.3600,1.799986
FILLER_0_9_117,VPWR,li1,59.5700,35.3600,1.799987
FILLER_0_9_113,VPWR,li1,58.4200,35.3600,1.799987
FILLER_0_9_110,VPWR,li1,56.5800,35.3600,1.799989
FILLER_0_9_102,VPWR,li1,54.2800,35.3600,1.799990
FILLER_0_9_90,VPWR,li1,49.6800,35.3600,1.799991
FILLER_0_9_57,VPWR,li1,31.9700,35.3600,1.799989
FILLER_0_9_55,VPWR,li1,31.0500,35.3600,1.799989
FILLER_0_9_47,VPWR,li1,28.9800,35.3600,1.799989
FILLER_0_9_25,VPWR,li1,18.4000,35.3600,1.799991
FILLER_0_9_15,VPWR,li1,12.6500,35.3600,1.799993
FILLER_0_9_3,VPWR,li1,9.6600,35.3600,1.799994
FILLER_0_8_240,VPWR,li1,117.3000,35.3600,1.799976
FILLER_0_8_186,VPWR,li1,91.3100,35.3600,1.799977
FILLER_0_8_156,VPWR,li1,77.9700,35.3600,1.799973
FILLER_0_8_141,VPWR,li1,71.7600,35.3600,1.799974
FILLER_0_8_139,VPWR,li1,69.6900,35.3600,1.799978
FILLER_0_8_131,VPWR,li1,67.6200,35.3600,1.799983
FILLER_0_8_124,VPWR,li1,63.0200,35.3600,1.799985
FILLER_0_8_108,VPWR,li1,55.8900,35.3600,1.799989
FILLER_0_8_100,VPWR,li1,53.3600,35.3600,1.799990
FILLER_0_8_96,VPWR,li1,49.9100,35.3600,1.799991
FILLER_0_8_89,VPWR,li1,46.9200,35.3600,1.799990
FILLER_0_8_53,VPWR,li1,30.1300,35.3600,1.799989
FILLER_0_8_49,VPWR,li1,28.9800,35.3600,1.799989
FILLER_0_8_37,VPWR,li1,25.3000,35.3600,1.799990
FILLER_0_8_27,VPWR,li1,18.1700,35.3600,1.799991
FILLER_0_8_15,VPWR,li1,15.1800,35.3600,1.799992
FILLER_0_8_3,VPWR,li1,9.6600,35.3600,1.799994
FILLER_0_7_237,VPWR,li1,115.9200,29.9200,1.799981
FILLER_0_7_225,VPWR,li1,109.9400,29.9200,1.799977
FILLER_0_7_185,VPWR,li1,90.8500,29.9200,1.799973
FILLER_0_7_166,VPWR,li1,82.3400,29.9200,1.799981
FILLER_0_7_133,VPWR,li1,67.1600,29.9200,1.799986
FILLER_0_7_89,VPWR,li1,46.9200,29.9200,1.799991
FILLER_0_7_75,VPWR,li1,40.2500,29.9200,1.799993
FILLER_0_7_69,VPWR,li1,38.6400,29.9200,1.799994
FILLER_0_7_57,VPWR,li1,34.5000,29.9200,1.799994
FILLER_0_7_55,VPWR,li1,31.0500,29.9200,1.799993
FILLER_0_7_51,VPWR,li1,29.9000,29.9200,1.799993
FILLER_0_7_39,VPWR,li1,26.2200,29.9200,1.799994
FILLER_0_7_27,VPWR,li1,20.7000,29.9200,1.799996
FILLER_0_7_15,VPWR,li1,15.1800,29.9200,1.799997
FILLER_0_7_3,VPWR,li1,9.6600,29.9200,1.799998
FILLER_0_6_243,VPWR,li1,117.9900,29.9200,1.799981
FILLER_0_6_235,VPWR,li1,115.4600,29.9200,1.799981
FILLER_0_6_223,VPWR,li1,110.8600,29.9200,1.799977
FILLER_0_6_197,VPWR,li1,97.5200,29.9200,1.799972
FILLER_0_6_195,VPWR,li1,95.4500,29.9200,1.799970
FILLER_0_6_187,VPWR,li1,92.0000,29.9200,1.799971
FILLER_0_6_179,VPWR,li1,89.7000,29.9200,1.799973
FILLER_0_6_157,VPWR,li1,77.9700,29.9200,1.799980
FILLER_0_6_137,VPWR,li1,69.2300,29.9200,1.799984
FILLER_0_6_129,VPWR,li1,66.7000,29.9200,1.799986
FILLER_0_6_111,VPWR,li1,56.8100,29.9200,1.799987
FILLER_0_6_99,VPWR,li1,53.8200,29.9200,1.799990
FILLER_0_6_95,VPWR,li1,49.4500,29.9200,1.799990
FILLER_0_6_85,VPWR,li1,45.0800,29.9200,1.799992
FILLER_0_6_83,VPWR,li1,43.9300,29.9200,1.799992
FILLER_0_6_77,VPWR,li1,42.3200,29.9200,1.799992
FILLER_0_6_65,VPWR,li1,38.1800,29.9200,1.799994
FILLER_0_6_37,VPWR,li1,23.0000,29.9200,1.799996
FILLER_0_6_29,VPWR,li1,20.7000,29.9200,1.799996
FILLER_0_6_27,VPWR,li1,18.1700,29.9200,1.799997
FILLER_0_6_15,VPWR,li1,15.1800,29.9200,1.799997
FILLER_0_6_3,VPWR,li1,9.6600,29.9200,1.799998
FILLER_0_5_245,VPWR,li1,118.4500,24.4800,1.799993
FILLER_0_5_237,VPWR,li1,116.3800,24.4800,1.799993
FILLER_0_5_225,VPWR,li1,111.7800,24.4800,1.799993
FILLER_0_5_223,VPWR,li1,108.3300,24.4800,1.799990
FILLER_0_5_219,VPWR,li1,107.1800,24.4800,1.799990
FILLER_0_5_198,VPWR,li1,97.5200,24.4800,1.799990
FILLER_0_5_186,VPWR,li1,93.8400,24.4800,1.799990
FILLER_0_5_167,VPWR,li1,82.5700,24.4800,1.799991
FILLER_0_5_162,VPWR,li1,80.5000,24.4800,1.799990
FILLER_0_5_153,VPWR,li1,76.1300,24.4800,1.799991
FILLER_0_5_149,VPWR,li1,74.9800,24.4800,1.799991
FILLER_0_5_137,VPWR,li1,71.3000,24.4800,1.799993
FILLER_0_5_125,VPWR,li1,65.7800,24.4800,1.799995
FILLER_0_5_113,VPWR,li1,60.2600,24.4800,1.799996
FILLER_0_5_109,VPWR,li1,56.3500,24.4800,1.799997
FILLER_0_5_101,VPWR,li1,53.8200,24.4800,1.799997
FILLER_0_5_89,VPWR,li1,49.2200,24.4800,1.799997
FILLER_0_5_68,VPWR,li1,37.0300,24.4800,1.799997
FILLER_0_5_55,VPWR,li1,31.0500,24.4800,1.799998
FILLER_0_5_47,VPWR,li1,27.3700,24.4800,1.799998
FILLER_0_5_39,VPWR,li1,25.3000,24.4800,1.799998
FILLER_0_5_27,VPWR,li1,20.7000,24.4800,1.799999
FILLER_0_5_15,VPWR,li1,15.1800,24.4800,1.799999
FILLER_0_5_3,VPWR,li1,9.6600,24.4800,1.799999
FILLER_0_4_245,VPWR,li1,118.4500,24.4800,1.799993
FILLER_0_4_233,VPWR,li1,115.4600,24.4800,1.799993
FILLER_0_4_221,VPWR,li1,109.9400,24.4800,1.799992
FILLER_0_4_186,VPWR,li1,91.3100,24.4800,1.799989
FILLER_0_4_182,VPWR,li1,90.1600,24.4800,1.799989
FILLER_0_4_157,VPWR,li1,77.9700,24.4800,1.799990
FILLER_0_4_153,VPWR,li1,76.8200,24.4800,1.799990
FILLER_0_4_141,VPWR,li1,73.1400,24.4800,1.799992
FILLER_0_4_137,VPWR,li1,69.2300,24.4800,1.799994
FILLER_0_4_125,VPWR,li1,65.7800,24.4800,1.799995
FILLER_0_4_120,VPWR,li1,60.9500,24.4800,1.799996
FILLER_0_4_108,VPWR,li1,57.9600,24.4800,1.799997
FILLER_0_4_100,VPWR,li1,52.2100,24.4800,1.799997
FILLER_0_4_81,VPWR,li1,43.4700,24.4800,1.799997
FILLER_0_4_61,VPWR,li1,34.0400,24.4800,1.799997
FILLER_0_4_49,VPWR,li1,28.7500,24.4800,1.799998
FILLER_0_4_41,VPWR,li1,26.2200,24.4800,1.799998
FILLER_0_4_29,VPWR,li1,21.6200,24.4800,1.799999
FILLER_0_4_27,VPWR,li1,18.1700,24.4800,1.799999
FILLER_0_4_15,VPWR,li1,15.1800,24.4800,1.799999
FILLER_0_4_3,VPWR,li1,9.6600,24.4800,1.799999
FILLER_0_3_245,VPWR,li1,118.4500,19.0400,1.799989
FILLER_0_3_233,VPWR,li1,115.4600,19.0400,1.799989
FILLER_0_3_222,VPWR,li1,108.1000,19.0400,1.799984
FILLER_0_3_197,VPWR,li1,96.3700,19.0400,1.799980
FILLER_0_3_166,VPWR,li1,82.3400,19.0400,1.799981
FILLER_0_3_133,VPWR,li1,66.9300,19.0400,1.799982
FILLER_0_3_91,VPWR,li1,48.3000,19.0400,1.799991
FILLER_0_3_74,VPWR,li1,39.7900,19.0400,1.799993
FILLER_0_3_68,VPWR,li1,37.0300,19.0400,1.799993
FILLER_0_3_60,VPWR,li1,34.9600,19.0400,1.799993
FILLER_0_3_55,VPWR,li1,31.0500,19.0400,1.799991
FILLER_0_3_51,VPWR,li1,29.9000,19.0400,1.799991
FILLER_0_3_47,VPWR,li1,27.3700,19.0400,1.799993
FILLER_0_3_39,VPWR,li1,25.3000,19.0400,1.799994
FILLER_0_3_27,VPWR,li1,20.7000,19.0400,1.799996
FILLER_0_3_15,VPWR,li1,15.1800,19.0400,1.799997
FILLER_0_3_3,VPWR,li1,9.6600,19.0400,1.799998
FILLER_0_2_245,VPWR,li1,118.4500,19.0400,1.799989
FILLER_0_2_241,VPWR,li1,117.3000,19.0400,1.799989
FILLER_0_2_229,VPWR,li1,113.6200,19.0400,1.799989
FILLER_0_2_197,VPWR,li1,96.6000,19.0400,1.799980
FILLER_0_2_194,VPWR,li1,95.2200,19.0400,1.799980
FILLER_0_2_141,VPWR,li1,70.6100,19.0400,1.799979
FILLER_0_2_135,VPWR,li1,68.0800,19.0400,1.799982
FILLER_0_2_114,VPWR,li1,58.1900,19.0400,1.799983
FILLER_0_2_72,VPWR,li1,39.1000,19.0400,1.799993
FILLER_0_2_41,VPWR,li1,25.3000,19.0400,1.799994
FILLER_0_2_29,VPWR,li1,21.6200,19.0400,1.799996
FILLER_0_2_27,VPWR,li1,18.1700,19.0400,1.799996
FILLER_0_2_15,VPWR,li1,15.1800,19.0400,1.799997
FILLER_0_2_3,VPWR,li1,9.6600,19.0400,1.799998
FILLER_0_1_245,VPWR,li1,118.4500,13.6000,1.799992
FILLER_0_1_237,VPWR,li1,116.3800,13.6000,1.799992
FILLER_0_1_225,VPWR,li1,111.7800,13.6000,1.799990
FILLER_0_1_223,VPWR,li1,108.3300,13.6000,1.799989
FILLER_0_1_215,VPWR,li1,106.2600,13.6000,1.799989
FILLER_0_1_162,VPWR,li1,81.4200,13.6000,1.799986
FILLER_0_1_128,VPWR,li1,65.7800,13.6000,1.799990
FILLER_0_1_116,VPWR,li1,61.6400,13.6000,1.799989
FILLER_0_1_110,VPWR,li1,56.5800,13.6000,1.799991
FILLER_0_1_95,VPWR,li1,49.6800,13.6000,1.799992
FILLER_0_1_80,VPWR,li1,45.0800,13.6000,1.799991
FILLER_0_1_57,VPWR,li1,32.4300,13.6000,1.799993
FILLER_0_1_55,VPWR,li1,31.0500,13.6000,1.799993
FILLER_0_1_51,VPWR,li1,29.9000,13.6000,1.799994
FILLER_0_1_39,VPWR,li1,26.2200,13.6000,1.799995
FILLER_0_1_27,VPWR,li1,20.7000,13.6000,1.799997
FILLER_0_1_15,VPWR,li1,15.1800,13.6000,1.799998
FILLER_0_1_3,VPWR,li1,9.6600,13.6000,1.799998
FILLER_0_0_243,VPWR,li1,117.9900,13.6000,1.799992
FILLER_0_0_231,VPWR,li1,114.5400,13.6000,1.799992
FILLER_0_0_222,VPWR,li1,108.1000,13.6000,1.799989
FILLER_0_0_214,VPWR,li1,105.8000,13.6000,1.799989
FILLER_0_0_202,VPWR,li1,101.2000,13.6000,1.799987
FILLER_0_0_197,VPWR,li1,96.6000,13.6000,1.799987
FILLER_0_0_188,VPWR,li1,93.8400,13.6000,1.799982
FILLER_0_0_184,VPWR,li1,90.3900,13.6000,1.799982
FILLER_0_0_177,VPWR,li1,87.1700,13.6000,1.799982
FILLER_0_0_169,VPWR,li1,83.7200,13.6000,1.799984
FILLER_0_0_167,VPWR,li1,82.5700,13.6000,1.799986
FILLER_0_0_160,VPWR,li1,80.0400,13.6000,1.799986
FILLER_0_0_156,VPWR,li1,77.5100,13.6000,1.799985
FILLER_0_0_146,VPWR,li1,73.6000,13.6000,1.799988
FILLER_0_0_141,VPWR,li1,70.8400,13.6000,1.799989
FILLER_0_0_128,VPWR,li1,67.1600,13.6000,1.799990
FILLER_0_0_118,VPWR,li1,60.7200,13.6000,1.799989
FILLER_0_0_113,VPWR,li1,57.9600,13.6000,1.799991
FILLER_0_0_109,VPWR,li1,56.3500,13.6000,1.799991
FILLER_0_0_85,VPWR,li1,45.0800,13.6000,1.799991
FILLER_0_0_65,VPWR,li1,35.6500,13.6000,1.799992
FILLER_0_0_57,VPWR,li1,32.2000,13.6000,1.799993
FILLER_0_0_55,VPWR,li1,31.0500,13.6000,1.799993
FILLER_0_0_49,VPWR,li1,28.7500,13.6000,1.799994
FILLER_0_0_41,VPWR,li1,26.2200,13.6000,1.799995
FILLER_0_0_29,VPWR,li1,21.6200,13.6000,1.799997
FILLER_0_0_27,VPWR,li1,18.1700,13.6000,1.799997
FILLER_0_0_15,VPWR,li1,15.1800,13.6000,1.799998
FILLER_0_0_3,VPWR,li1,9.6600,13.6000,1.799998
hold129,VPWR,li1,61.6400,40.8000,1.799990
hold128,VPWR,li1,112.7000,29.9200,1.799981
hold127,VPWR,li1,60.7200,57.1200,1.799975
hold126,VPWR,li1,92.4600,57.1200,1.799983
hold125,VPWR,li1,89.2400,35.3600,1.799977
hold124,VPWR,li1,16.5600,51.6800,1.799976
hold123,VPWR,li1,110.8600,35.3600,1.799979
hold122,VPWR,li1,73.6000,68.0000,1.799957
hold121,VPWR,li1,100.2800,111.5200,1.799994
hold120,VPWR,li1,24.3800,57.1200,1.799978
hold119,VPWR,li1,82.3400,111.5200,1.799990
hold118,VPWR,li1,97.9800,122.4000,1.799984
hold117,VPWR,li1,85.1000,51.6800,1.799982
hold116,VPWR,li1,35.8800,57.1200,1.799975
hold115,VPWR,li1,105.3400,62.5600,1.799972
hold114,VPWR,li1,89.2400,35.3600,1.799977
hold113,VPWR,li1,55.6600,57.1200,1.799972
hold112,VPWR,li1,26.6800,122.4000,1.799979
hold111,VPWR,li1,20.7000,35.3600,1.799990
hold110,VPWR,li1,91.5400,95.2000,1.799979
hold109,VPWR,li1,110.8600,95.2000,1.799981
hold108,VPWR,li1,29.4400,111.5200,1.799977
hold107,VPWR,li1,77.2800,57.1200,1.799983
hold106,VPWR,li1,89.2400,24.4800,1.799989
hold105,VPWR,li1,106.2600,106.0800,1.799981
hold104,VPWR,li1,106.2600,19.0400,1.799983
hold103,VPWR,li1,37.7200,78.8800,1.799990
hold102,VPWR,li1,43.7000,57.1200,1.799964
hold101,VPWR,li1,29.4400,68.0000,1.799979
hold100,VPWR,li1,80.9600,111.5200,1.799990
hold99,VPWR,li1,80.9600,57.1200,1.799985
hold98,VPWR,li1,59.3400,116.9600,1.799977
hold97,VPWR,li1,115.0000,68.0000,1.799978
hold96,VPWR,li1,92.0000,100.6400,1.799973
hold95,VPWR,li1,59.3400,122.4000,1.799973
hold94,VPWR,li1,60.7200,68.0000,1.799963
hold93,VPWR,li1,116.8400,78.8800,1.799972
hold92,VPWR,li1,77.2800,111.5200,1.799987
hold91,VPWR,li1,110.8600,19.0400,1.799986
hold90,VPWR,li1,33.5800,84.3200,1.799984
hold89,VPWR,li1,115.0000,95.2000,1.799977
hold88,VPWR,li1,72.6800,73.4400,1.799976
hold87,VPWR,li1,37.7200,106.0800,1.799972
hold86,VPWR,li1,77.7400,100.6400,1.799974
hold85,VPWR,li1,102.1200,68.0000,1.799982
hold84,VPWR,li1,104.4200,24.4800,1.799987
hold83,VPWR,li1,99.3600,95.2000,1.799981
hold82,VPWR,li1,82.3400,84.3200,1.799986
hold81,VPWR,li1,59.3400,100.6400,1.799980
hold80,VPWR,li1,80.0400,19.0400,1.799979
hold79,VPWR,li1,107.6400,40.8000,1.799980
hold78,VPWR,li1,37.2600,116.9600,1.799983
hold77,VPWR,li1,99.3600,84.3200,1.799975
hold76,VPWR,li1,115.4600,57.1200,1.799983
hold75,VPWR,li1,97.9800,73.4400,1.799976
hold74,VPWR,li1,63.4800,106.0800,1.799965
hold73,VPWR,li1,34.9600,40.8000,1.799989
hold72,VPWR,li1,70.8400,40.8000,1.799986
hold71,VPWR,li1,78.2000,24.4800,1.799990
hold70,VPWR,li1,70.8400,95.2000,1.799980
hold69,VPWR,li1,46.4600,78.8800,1.799988
hold68,VPWR,li1,75.4400,84.3200,1.799984
hold67,VPWR,li1,55.2000,78.8800,1.799985
hold66,VPWR,li1,116.3800,84.3200,1.799973
hold65,VPWR,li1,92.0000,78.8800,1.799979
hold64,VPWR,li1,48.7600,95.2000,1.799978
hold63,VPWR,li1,80.9600,116.9600,1.799982
hold62,VPWR,li1,104.4200,40.8000,1.799976
hold61,VPWR,li1,94.7600,57.1200,1.799984
hold60,VPWR,li1,99.3600,46.2400,1.799975
hold59,VPWR,li1,21.1600,84.3200,1.799986
hold58,VPWR,li1,46.4600,51.6800,1.799980
hold57,VPWR,li1,38.1800,89.7600,1.799984
hold56,VPWR,li1,21.6200,73.4400,1.799987
hold55,VPWR,li1,92.4600,122.4000,1.799979
hold54,VPWR,li1,33.5800,40.8000,1.799989
hold53,VPWR,li1,30.3600,46.2400,1.799982
hold52,VPWR,li1,97.9800,24.4800,1.799989
hold51,VPWR,li1,105.3400,116.9600,1.799989
hold50,VPWR,li1,75.9000,111.5200,1.799987
hold49,VPWR,li1,40.9400,62.5600,1.799980
hold48,VPWR,li1,106.7200,73.4400,1.799973
hold47,VPWR,li1,17.9400,46.2400,1.799988
hold46,VPWR,li1,33.5800,122.4000,1.799977
hold45,VPWR,li1,87.4000,24.4800,1.799989
hold44,VPWR,li1,83.7200,73.4400,1.799979
hold43,VPWR,li1,48.7600,111.5200,1.799979
hold42,VPWR,li1,90.6200,40.8000,1.799980
hold41,VPWR,li1,93.8400,111.5200,1.799992
hold40,VPWR,li1,37.7200,100.6400,1.799987
hold39,VPWR,li1,47.3800,84.3200,1.799983
hold38,VPWR,li1,106.7200,57.1200,1.799982
hold37,VPWR,li1,16.5600,68.0000,1.799975
hold36,VPWR,li1,80.0400,95.2000,1.799981
hold35,VPWR,li1,39.5600,78.8800,1.799989
hold34,VPWR,li1,77.2800,51.6800,1.799984
hold33,VPWR,li1,91.0800,51.6800,1.799982
hold32,VPWR,li1,48.7600,122.4000,1.799978
hold31,VPWR,li1,55.2000,95.2000,1.799974
hold30,VPWR,li1,116.8400,51.6800,1.799980
hold29,VPWR,li1,59.3400,84.3200,1.799985
hold28,VPWR,li1,25.3000,95.2000,1.799982
hold27,VPWR,li1,90.6200,111.5200,1.799992
hold26,VPWR,li1,28.9800,95.2000,1.799981
hold25,VPWR,li1,115.9200,57.1200,1.799983
hold24,VPWR,li1,99.3600,35.3600,1.799978
hold23,VPWR,li1,90.6200,95.2000,1.799979
hold22,VPWR,li1,50.6000,111.5200,1.799981
hold21,VPWR,li1,46.4600,95.2000,1.799978
hold20,VPWR,li1,72.2200,95.2000,1.799979
hold19,VPWR,li1,61.1800,78.8800,1.799983
hold18,VPWR,li1,114.5400,95.2000,1.799977
hold17,VPWR,li1,105.8000,68.0000,1.799982
hold16,VPWR,li1,115.0000,46.2400,1.799977
hold15,VPWR,li1,24.8400,73.4400,1.799984
hold14,VPWR,li1,80.5000,35.3600,1.799975
hold13,VPWR,li1,72.2200,111.5200,1.799987
hold12,VPWR,li1,37.7200,95.2000,1.799982
hold11,VPWR,li1,16.5600,73.4400,1.799986
hold10,VPWR,li1,21.6200,111.5200,1.799987
hold9,VPWR,li1,106.2600,78.8800,1.799970
hold8,VPWR,li1,34.5000,73.4400,1.799982
hold7,VPWR,li1,20.7000,46.2400,1.799988
hold6,VPWR,li1,82.8000,68.0000,1.799978
hold5,VPWR,li1,16.1000,57.1200,1.799980
hold4,VPWR,li1,55.2000,62.5600,1.799978
hold3,VPWR,li1,27.1400,111.5200,1.799980
hold2,VPWR,li1,76.3600,19.0400,1.799978
hold1,VPWR,li1,72.2200,122.4000,1.799975
clkload14,VPWR,li1,102.1200,84.3200,1.799970
clkload13,VPWR,li1,108.5600,84.3200,1.799969
clkload12,VPWR,li1,84.6400,100.6400,1.799968
clkload11,VPWR,li1,77.2800,95.2000,1.799980
clkload10,VPWR,li1,102.1200,46.2400,1.799975
clkload9,VPWR,li1,97.5200,35.3600,1.799980
clkload8,VPWR,li1,74.0600,40.8000,1.799985
clkload7,VPWR,li1,70.3800,35.3600,1.799978
clkload6,VPWR,li1,58.4200,100.6400,1.799980
clkload5,VPWR,li1,52.6700,95.2000,1.799978
clkload4,VPWR,li1,32.6600,111.5200,1.799976
clkload3,VPWR,li1,25.0700,106.0800,1.799970
clkload2,VPWR,li1,43.2400,57.1200,1.799964
clkload1,VPWR,li1,41.6300,46.2400,1.799971
clkload0,VPWR,li1,19.5500,62.5600,1.799971
clkbuf_4_15_0_Clk,VPWR,li1,106.0300,84.3200,1.799965
clkbuf_4_14_0_Clk,VPWR,li1,111.5500,78.8800,1.799967
clkbuf_4_13_0_Clk,VPWR,li1,86.7100,100.6400,1.799965
clkbuf_4_12_0_Clk,VPWR,li1,85.7900,89.7600,1.799965
clkbuf_4_11_0_Clk,VPWR,li1,100.0500,40.8000,1.799972
clkbuf_4_10_0_Clk,VPWR,li1,101.4300,29.9200,1.799963
clkbuf_4_9_0_Clk,VPWR,li1,74.2900,46.2400,1.799954
clkbuf_4_8_0_Clk,VPWR,li1,73.8300,35.3600,1.799970
clkbuf_4_7_0_Clk,VPWR,li1,58.6500,106.0800,1.799959
clkbuf_4_6_0_Clk,VPWR,li1,56.3500,95.2000,1.799969
clkbuf_4_5_0_Clk,VPWR,li1,36.1100,111.5200,1.799974
clkbuf_4_4_0_Clk,VPWR,li1,28.2900,106.0800,1.799963
clkbuf_4_3_0_Clk,VPWR,li1,47.1500,57.1200,1.799961
clkbuf_4_2_0_Clk,VPWR,li1,43.4700,46.2400,1.799968
clkbuf_4_1_0_Clk,VPWR,li1,17.2500,62.5600,1.799967
clkbuf_4_0_0_Clk,VPWR,li1,28.7500,51.6800,1.799963
clkbuf_0_Clk,VPWR,li1,67.1600,68.0000,1.799949
fanout75,VPWR,li1,36.3400,19.0400,1.799993
fanout74,VPWR,li1,62.1000,24.4800,1.799996
output73,VPWR,li1,40.0200,13.6000,1.799991
output72,VPWR,li1,51.5200,13.6000,1.799992
output71,VPWR,li1,42.7800,13.6000,1.799991
output70,VPWR,li1,34.0400,13.6000,1.799992
output69,VPWR,li1,37.2600,13.6000,1.799991
output68,VPWR,li1,7.8200,95.2000,1.799989
output67,VPWR,li1,37.2600,122.4000,1.799978
output66,VPWR,li1,29.9000,122.4000,1.799976
output65,VPWR,li1,58.4200,122.4000,1.799973
output64,VPWR,li1,7.8200,84.3200,1.799989
output63,VPWR,li1,7.8200,73.4400,1.799990
output62,VPWR,li1,7.8200,57.1200,1.799985
output61,VPWR,li1,63.0200,13.6000,1.799989
output60,VPWR,li1,117.7600,73.4400,1.799974
output59,VPWR,li1,7.8200,40.8000,1.799992
output58,VPWR,li1,75.9000,13.6000,1.799985
output57,VPWR,li1,117.7600,35.3600,1.799976
output56,VPWR,li1,85.5600,13.6000,1.799982
output55,VPWR,li1,110.4000,13.6000,1.799990
output54,VPWR,li1,88.7800,13.6000,1.799981
output53,VPWR,li1,114.0800,51.6800,1.799982
output52,VPWR,li1,117.7600,46.2400,1.799976
output51,VPWR,li1,117.7600,73.4400,1.799974
output50,VPWR,li1,117.7600,95.2000,1.799976
output49,VPWR,li1,117.7600,89.7600,1.799974
output48,VPWR,li1,9.6600,57.1200,1.799982
output47,VPWR,li1,117.7600,68.0000,1.799976
output46,VPWR,li1,117.7600,62.5600,1.799975
output45,VPWR,li1,117.7600,95.2000,1.799976
output44,VPWR,li1,117.7600,106.0800,1.799984
output43,VPWR,li1,79.1200,122.4000,1.799974
output42,VPWR,li1,101.6600,122.4000,1.799983
output41,VPWR,li1,84.6400,122.4000,1.799974
output40,VPWR,li1,75.9000,122.4000,1.799972
output39,VPWR,li1,62.5600,122.4000,1.799974
output38,VPWR,li1,42.7800,122.4000,1.799977
output37,VPWR,li1,7.8200,62.5600,1.799981
input36,VPWR,li1,30.1300,13.6000,1.799994
input35,VPWR,li1,47.8400,13.6000,1.799992
input34,VPWR,li1,59.1100,13.6000,1.799990
input33,VPWR,li1,53.5900,13.6000,1.799992
input32,VPWR,li1,7.5900,95.2000,1.799989
input31,VPWR,li1,24.1500,122.4000,1.799984
input30,VPWR,li1,27.3700,122.4000,1.799979
input29,VPWR,li1,43.4700,122.4000,1.799977
input28,VPWR,li1,7.5900,78.8800,1.799992
input27,VPWR,li1,7.5900,78.8800,1.799992
input26,VPWR,li1,7.5900,57.1200,1.799985
input25,VPWR,li1,7.5900,62.5600,1.799981
input24,VPWR,li1,66.9300,122.4000,1.799979
input23,VPWR,li1,7.5900,46.2400,1.799993
input22,VPWR,li1,71.9900,13.6000,1.799988
input21,VPWR,li1,117.9900,29.9200,1.799981
input20,VPWR,li1,78.4300,13.6000,1.799986
input19,VPWR,li1,97.7500,13.6000,1.799987
input18,VPWR,li1,81.6500,13.6000,1.799986
input17,VPWR,li1,116.6100,46.2400,1.799976
input16,VPWR,li1,117.9900,46.2400,1.799976
input15,VPWR,li1,117.9900,100.6400,1.799989
input14,VPWR,li1,116.1500,100.6400,1.799989
input13,VPWR,li1,104.6500,68.0000,1.799982
input12,VPWR,li1,7.5900,46.2400,1.799993
input11,VPWR,li1,117.9900,57.1200,1.799983
input10,VPWR,li1,104.1900,57.1200,1.799982
input9,VPWR,li1,117.9900,100.6400,1.799989
input8,VPWR,li1,103.7300,122.4000,1.799985
input7,VPWR,li1,68.7700,122.4000,1.799977
input6,VPWR,li1,94.9900,122.4000,1.799981
input5,VPWR,li1,72.9100,122.4000,1.799974
input4,VPWR,li1,65.5500,122.4000,1.799976
input3,VPWR,li1,46.2300,122.4000,1.799977
input2,VPWR,li1,40.7100,122.4000,1.799979
input1,VPWR,li1,7.5900,73.4400,1.799990
TAP_TAPCELL_ROW_41_259,VPWR,li1,108.7900,122.7060,1.799989
TAP_TAPCELL_ROW_41_258,VPWR,li1,95.9100,122.7060,1.799981
TAP_TAPCELL_ROW_41_257,VPWR,li1,83.0300,122.7060,1.799977
TAP_TAPCELL_ROW_41_256,VPWR,li1,70.1500,122.7060,1.799977
TAP_TAPCELL_ROW_41_255,VPWR,li1,57.2700,122.7060,1.799974
TAP_TAPCELL_ROW_41_254,VPWR,li1,44.3900,122.7060,1.799977
TAP_TAPCELL_ROW_41_253,VPWR,li1,31.5100,122.7060,1.799976
TAP_TAPCELL_ROW_41_252,VPWR,li1,18.6300,122.7060,1.799987
TAP_TAPCELL_ROW_40_251,VPWR,li1,95.9100,122.0930,1.799981
TAP_TAPCELL_ROW_40_250,VPWR,li1,70.1500,122.0930,1.799977
TAP_TAPCELL_ROW_40_249,VPWR,li1,44.3900,122.0930,1.799977
TAP_TAPCELL_ROW_40_248,VPWR,li1,18.6300,122.0930,1.799987
TAP_TAPCELL_ROW_39_247,VPWR,li1,108.7900,117.2660,1.799991
TAP_TAPCELL_ROW_39_246,VPWR,li1,83.0300,117.2660,1.799984
TAP_TAPCELL_ROW_39_245,VPWR,li1,57.2700,117.2660,1.799978
TAP_TAPCELL_ROW_39_244,VPWR,li1,31.5100,117.2660,1.799984
TAP_TAPCELL_ROW_38_243,VPWR,li1,95.9100,116.6530,1.799986
TAP_TAPCELL_ROW_38_242,VPWR,li1,70.1500,116.6530,1.799980
TAP_TAPCELL_ROW_38_241,VPWR,li1,44.3900,116.6530,1.799979
TAP_TAPCELL_ROW_38_240,VPWR,li1,18.6300,116.6530,1.799992
TAP_TAPCELL_ROW_37_239,VPWR,li1,108.7900,111.8260,1.799996
TAP_TAPCELL_ROW_37_238,VPWR,li1,83.0300,111.8260,1.799990
TAP_TAPCELL_ROW_37_237,VPWR,li1,57.2700,111.8260,1.799985
TAP_TAPCELL_ROW_37_236,VPWR,li1,31.5100,111.8260,1.799976
TAP_TAPCELL_ROW_36_235,VPWR,li1,95.9100,111.2130,1.799994
TAP_TAPCELL_ROW_36_234,VPWR,li1,70.1500,111.2130,1.799988
TAP_TAPCELL_ROW_36_233,VPWR,li1,44.3900,111.2130,1.799975
TAP_TAPCELL_ROW_36_232,VPWR,li1,18.6300,111.2130,1.799988
TAP_TAPCELL_ROW_35_231,VPWR,li1,108.7900,106.3860,1.799984
TAP_TAPCELL_ROW_35_230,VPWR,li1,83.0300,106.3860,1.799978
TAP_TAPCELL_ROW_35_229,VPWR,li1,57.2700,106.3860,1.799959
TAP_TAPCELL_ROW_35_228,VPWR,li1,31.5100,106.3860,1.799965
TAP_TAPCELL_ROW_34_227,VPWR,li1,95.9100,105.7730,1.799981
TAP_TAPCELL_ROW_34_226,VPWR,li1,70.1500,105.7730,1.799973
TAP_TAPCELL_ROW_34_225,VPWR,li1,44.3900,105.7730,1.799967
TAP_TAPCELL_ROW_34_224,VPWR,li1,18.6300,105.7730,1.799976
TAP_TAPCELL_ROW_33_223,VPWR,li1,108.7900,100.9460,1.799989
TAP_TAPCELL_ROW_33_222,VPWR,li1,83.0300,100.9460,1.799974
TAP_TAPCELL_ROW_33_221,VPWR,li1,57.2700,100.9460,1.799981
TAP_TAPCELL_ROW_33_220,VPWR,li1,31.5100,100.9460,1.799986
TAP_TAPCELL_ROW_32_219,VPWR,li1,95.9100,100.3330,1.799978
TAP_TAPCELL_ROW_32_218,VPWR,li1,70.1500,100.3330,1.799978
TAP_TAPCELL_ROW_32_217,VPWR,li1,44.3900,100.3330,1.799982
TAP_TAPCELL_ROW_32_216,VPWR,li1,18.6300,100.3330,1.799988
TAP_TAPCELL_ROW_31_215,VPWR,li1,108.7900,95.5060,1.799980
TAP_TAPCELL_ROW_31_214,VPWR,li1,83.0300,95.5060,1.799980
TAP_TAPCELL_ROW_31_213,VPWR,li1,57.2700,95.5060,1.799969
TAP_TAPCELL_ROW_31_212,VPWR,li1,31.5100,95.5060,1.799981
TAP_TAPCELL_ROW_30_211,VPWR,li1,95.9100,94.8930,1.799983
TAP_TAPCELL_ROW_30_210,VPWR,li1,70.1500,94.8930,1.799980
TAP_TAPCELL_ROW_30_209,VPWR,li1,44.3900,94.8930,1.799979
TAP_TAPCELL_ROW_30_208,VPWR,li1,18.6300,94.8930,1.799983
TAP_TAPCELL_ROW_29_207,VPWR,li1,108.7900,90.0660,1.799973
TAP_TAPCELL_ROW_29_206,VPWR,li1,83.0300,90.0660,1.799972
TAP_TAPCELL_ROW_29_205,VPWR,li1,57.2700,90.0660,1.799980
TAP_TAPCELL_ROW_29_204,VPWR,li1,31.5100,90.0660,1.799988
TAP_TAPCELL_ROW_28_203,VPWR,li1,95.9100,89.4530,1.799975
TAP_TAPCELL_ROW_28_202,VPWR,li1,70.1500,89.4530,1.799979
TAP_TAPCELL_ROW_28_201,VPWR,li1,44.3900,89.4530,1.799981
TAP_TAPCELL_ROW_28_200,VPWR,li1,18.6300,89.4530,1.799990
TAP_TAPCELL_ROW_27_199,VPWR,li1,108.7900,84.6260,1.799969
TAP_TAPCELL_ROW_27_198,VPWR,li1,83.0300,84.6260,1.799986
TAP_TAPCELL_ROW_27_197,VPWR,li1,57.2700,84.6260,1.799985
TAP_TAPCELL_ROW_27_196,VPWR,li1,31.5100,84.6260,1.799985
TAP_TAPCELL_ROW_26_195,VPWR,li1,95.9100,84.0130,1.799978
TAP_TAPCELL_ROW_26_194,VPWR,li1,70.1500,84.0130,1.799985
TAP_TAPCELL_ROW_26_193,VPWR,li1,44.3900,84.0130,1.799982
TAP_TAPCELL_ROW_26_192,VPWR,li1,18.6300,84.0130,1.799986
TAP_TAPCELL_ROW_25_191,VPWR,li1,108.7900,79.1860,1.799968
TAP_TAPCELL_ROW_25_190,VPWR,li1,83.0300,79.1860,1.799984
TAP_TAPCELL_ROW_25_189,VPWR,li1,57.2700,79.1860,1.799984
TAP_TAPCELL_ROW_25_188,VPWR,li1,31.5100,79.1860,1.799987
TAP_TAPCELL_ROW_24_187,VPWR,li1,95.9100,78.5730,1.799979
TAP_TAPCELL_ROW_24_186,VPWR,li1,70.1500,78.5730,1.799985
TAP_TAPCELL_ROW_24_185,VPWR,li1,44.3900,78.5730,1.799988
TAP_TAPCELL_ROW_24_184,VPWR,li1,18.6300,78.5730,1.799987
TAP_TAPCELL_ROW_23_183,VPWR,li1,108.7900,73.7460,1.799974
TAP_TAPCELL_ROW_23_182,VPWR,li1,83.0300,73.7460,1.799979
TAP_TAPCELL_ROW_23_181,VPWR,li1,57.2700,73.7460,1.799972
TAP_TAPCELL_ROW_23_180,VPWR,li1,31.5100,73.7460,1.799982
TAP_TAPCELL_ROW_22_179,VPWR,li1,95.9100,73.1330,1.799979
TAP_TAPCELL_ROW_22_178,VPWR,li1,70.1500,73.1330,1.799977
TAP_TAPCELL_ROW_22_177,VPWR,li1,44.3900,73.1330,1.799977
TAP_TAPCELL_ROW_22_176,VPWR,li1,18.6300,73.1330,1.799987
TAP_TAPCELL_ROW_21_175,VPWR,li1,108.7900,68.3060,1.799982
TAP_TAPCELL_ROW_21_174,VPWR,li1,83.0300,68.3060,1.799978
TAP_TAPCELL_ROW_21_173,VPWR,li1,57.2700,68.3060,1.799969
TAP_TAPCELL_ROW_21_172,VPWR,li1,31.5100,68.3060,1.799978
TAP_TAPCELL_ROW_20_171,VPWR,li1,95.9100,67.6930,1.799986
TAP_TAPCELL_ROW_20_170,VPWR,li1,70.1500,67.6930,1.799953
TAP_TAPCELL_ROW_20_169,VPWR,li1,44.3900,67.6930,1.799980
TAP_TAPCELL_ROW_20_168,VPWR,li1,18.6300,67.6930,1.799976
TAP_TAPCELL_ROW_19_167,VPWR,li1,108.7900,62.8660,1.799974
TAP_TAPCELL_ROW_19_166,VPWR,li1,83.0300,62.8660,1.799982
TAP_TAPCELL_ROW_19_165,VPWR,li1,57.2700,62.8660,1.799977
TAP_TAPCELL_ROW_19_164,VPWR,li1,31.5100,62.8660,1.799977
TAP_TAPCELL_ROW_18_163,VPWR,li1,95.9100,62.2530,1.799978
TAP_TAPCELL_ROW_18_162,VPWR,li1,70.1500,62.2530,1.799980
TAP_TAPCELL_ROW_18_161,VPWR,li1,44.3900,62.2530,1.799979
TAP_TAPCELL_ROW_18_160,VPWR,li1,18.6300,62.2530,1.799967
TAP_TAPCELL_ROW_17_159,VPWR,li1,108.7900,57.4260,1.799984
TAP_TAPCELL_ROW_17_158,VPWR,li1,83.0300,57.4260,1.799984
TAP_TAPCELL_ROW_17_157,VPWR,li1,57.2700,57.4260,1.799973
TAP_TAPCELL_ROW_17_156,VPWR,li1,31.5100,57.4260,1.799974
TAP_TAPCELL_ROW_16_155,VPWR,li1,95.9100,56.8130,1.799984
TAP_TAPCELL_ROW_16_154,VPWR,li1,70.1500,56.8130,1.799982
TAP_TAPCELL_ROW_16_153,VPWR,li1,44.3900,56.8130,1.799964
TAP_TAPCELL_ROW_16_152,VPWR,li1,18.6300,56.8130,1.799980
TAP_TAPCELL_ROW_15_151,VPWR,li1,108.7900,51.9860,1.799980
TAP_TAPCELL_ROW_15_150,VPWR,li1,83.0300,51.9860,1.799985
TAP_TAPCELL_ROW_15_149,VPWR,li1,57.2700,51.9860,1.799985
TAP_TAPCELL_ROW_15_148,VPWR,li1,31.5100,51.9860,1.799967
TAP_TAPCELL_ROW_14_147,VPWR,li1,95.9100,51.3730,1.799983
TAP_TAPCELL_ROW_14_146,VPWR,li1,70.1500,51.3730,1.799987
TAP_TAPCELL_ROW_14_145,VPWR,li1,44.3900,51.3730,1.799979
TAP_TAPCELL_ROW_14_144,VPWR,li1,18.6300,51.3730,1.799975
TAP_TAPCELL_ROW_13_143,VPWR,li1,108.7900,46.5460,1.799976
TAP_TAPCELL_ROW_13_142,VPWR,li1,83.0300,46.5460,1.799967
TAP_TAPCELL_ROW_13_141,VPWR,li1,57.2700,46.5460,1.799971
TAP_TAPCELL_ROW_13_140,VPWR,li1,31.5100,46.5460,1.799982
TAP_TAPCELL_ROW_12_139,VPWR,li1,95.9100,45.9330,1.799974
TAP_TAPCELL_ROW_12_138,VPWR,li1,70.1500,45.9330,1.799961
TAP_TAPCELL_ROW_12_137,VPWR,li1,44.3900,45.9330,1.799968
TAP_TAPCELL_ROW_12_136,VPWR,li1,18.6300,45.9330,1.799988
TAP_TAPCELL_ROW_11_135,VPWR,li1,108.7900,41.1060,1.799980
TAP_TAPCELL_ROW_11_134,VPWR,li1,83.0300,41.1060,1.799985
TAP_TAPCELL_ROW_11_133,VPWR,li1,57.2700,41.1060,1.799990
TAP_TAPCELL_ROW_11_132,VPWR,li1,31.5100,41.1060,1.799988
TAP_TAPCELL_ROW_10_131,VPWR,li1,95.9100,40.4930,1.799980
TAP_TAPCELL_ROW_10_130,VPWR,li1,70.1500,40.4930,1.799988
TAP_TAPCELL_ROW_10_129,VPWR,li1,44.3900,40.4930,1.799992
TAP_TAPCELL_ROW_10_128,VPWR,li1,18.6300,40.4930,1.799987
TAP_TAPCELL_ROW_9_127,VPWR,li1,108.7900,35.6660,1.799978
TAP_TAPCELL_ROW_9_126,VPWR,li1,83.0300,35.6660,1.799978
TAP_TAPCELL_ROW_9_125,VPWR,li1,57.2700,35.6660,1.799989
TAP_TAPCELL_ROW_9_124,VPWR,li1,31.5100,35.6660,1.799989
TAP_TAPCELL_ROW_8_123,VPWR,li1,95.9100,35.0530,1.799978
TAP_TAPCELL_ROW_8_122,VPWR,li1,70.1500,35.0530,1.799978
TAP_TAPCELL_ROW_8_121,VPWR,li1,44.3900,35.0530,1.799990
TAP_TAPCELL_ROW_8_120,VPWR,li1,18.6300,35.0530,1.799991
TAP_TAPCELL_ROW_7_119,VPWR,li1,108.7900,30.2260,1.799973
TAP_TAPCELL_ROW_7_118,VPWR,li1,83.0300,30.2260,1.799981
TAP_TAPCELL_ROW_7_117,VPWR,li1,57.2700,30.2260,1.799987
TAP_TAPCELL_ROW_7_116,VPWR,li1,31.5100,30.2260,1.799993
TAP_TAPCELL_ROW_6_115,VPWR,li1,95.9100,29.6130,1.799970
TAP_TAPCELL_ROW_6_114,VPWR,li1,70.1500,29.6130,1.799984
TAP_TAPCELL_ROW_6_113,VPWR,li1,44.3900,29.6130,1.799992
TAP_TAPCELL_ROW_6_112,VPWR,li1,18.6300,29.6130,1.799997
TAP_TAPCELL_ROW_5_111,VPWR,li1,108.7900,24.7860,1.799990
TAP_TAPCELL_ROW_5_110,VPWR,li1,83.0300,24.7860,1.799991
TAP_TAPCELL_ROW_5_109,VPWR,li1,57.2700,24.7860,1.799997
TAP_TAPCELL_ROW_5_108,VPWR,li1,31.5100,24.7860,1.799998
TAP_TAPCELL_ROW_4_107,VPWR,li1,95.9100,24.1730,1.799990
TAP_TAPCELL_ROW_4_106,VPWR,li1,70.1500,24.1730,1.799994
TAP_TAPCELL_ROW_4_105,VPWR,li1,44.3900,24.1730,1.799997
TAP_TAPCELL_ROW_4_104,VPWR,li1,18.6300,24.1730,1.799999
TAP_TAPCELL_ROW_3_103,VPWR,li1,108.7900,19.3460,1.799984
TAP_TAPCELL_ROW_3_102,VPWR,li1,83.0300,19.3460,1.799981
TAP_TAPCELL_ROW_3_101,VPWR,li1,57.2700,19.3460,1.799985
TAP_TAPCELL_ROW_3_100,VPWR,li1,31.5100,19.3460,1.799991
TAP_TAPCELL_ROW_2_99,VPWR,li1,95.9100,18.7330,1.799980
TAP_TAPCELL_ROW_2_98,VPWR,li1,70.1500,18.7330,1.799979
TAP_TAPCELL_ROW_2_97,VPWR,li1,44.3900,18.7330,1.799991
TAP_TAPCELL_ROW_2_96,VPWR,li1,18.6300,18.7330,1.799996
TAP_TAPCELL_ROW_1_95,VPWR,li1,108.7900,13.9060,1.799989
TAP_TAPCELL_ROW_1_94,VPWR,li1,83.0300,13.9060,1.799986
TAP_TAPCELL_ROW_1_93,VPWR,li1,57.2700,13.9060,1.799991
TAP_TAPCELL_ROW_1_92,VPWR,li1,31.5100,13.9060,1.799993
TAP_TAPCELL_ROW_0_91,VPWR,li1,108.7900,13.2930,1.799989
TAP_TAPCELL_ROW_0_90,VPWR,li1,95.9100,13.2930,1.799987
TAP_TAPCELL_ROW_0_89,VPWR,li1,83.0300,13.2930,1.799986
TAP_TAPCELL_ROW_0_88,VPWR,li1,70.1500,13.2930,1.799989
TAP_TAPCELL_ROW_0_87,VPWR,li1,57.2700,13.2930,1.799991
TAP_TAPCELL_ROW_0_86,VPWR,li1,44.3900,13.2930,1.799991
TAP_TAPCELL_ROW_0_85,VPWR,li1,31.5100,13.2930,1.799993
TAP_TAPCELL_ROW_0_84,VPWR,li1,18.6300,13.2930,1.799997
PHY_EDGE_ROW_41_Left_83,VPWR,li1,6.2100,122.4000,1.799994
PHY_EDGE_ROW_40_Left_82,VPWR,li1,6.2100,122.4000,1.799994
PHY_EDGE_ROW_39_Left_81,VPWR,li1,6.2100,116.9600,1.799996
PHY_EDGE_ROW_38_Left_80,VPWR,li1,6.2100,116.9600,1.799996
PHY_EDGE_ROW_37_Left_79,VPWR,li1,6.2100,111.5200,1.799995
PHY_EDGE_ROW_36_Left_78,VPWR,li1,6.2100,111.5200,1.799995
PHY_EDGE_ROW_35_Left_77,VPWR,li1,6.2100,106.0800,1.799989
PHY_EDGE_ROW_34_Left_76,VPWR,li1,6.2100,106.0800,1.799989
PHY_EDGE_ROW_33_Left_75,VPWR,li1,6.2100,100.6400,1.799994
PHY_EDGE_ROW_32_Left_74,VPWR,li1,6.2100,100.6400,1.799994
PHY_EDGE_ROW_31_Left_73,VPWR,li1,6.2100,95.2000,1.799989
PHY_EDGE_ROW_30_Left_72,VPWR,li1,6.2100,95.2000,1.799989
PHY_EDGE_ROW_29_Left_71,VPWR,li1,6.2100,89.7600,1.799995
PHY_EDGE_ROW_28_Left_70,VPWR,li1,6.2100,89.7600,1.799995
PHY_EDGE_ROW_27_Left_69,VPWR,li1,6.2100,84.3200,1.799989
PHY_EDGE_ROW_26_Left_68,VPWR,li1,6.2100,84.3200,1.799989
PHY_EDGE_ROW_25_Left_67,VPWR,li1,6.2100,78.8800,1.799992
PHY_EDGE_ROW_24_Left_66,VPWR,li1,6.2100,78.8800,1.799992
PHY_EDGE_ROW_23_Left_65,VPWR,li1,6.2100,73.4400,1.799990
PHY_EDGE_ROW_22_Left_64,VPWR,li1,6.2100,73.4400,1.799990
PHY_EDGE_ROW_21_Left_63,VPWR,li1,6.2100,68.0000,1.799983
PHY_EDGE_ROW_20_Left_62,VPWR,li1,6.2100,68.0000,1.799983
PHY_EDGE_ROW_19_Left_61,VPWR,li1,6.2100,62.5600,1.799981
PHY_EDGE_ROW_18_Left_60,VPWR,li1,6.2100,62.5600,1.799981
PHY_EDGE_ROW_17_Left_59,VPWR,li1,6.2100,57.1200,1.799985
PHY_EDGE_ROW_16_Left_58,VPWR,li1,6.2100,57.1200,1.799985
PHY_EDGE_ROW_15_Left_57,VPWR,li1,6.2100,51.6800,1.799985
PHY_EDGE_ROW_14_Left_56,VPWR,li1,6.2100,51.6800,1.799985
PHY_EDGE_ROW_13_Left_55,VPWR,li1,6.2100,46.2400,1.799993
PHY_EDGE_ROW_12_Left_54,VPWR,li1,6.2100,46.2400,1.799993
PHY_EDGE_ROW_11_Left_53,VPWR,li1,6.2100,40.8000,1.799992
PHY_EDGE_ROW_10_Left_52,VPWR,li1,6.2100,40.8000,1.799992
PHY_EDGE_ROW_9_Left_51,VPWR,li1,6.2100,35.3600,1.799996
PHY_EDGE_ROW_8_Left_50,VPWR,li1,6.2100,35.3600,1.799996
PHY_EDGE_ROW_7_Left_49,VPWR,li1,6.2100,29.9200,1.799998
PHY_EDGE_ROW_6_Left_48,VPWR,li1,6.2100,29.9200,1.799998
PHY_EDGE_ROW_5_Left_47,VPWR,li1,6.2100,24.4800,1.800000
PHY_EDGE_ROW_4_Left_46,VPWR,li1,6.2100,24.4800,1.800000
PHY_EDGE_ROW_3_Left_45,VPWR,li1,6.2100,19.0400,1.799998
PHY_EDGE_ROW_2_Left_44,VPWR,li1,6.2100,19.0400,1.799998
PHY_EDGE_ROW_1_Left_43,VPWR,li1,6.2100,13.6000,1.799999
PHY_EDGE_ROW_0_Left_42,VPWR,li1,6.2100,13.6000,1.799999
PHY_EDGE_ROW_41_Right_41,VPWR,li1,119.3700,122.4000,1.799991
PHY_EDGE_ROW_40_Right_40,VPWR,li1,119.3700,122.4000,1.799991
PHY_EDGE_ROW_39_Right_39,VPWR,li1,119.3700,116.9600,1.799993
PHY_EDGE_ROW_38_Right_38,VPWR,li1,119.3700,116.9600,1.799993
PHY_EDGE_ROW_37_Right_37,VPWR,li1,119.3700,111.5200,1.799997
PHY_EDGE_ROW_36_Right_36,VPWR,li1,119.3700,111.5200,1.799997
PHY_EDGE_ROW_35_Right_35,VPWR,li1,119.3700,106.0800,1.799984
PHY_EDGE_ROW_34_Right_34,VPWR,li1,119.3700,106.0800,1.799984
PHY_EDGE_ROW_33_Right_33,VPWR,li1,119.3700,100.6400,1.799989
PHY_EDGE_ROW_32_Right_32,VPWR,li1,119.3700,100.6400,1.799989
PHY_EDGE_ROW_31_Right_31,VPWR,li1,119.3700,95.2000,1.799976
PHY_EDGE_ROW_30_Right_30,VPWR,li1,119.3700,95.2000,1.799976
PHY_EDGE_ROW_29_Right_29,VPWR,li1,119.3700,89.7600,1.799974
PHY_EDGE_ROW_28_Right_28,VPWR,li1,119.3700,89.7600,1.799974
PHY_EDGE_ROW_27_Right_27,VPWR,li1,119.3700,84.3200,1.799973
PHY_EDGE_ROW_26_Right_26,VPWR,li1,119.3700,84.3200,1.799973
PHY_EDGE_ROW_25_Right_25,VPWR,li1,119.3700,78.8800,1.799972
PHY_EDGE_ROW_24_Right_24,VPWR,li1,119.3700,78.8800,1.799972
PHY_EDGE_ROW_23_Right_23,VPWR,li1,119.3700,73.4400,1.799974
PHY_EDGE_ROW_22_Right_22,VPWR,li1,119.3700,73.4400,1.799974
PHY_EDGE_ROW_21_Right_21,VPWR,li1,119.3700,68.0000,1.799976
PHY_EDGE_ROW_20_Right_20,VPWR,li1,119.3700,68.0000,1.799976
PHY_EDGE_ROW_19_Right_19,VPWR,li1,119.3700,62.5600,1.799975
PHY_EDGE_ROW_18_Right_18,VPWR,li1,119.3700,62.5600,1.799975
PHY_EDGE_ROW_17_Right_17,VPWR,li1,119.3700,57.1200,1.799983
PHY_EDGE_ROW_16_Right_16,VPWR,li1,119.3700,57.1200,1.799983
PHY_EDGE_ROW_15_Right_15,VPWR,li1,119.3700,51.6800,1.799980
PHY_EDGE_ROW_14_Right_14,VPWR,li1,119.3700,51.6800,1.799980
PHY_EDGE_ROW_13_Right_13,VPWR,li1,119.3700,46.2400,1.799976
PHY_EDGE_ROW_12_Right_12,VPWR,li1,119.3700,46.2400,1.799976
PHY_EDGE_ROW_11_Right_11,VPWR,li1,119.3700,40.8000,1.799986
PHY_EDGE_ROW_10_Right_10,VPWR,li1,119.3700,40.8000,1.799986
PHY_EDGE_ROW_9_Right_9,VPWR,li1,119.3700,35.3600,1.799976
PHY_EDGE_ROW_8_Right_8,VPWR,li1,119.3700,35.3600,1.799976
PHY_EDGE_ROW_7_Right_7,VPWR,li1,119.3700,29.9200,1.799981
PHY_EDGE_ROW_6_Right_6,VPWR,li1,119.3700,29.9200,1.799981
PHY_EDGE_ROW_5_Right_5,VPWR,li1,119.3700,24.4800,1.799993
PHY_EDGE_ROW_4_Right_4,VPWR,li1,119.3700,24.4800,1.799993
PHY_EDGE_ROW_3_Right_3,VPWR,li1,119.3700,19.0400,1.799989
PHY_EDGE_ROW_2_Right_2,VPWR,li1,119.3700,19.0400,1.799989
PHY_EDGE_ROW_1_Right_1,VPWR,li1,119.3700,13.6000,1.799992
PHY_EDGE_ROW_0_Right_0,VPWR,li1,119.3700,13.6000,1.799992
_949_,VPWR,li1,55.6600,51.6800,1.799985
_948_,VPWR,li1,57.0400,46.2400,1.799971
_947_,VPWR,li1,63.0200,19.0400,1.799980
_946_,VPWR,li1,62.1000,19.0400,1.799980
_945_,VPWR,li1,37.7200,13.6000,1.799991
_944_,VPWR,li1,30.8200,19.0400,1.799991
_943_,VPWR,li1,28.2900,29.9200,1.799993
_942_,VPWR,li1,35.1900,35.3600,1.799988
_941_,VPWR,li1,52.2100,29.9200,1.799990
_940_,VPWR,li1,37.0300,35.3600,1.799989
_939_,VPWR,li1,49.2200,62.5600,1.799979
_938_,VPWR,li1,56.5800,73.4400,1.799972
_937_,VPWR,li1,68.0800,46.2400,1.799964
_936_,VPWR,li1,94.7600,29.9200,1.799970
_935_,VPWR,li1,70.8400,13.6000,1.799989
_934_,VPWR,li1,92.4600,13.6000,1.799982
_933_,VPWR,li1,74.0600,29.9200,1.799979
_932_,VPWR,li1,85.5600,51.6800,1.799982
_931_,VPWR,li1,102.1200,57.1200,1.799982
_930_,VPWR,li1,77.7400,78.8800,1.799981
_929_,VPWR,li1,104.4200,95.2000,1.799978
_928_,VPWR,li1,100.2800,78.8800,1.799975
_927_,VPWR,li1,99.3600,62.5600,1.799972
_926_,VPWR,li1,76.3600,62.5600,1.799979
_925_,VPWR,li1,85.5600,95.2000,1.799978
_924_,VPWR,li1,87.4000,106.0800,1.799973
_923_,VPWR,li1,64.8600,116.9600,1.799977
_922_,VPWR,li1,86.0200,122.4000,1.799974
_921_,VPWR,li1,64.8600,100.6400,1.799979
_920_,VPWR,li1,63.9400,89.7600,1.799978
_919_,VPWR,li1,43.2400,111.5200,1.799973
_918_,VPWR,li1,40.4800,89.7600,1.799981
_917_,VPWR,li1,19.7800,95.2000,1.799983
_916_,VPWR,li1,19.7800,106.0800,1.799976
_915_,VPWR,li1,21.1600,116.9600,1.799992
_914_,VPWR,li1,43.7000,106.0800,1.799967
_913_,VPWR,li1,14.7200,84.3200,1.799984
_912_,VPWR,li1,33.1200,68.0000,1.799978
_911_,VPWR,li1,11.0400,51.6800,1.799978
_910_,VPWR,li1,12.8800,40.8000,1.799986
_909_,VPWR,li1,31.7400,51.6800,1.799967
_908_,VPWR,li1,11.5000,68.0000,1.799975
_907_,VPWR,li1,66.2400,62.5600,1.799978
_906_,VPWR,li1,65.3200,78.8800,1.799983
_905_,VPWR,li1,67.6200,57.1200,1.799982
_904_,VPWR,li1,104.8800,35.3600,1.799976
_903_,VPWR,li1,89.7000,19.0400,1.799977
_902_,VPWR,li1,100.7400,19.0400,1.799980
_901_,VPWR,li1,86.9400,29.9200,1.799974
_900_,VPWR,li1,91.0800,46.2400,1.799969
_899_,VPWR,li1,108.1000,46.2400,1.799976
_898_,VPWR,li1,88.3200,73.4400,1.799974
_897_,VPWR,li1,112.2400,89.7600,1.799976
_896_,VPWR,li1,112.7000,73.4400,1.799976
_895_,VPWR,li1,112.7000,62.5600,1.799977
_894_,VPWR,li1,87.8600,62.5600,1.799976
_893_,VPWR,li1,93.8400,84.3200,1.799977
_892_,VPWR,li1,99.8200,106.0800,1.799978
_891_,VPWR,li1,74.0600,116.9600,1.799978
_890_,VPWR,li1,99.8200,116.9600,1.799987
_889_,VPWR,li1,73.1400,100.6400,1.799975
_888_,VPWR,li1,69.9200,84.3200,1.799985
_887_,VPWR,li1,53.3600,122.4000,1.799976
_886_,VPWR,li1,53.3600,84.3200,1.799985
_885_,VPWR,li1,30.3600,89.7600,1.799988
_884_,VPWR,li1,27.6000,100.6400,1.799985
_883_,VPWR,li1,31.7400,122.4000,1.799976
_882_,VPWR,li1,53.3600,100.6400,1.799983
_881_,VPWR,li1,27.6000,78.8800,1.799986
_880_,VPWR,li1,40.0200,73.4400,1.799979
_879_,VPWR,li1,22.5400,57.1200,1.799980
_878_,VPWR,li1,23.4600,35.3600,1.799990
_877_,VPWR,li1,38.1800,57.1200,1.799970
_876_,VPWR,li1,19.7800,68.0000,1.799976
_875_,VPWR,li1,61.1800,62.5600,1.799976
_874_,VPWR,li1,66.2400,73.4400,1.799976
_873_,VPWR,li1,74.5200,46.2400,1.799954
_872_,VPWR,li1,112.2400,35.3600,1.799979
_871_,VPWR,li1,81.8800,24.4800,1.799990
_870_,VPWR,li1,103.5000,24.4800,1.799987
_869_,VPWR,li1,83.7200,35.3600,1.799978
_868_,VPWR,li1,99.8200,46.2400,1.799975
_867_,VPWR,li1,114.5400,51.6800,1.799980
_866_,VPWR,li1,90.1600,73.4400,1.799974
_865_,VPWR,li1,114.5400,84.3200,1.799973
_864_,VPWR,li1,113.1600,73.4400,1.799976
_863_,VPWR,li1,113.1600,68.0000,1.799979
_862_,VPWR,li1,89.2400,57.1200,1.799982
_861_,VPWR,li1,99.8200,89.7600,1.799971
_860_,VPWR,li1,99.3600,106.0800,1.799978
_859_,VPWR,li1,77.2800,122.4000,1.799972
_858_,VPWR,li1,99.8200,122.4000,1.799983
_857_,VPWR,li1,78.6600,106.0800,1.799974
_856_,VPWR,li1,76.3600,89.7600,1.799973
_855_,VPWR,li1,53.3600,116.9600,1.799981
_854_,VPWR,li1,51.5200,89.7600,1.799981
_853_,VPWR,li1,39.1000,95.2000,1.799982
_852_,VPWR,li1,39.1000,106.0800,1.799972
_851_,VPWR,li1,35.4200,116.9600,1.799983
_850_,VPWR,li1,53.3600,106.0800,1.799965
_849_,VPWR,li1,27.6000,78.8800,1.799986
_848_,VPWR,li1,44.1600,73.4400,1.799977
_847_,VPWR,li1,22.5400,51.6800,1.799974
_846_,VPWR,li1,25.3000,40.8000,1.799987
_845_,VPWR,li1,40.4800,51.6800,1.799975
_844_,VPWR,li1,23.4600,62.5600,1.799976
_843_,VPWR,li1,55.2000,40.8000,1.799990
_842_,VPWR,li1,62.1000,29.9200,1.799985
_841_,VPWR,li1,49.2200,57.1200,1.799965
_840_,VPWR,li1,53.3600,73.4400,1.799974
_839_,VPWR,li1,66.2400,46.2400,1.799968
_838_,VPWR,li1,102.1200,29.9200,1.799963
_837_,VPWR,li1,70.8400,19.0400,1.799979
_836_,VPWR,li1,92.4600,19.0400,1.799977
_835_,VPWR,li1,74.0600,29.9200,1.799979
_834_,VPWR,li1,83.7200,46.2400,1.799967
_833_,VPWR,li1,100.7400,51.6800,1.799980
_832_,VPWR,li1,77.7400,73.4400,1.799975
_831_,VPWR,li1,103.9600,89.7600,1.799970
_830_,VPWR,li1,100.2800,73.4400,1.799974
_829_,VPWR,li1,99.8200,62.5600,1.799972
_828_,VPWR,li1,76.3600,62.5600,1.799979
_827_,VPWR,li1,85.1000,89.7600,1.799965
_826_,VPWR,li1,86.9400,106.0800,1.799973
_825_,VPWR,li1,64.4000,116.9600,1.799976
_824_,VPWR,li1,86.0200,116.9600,1.799982
_823_,VPWR,li1,64.8600,106.0800,1.799967
_822_,VPWR,li1,63.9400,89.7600,1.799978
_821_,VPWR,li1,43.2400,116.9600,1.799979
_820_,VPWR,li1,40.4800,84.3200,1.799983
_819_,VPWR,li1,19.3200,89.7600,1.799990
_818_,VPWR,li1,19.7800,100.6400,1.799988
_817_,VPWR,li1,22.5400,122.4000,1.799984
_816_,VPWR,li1,43.2400,100.6400,1.799982
_815_,VPWR,li1,16.1000,78.8800,1.799986
_814_,VPWR,li1,35.4200,62.5600,1.799978
_813_,VPWR,li1,11.0400,51.6800,1.799978
_812_,VPWR,li1,12.8800,40.8000,1.799986
_811_,VPWR,li1,30.8200,57.1200,1.799974
_810_,VPWR,li1,11.0400,68.0000,1.799975
_809_,VPWR,li1,52.6700,46.2400,1.799977
_808_,VPWR,li1,47.1500,46.2400,1.799972
_807_,VPWR,li1,51.2900,46.2400,1.799975
_806_,VPWR,li1,47.6100,40.8000,1.799992
_805_,VPWR,li1,44.3900,40.8000,1.799992
_804_,VPWR,li1,50.1400,46.2400,1.799975
_803_,VPWR,li1,58.1900,13.6000,1.799990
_802_,VPWR,li1,54.7400,13.6000,1.799992
_801_,VPWR,li1,50.8300,19.0400,1.799990
_800_,VPWR,li1,48.9900,19.0400,1.799990
_799_,VPWR,li1,51.7500,13.6000,1.799992
_798_,VPWR,li1,56.3500,19.0400,1.799985
_797_,VPWR,li1,54.9700,13.6000,1.799992
_796_,VPWR,li1,52.6700,19.0400,1.799988
_795_,VPWR,li1,46.6900,19.0400,1.799991
_794_,VPWR,li1,46.4600,24.4800,1.799997
_793_,VPWR,li1,41.8600,19.0400,1.799992
_792_,VPWR,li1,54.0500,24.4800,1.799997
_791_,VPWR,li1,53.8200,19.0400,1.799988
_790_,VPWR,li1,37.9500,19.0400,1.799993
_789_,VPWR,li1,36.5700,24.4800,1.799997
_788_,VPWR,li1,40.2500,24.4800,1.799997
_787_,VPWR,li1,49.9100,24.4800,1.799997
_786_,VPWR,li1,37.9500,24.4800,1.799997
_785_,VPWR,li1,38.4100,19.0400,1.799993
_784_,VPWR,li1,28.2900,19.0400,1.799993
_783_,VPWR,li1,31.5100,24.4800,1.799998
_782_,VPWR,li1,29.9000,24.4800,1.799998
_781_,VPWR,li1,35.8800,24.4800,1.799997
_780_,VPWR,li1,34.2700,29.9200,1.799994
_779_,VPWR,li1,40.7100,24.4800,1.799997
_778_,VPWR,li1,33.3500,24.4800,1.799997
_777_,VPWR,li1,32.4300,19.0400,1.799992
_776_,VPWR,li1,28.2900,24.4800,1.799998
_775_,VPWR,li1,38.4100,40.8000,1.799992
_774_,VPWR,li1,43.7000,35.3600,1.799990
_773_,VPWR,li1,41.8600,19.0400,1.799992
_772_,VPWR,li1,48.5300,13.6000,1.799992
_771_,VPWR,li1,42.0900,35.3600,1.799990
_770_,VPWR,li1,50.3700,29.9200,1.799990
_769_,VPWR,li1,48.5300,35.3600,1.799991
_768_,VPWR,li1,47.3800,29.9200,1.799991
_767_,VPWR,li1,45.5400,19.0400,1.799991
_766_,VPWR,li1,45.3100,19.0400,1.799991
_765_,VPWR,li1,46.2300,35.3600,1.799990
_764_,VPWR,li1,44.1600,29.9200,1.799992
_763_,VPWR,li1,39.7900,40.8000,1.799992
_762_,VPWR,li1,42.0900,40.8000,1.799992
_761_,VPWR,li1,45.5400,35.3600,1.799990
_760_,VPWR,li1,44.1600,24.4800,1.799997
_759_,VPWR,li1,59.1100,29.9200,1.799986
_758_,VPWR,li1,41.1700,29.9200,1.799993
_757_,VPWR,li1,48.0700,62.5600,1.799979
_756_,VPWR,li1,51.2900,62.5600,1.799981
_755_,VPWR,li1,58.1900,73.4400,1.799972
_754_,VPWR,li1,58.6500,78.8800,1.799984
_753_,VPWR,li1,63.7100,46.2400,1.799969
_752_,VPWR,li1,78.8900,46.2400,1.799963
_751_,VPWR,li1,93.1500,29.9200,1.799971
_750_,VPWR,li1,93.6100,35.3600,1.799978
_749_,VPWR,li1,69.2300,19.0400,1.799979
_748_,VPWR,li1,72.9100,19.0400,1.799978
_747_,VPWR,li1,94.0700,19.0400,1.799977
_746_,VPWR,li1,93.6100,24.4800,1.799990
_745_,VPWR,li1,68.3100,29.9200,1.799986
_744_,VPWR,li1,79.8100,29.9200,1.799980
_743_,VPWR,li1,82.1100,46.2400,1.799968
_742_,VPWR,li1,85.7900,40.8000,1.799983
_741_,VPWR,li1,71.3000,40.8000,1.799986
_740_,VPWR,li1,100.9700,51.6800,1.799980
_739_,VPWR,li1,107.8700,57.1200,1.799982
_738_,VPWR,li1,76.5900,78.8800,1.799982
_737_,VPWR,li1,79.8100,73.4400,1.799976
_736_,VPWR,li1,103.2700,95.2000,1.799978
_735_,VPWR,li1,105.5700,84.3200,1.799965
_734_,VPWR,li1,99.5900,78.8800,1.799975
_733_,VPWR,li1,102.3500,78.8800,1.799972
_732_,VPWR,li1,98.2100,68.0000,1.799985
_731_,VPWR,li1,105.1100,62.5600,1.799972
_730_,VPWR,li1,75.2100,68.0000,1.799961
_729_,VPWR,li1,78.8900,68.0000,1.799970
_728_,VPWR,li1,76.3600,57.1200,1.799983
_727_,VPWR,li1,84.4100,84.3200,1.799984
_726_,VPWR,li1,88.0900,84.3200,1.799981
_725_,VPWR,li1,82.5700,106.0800,1.799978
_724_,VPWR,li1,92.6900,106.0800,1.799976
_723_,VPWR,li1,64.1700,122.4000,1.799974
_722_,VPWR,li1,67.8500,122.4000,1.799979
_721_,VPWR,li1,84.8700,111.5200,1.799990
_720_,VPWR,li1,91.7700,116.9600,1.799984
_719_,VPWR,li1,64.1700,111.5200,1.799987
_718_,VPWR,li1,67.8500,106.0800,1.799973
_717_,VPWR,li1,59.5700,89.7600,1.799979
_716_,VPWR,li1,66.9300,95.2000,1.799981
_715_,VPWR,li1,78.2000,84.3200,1.799985
_714_,VPWR,li1,42.0900,122.4000,1.799977
_713_,VPWR,li1,46.6900,122.4000,1.799977
_712_,VPWR,li1,39.3300,84.3200,1.799983
_711_,VPWR,li1,43.9300,89.7600,1.799981
_710_,VPWR,li1,17.7100,95.2000,1.799983
_709_,VPWR,li1,25.0700,89.7600,1.799989
_708_,VPWR,li1,19.5500,106.0800,1.799976
_707_,VPWR,li1,22.7700,106.0800,1.799976
_706_,VPWR,li1,20.0100,116.9600,1.799992
_705_,VPWR,li1,23.6900,116.9600,1.799989
_704_,VPWR,li1,45.3100,106.0800,1.799968
_703_,VPWR,li1,46.6900,111.5200,1.799977
_702_,VPWR,li1,40.9400,89.7600,1.799981
_701_,VPWR,li1,11.7300,78.8800,1.799988
_700_,VPWR,li1,20.9300,78.8800,1.799988
_699_,VPWR,li1,30.5900,73.4400,1.799983
_698_,VPWR,li1,34.7300,68.0000,1.799981
_697_,VPWR,li1,11.2700,57.1200,1.799982
_696_,VPWR,li1,14.0300,57.1200,1.799980
_695_,VPWR,li1,11.7300,46.2400,1.799989
_694_,VPWR,li1,15.4100,46.2400,1.799988
_693_,VPWR,li1,32.4300,51.6800,1.799967
_692_,VPWR,li1,29.2100,46.2400,1.799983
_691_,VPWR,li1,10.3500,73.4400,1.799989
_690_,VPWR,li1,14.0300,73.4400,1.799987
_689_,VPWR,li1,40.4800,78.8800,1.799989
_688_,VPWR,li1,69.0000,57.1200,1.799982
_687_,VPWR,li1,64.6300,35.3600,1.799984
_686_,VPWR,li1,54.9700,68.0000,1.799974
_685_,VPWR,li1,54.9700,57.1200,1.799972
_684_,VPWR,li1,59.5700,73.4400,1.799973
_683_,VPWR,li1,65.0900,68.0000,1.799953
_682_,VPWR,li1,65.5500,57.1200,1.799979
_681_,VPWR,li1,73.3700,57.1200,1.799982
_680_,VPWR,li1,106.4900,29.9200,1.799970
_679_,VPWR,li1,103.7300,40.8000,1.799976
_678_,VPWR,li1,79.3500,13.6000,1.799986
_677_,VPWR,li1,85.3300,19.0400,1.799979
_676_,VPWR,li1,108.7900,19.0400,1.799984
_675_,VPWR,li1,100.5100,24.4800,1.799988
_674_,VPWR,li1,79.3500,35.3600,1.799975
_673_,VPWR,li1,85.3300,24.4800,1.799990
_672_,VPWR,li1,88.0900,40.8000,1.799981
_671_,VPWR,li1,94.0700,40.8000,1.799980
_670_,VPWR,li1,106.0300,46.2400,1.799976
_669_,VPWR,li1,111.0900,46.2400,1.799980
_668_,VPWR,li1,79.1200,46.2400,1.799963
_667_,VPWR,li1,82.1100,78.8800,1.799984
_666_,VPWR,li1,88.0900,78.8800,1.799980
_665_,VPWR,li1,113.8500,100.6400,1.799990
_664_,VPWR,li1,111.0900,95.2000,1.799981
_663_,VPWR,li1,117.5300,68.0000,1.799976
_662_,VPWR,li1,111.0900,68.0000,1.799982
_661_,VPWR,li1,107.8700,62.5600,1.799974
_660_,VPWR,li1,111.0900,57.1200,1.799985
_659_,VPWR,li1,86.2500,68.0000,1.799979
_658_,VPWR,li1,93.6100,62.5600,1.799977
_657_,VPWR,li1,93.6100,89.7600,1.799972
_656_,VPWR,li1,93.1500,84.3200,1.799977
_655_,VPWR,li1,84.6400,57.1200,1.799984
_654_,VPWR,li1,96.8300,100.6400,1.799982
_653_,VPWR,li1,93.6100,106.0800,1.799978
_652_,VPWR,li1,71.5300,122.4000,1.799975
_651_,VPWR,li1,73.3700,111.5200,1.799987
_650_,VPWR,li1,94.5300,116.9600,1.799986
_649_,VPWR,li1,101.4300,116.9600,1.799987
_648_,VPWR,li1,69.2300,106.0800,1.799973
_647_,VPWR,li1,73.8300,100.6400,1.799975
_646_,VPWR,li1,68.3100,89.7600,1.799981
_645_,VPWR,li1,72.4500,84.3200,1.799985
_644_,VPWR,li1,48.9900,116.9600,1.799980
_643_,VPWR,li1,54.5100,111.5200,1.799985
_642_,VPWR,li1,58.4200,84.3200,1.799985
_641_,VPWR,li1,51.7500,84.3200,1.799985
_640_,VPWR,li1,57.2700,89.7600,1.799980
_639_,VPWR,li1,28.7500,89.7600,1.799989
_638_,VPWR,li1,33.8100,95.2000,1.799981
_637_,VPWR,li1,29.6700,111.5200,1.799977
_636_,VPWR,li1,33.8100,106.0800,1.799968
_635_,VPWR,li1,26.4500,116.9600,1.799987
_634_,VPWR,li1,33.8100,111.5200,1.799975
_633_,VPWR,li1,53.1300,111.5200,1.799984
_632_,VPWR,li1,59.5700,106.0800,1.799961
_631_,VPWR,li1,26.9100,73.4400,1.799983
_630_,VPWR,li1,28.7500,84.3200,1.799985
_629_,VPWR,li1,54.2800,84.3200,1.799985
_628_,VPWR,li1,35.6500,73.4400,1.799982
_627_,VPWR,li1,38.4100,73.4400,1.799983
_626_,VPWR,li1,17.7100,57.1200,1.799980
_625_,VPWR,li1,20.4700,57.1200,1.799980
_624_,VPWR,li1,19.5500,40.8000,1.799987
_623_,VPWR,li1,31.0500,40.8000,1.799988
_622_,VPWR,li1,34.2700,51.6800,1.799971
_621_,VPWR,li1,46.6900,51.6800,1.799980
_620_,VPWR,li1,17.7100,73.4400,1.799986
_619_,VPWR,li1,20.9300,73.4400,1.799987
_618_,VPWR,li1,56.3500,68.0000,1.799969
_617_,VPWR,li1,59.5700,57.1200,1.799975
_616_,VPWR,li1,65.0900,78.8800,1.799983
_615_,VPWR,li1,71.9900,73.4400,1.799976
_614_,VPWR,li1,76.1300,40.8000,1.799986
_613_,VPWR,li1,85.3300,46.2400,1.799967
_612_,VPWR,li1,100.9700,40.8000,1.799972
_611_,VPWR,li1,106.0300,29.9200,1.799970
_610_,VPWR,li1,88.0900,19.0400,1.799977
_609_,VPWR,li1,85.3300,13.6000,1.799984
_608_,VPWR,li1,106.9500,19.0400,1.799983
_607_,VPWR,li1,102.3500,13.6000,1.799987
_606_,VPWR,li1,81.6500,24.4800,1.799990
_605_,VPWR,li1,85.3300,35.3600,1.799978
_604_,VPWR,li1,96.8300,40.8000,1.799980
_603_,VPWR,li1,98.2100,40.8000,1.799976
_602_,VPWR,li1,73.1400,40.8000,1.799985
_601_,VPWR,li1,107.8700,46.2400,1.799976
_600_,VPWR,li1,112.0100,57.1200,1.799985
_599_,VPWR,li1,83.9500,73.4400,1.799977
_598_,VPWR,li1,94.0700,73.4400,1.799977
_597_,VPWR,li1,116.6100,100.6400,1.799989
_596_,VPWR,li1,112.4700,84.3200,1.799975
_595_,VPWR,li1,104.6500,78.8800,1.799970
_594_,VPWR,li1,116.1500,78.8800,1.799972
_593_,VPWR,li1,108.3300,62.5600,1.799974
_592_,VPWR,li1,107.4100,68.0000,1.799982
_591_,VPWR,li1,87.6300,68.0000,1.799981
_590_,VPWR,li1,88.0900,57.1200,1.799982
_589_,VPWR,li1,85.1000,78.8800,1.799982
_588_,VPWR,li1,94.0700,95.2000,1.799981
_587_,VPWR,li1,98.2100,95.2000,1.799981
_586_,VPWR,li1,100.9700,100.6400,1.799984
_585_,VPWR,li1,105.5700,106.0800,1.799981
_584_,VPWR,li1,83.9500,116.9600,1.799983
_583_,VPWR,li1,79.8100,116.9600,1.799982
_582_,VPWR,li1,94.9900,111.5200,1.799992
_581_,VPWR,li1,93.6100,122.4000,1.799979
_580_,VPWR,li1,80.2700,100.6400,1.799974
_579_,VPWR,li1,78.8900,100.6400,1.799974
_578_,VPWR,li1,74.7500,95.2000,1.799979
_577_,VPWR,li1,79.8100,89.7600,1.799972
_576_,VPWR,li1,80.9600,95.2000,1.799982
_575_,VPWR,li1,47.6100,116.9600,1.799979
_574_,VPWR,li1,53.1300,122.4000,1.799976
_573_,VPWR,li1,47.1500,89.7600,1.799981
_572_,VPWR,li1,51.2900,95.2000,1.799978
_571_,VPWR,li1,36.1100,89.7600,1.799987
_570_,VPWR,li1,34.2700,89.7600,1.799987
_569_,VPWR,li1,39.3300,111.5200,1.799974
_568_,VPWR,li1,33.8100,100.6400,1.799986
_567_,VPWR,li1,36.1100,122.4000,1.799978
_566_,VPWR,li1,29.2100,116.9600,1.799985
_565_,VPWR,li1,48.9900,100.6400,1.799982
_564_,VPWR,li1,52.6700,100.6400,1.799983
_563_,VPWR,li1,56.1200,89.7600,1.799980
_562_,VPWR,li1,25.9900,84.3200,1.799987
_561_,VPWR,li1,33.8100,78.8800,1.799988
_560_,VPWR,li1,49.4500,73.4400,1.799978
_559_,VPWR,li1,46.6900,73.4400,1.799977
_558_,VPWR,li1,15.8700,51.6800,1.799976
_557_,VPWR,li1,22.3100,46.2400,1.799988
_556_,VPWR,li1,20.9300,40.8000,1.799987
_555_,VPWR,li1,25.0700,46.2400,1.799986
_554_,VPWR,li1,36.1100,51.6800,1.799976
_553_,VPWR,li1,38.8700,46.2400,1.799976
_552_,VPWR,li1,17.7100,62.5600,1.799967
_551_,VPWR,li1,25.5300,68.0000,1.799980
_550_,VPWR,li1,48.7600,73.4400,1.799977
_549_,VPWR,li1,71.3000,57.1200,1.799982
_548_,VPWR,li1,67.3900,35.3600,1.799983
_547_,VPWR,li1,51.5200,40.8000,1.799992
_546_,VPWR,li1,50.8300,35.3600,1.799991
_545_,VPWR,li1,60.4900,35.3600,1.799986
_544_,VPWR,li1,52.9000,68.0000,1.799979
_543_,VPWR,li1,67.1600,57.1200,1.799982
_542_,VPWR,li1,64.6300,40.8000,1.799990
_541_,VPWR,li1,57.2700,35.3600,1.799989
_540_,VPWR,li1,59.1100,35.3600,1.799987
_539_,VPWR,li1,62.3300,29.9200,1.799985
_538_,VPWR,li1,64.1700,29.9200,1.799985
_537_,VPWR,li1,61.4100,35.3600,1.799986
_536_,VPWR,li1,56.1200,19.0400,1.799985
_535_,VPWR,li1,43.4700,62.5600,1.799979
_534_,VPWR,li1,51.7500,57.1200,1.799972
_533_,VPWR,li1,52.2100,73.4400,1.799978
_532_,VPWR,li1,54.5100,78.8800,1.799987
_531_,VPWR,li1,62.3300,46.2400,1.799970
_530_,VPWR,li1,67.8500,51.6800,1.799988
_529_,VPWR,li1,94.5300,29.9200,1.799970
_528_,VPWR,li1,95.4500,35.3600,1.799978
_527_,VPWR,li1,75.6700,19.0400,1.799978
_526_,VPWR,li1,76.5900,13.6000,1.799985
_525_,VPWR,li1,91.3100,13.6000,1.799982
_524_,VPWR,li1,98.2100,13.6000,1.799987
_523_,VPWR,li1,69.6900,29.9200,1.799984
_522_,VPWR,li1,75.2100,35.3600,1.799970
_521_,VPWR,li1,82.1100,40.8000,1.799987
_520_,VPWR,li1,89.9300,40.8000,1.799980
_519_,VPWR,li1,69.0000,40.8000,1.799988
_518_,VPWR,li1,99.5900,51.6800,1.799980
_517_,VPWR,li1,106.4900,51.6800,1.799980
_516_,VPWR,li1,76.5900,68.0000,1.799965
_515_,VPWR,li1,79.3500,78.8800,1.799981
_514_,VPWR,li1,101.8900,84.3200,1.799970
_513_,VPWR,li1,105.5700,89.7600,1.799970
_512_,VPWR,li1,100.5100,73.4400,1.799974
_511_,VPWR,li1,106.0300,73.4400,1.799973
_510_,VPWR,li1,94.9900,62.5600,1.799977
_509_,VPWR,li1,101.4300,68.0000,1.799983
_508_,VPWR,li1,71.9900,62.5600,1.799980
_507_,VPWR,li1,82.1100,62.5600,1.799982
_506_,VPWR,li1,71.7600,62.5600,1.799980
_505_,VPWR,li1,83.9500,95.2000,1.799980
_504_,VPWR,li1,90.8500,89.7600,1.799969
_503_,VPWR,li1,82.1100,100.6400,1.799974
_502_,VPWR,li1,88.0900,100.6400,1.799965
_501_,VPWR,li1,60.4900,122.4000,1.799973
_500_,VPWR,li1,67.3900,111.5200,1.799989
_499_,VPWR,li1,86.2500,111.5200,1.799990
_498_,VPWR,li1,87.6300,116.9600,1.799982
_497_,VPWR,li1,62.7900,111.5200,1.799987
_496_,VPWR,li1,71.9900,106.0800,1.799973
_495_,VPWR,li1,63.2500,95.2000,1.799976
_494_,VPWR,li1,66.9300,95.2000,1.799981
_493_,VPWR,li1,71.7600,89.7600,1.799976
_492_,VPWR,li1,42.0900,116.9600,1.799979
_491_,VPWR,li1,46.6900,116.9600,1.799979
_490_,VPWR,li1,40.7100,84.3200,1.799983
_489_,VPWR,li1,43.4700,84.3200,1.799982
_488_,VPWR,li1,19.5500,95.2000,1.799983
_487_,VPWR,li1,22.7700,95.2000,1.799984
_486_,VPWR,li1,17.7100,106.0800,1.799978
_485_,VPWR,li1,25.5300,111.5200,1.799980
_484_,VPWR,li1,16.7900,116.9600,1.799992
_483_,VPWR,li1,23.2300,111.5200,1.799983
_482_,VPWR,li1,43.4700,106.0800,1.799967
_481_,VPWR,li1,46.6900,100.6400,1.799982
_480_,VPWR,li1,46.4600,84.3200,1.799983
_479_,VPWR,li1,14.9500,78.8800,1.799987
_478_,VPWR,li1,21.8500,78.8800,1.799988
_477_,VPWR,li1,30.5900,62.5600,1.799977
_476_,VPWR,li1,38.8700,68.0000,1.799983
_475_,VPWR,li1,10.3500,46.2400,1.799991
_474_,VPWR,li1,14.0300,46.2400,1.799988
_473_,VPWR,li1,17.2500,40.8000,1.799987
_472_,VPWR,li1,14.9500,35.3600,1.799992
_471_,VPWR,li1,32.8900,46.2400,1.799981
_470_,VPWR,li1,33.8100,46.2400,1.799981
_469_,VPWR,li1,9.8900,62.5600,1.799977
_468_,VPWR,li1,12.6500,62.5600,1.799974
_467_,VPWR,li1,42.3200,78.8800,1.799988
_466_,VPWR,li1,63.0200,57.1200,1.799977
_465_,VPWR,li1,64.6300,35.3600,1.799984
_464_,VPWR,li1,65.5500,62.5600,1.799978
_463_,VPWR,li1,57.7300,62.5600,1.799977
_462_,VPWR,li1,77.0500,73.4400,1.799975
_461_,VPWR,li1,65.0900,73.4400,1.799976
_460_,VPWR,li1,74.7500,51.6800,1.799984
_459_,VPWR,li1,75.2100,51.6800,1.799984
_458_,VPWR,li1,107.8700,29.9200,1.799973
_457_,VPWR,li1,103.7300,35.3600,1.799976
_456_,VPWR,li1,88.0900,13.6000,1.799981
_455_,VPWR,li1,81.1900,19.0400,1.799979
_454_,VPWR,li1,110.1700,19.0400,1.799986
_453_,VPWR,li1,101.4300,19.0400,1.799980
_452_,VPWR,li1,91.7700,35.3600,1.799977
_451_,VPWR,li1,83.0300,29.9200,1.799981
_450_,VPWR,li1,103.7300,46.2400,1.799975
_449_,VPWR,li1,92.6900,46.2400,1.799969
_448_,VPWR,li1,113.8500,46.2400,1.799977
_447_,VPWR,li1,108.3300,51.6800,1.799980
_446_,VPWR,li1,80.5000,51.6800,1.799984
_445_,VPWR,li1,80.9600,51.6800,1.799984
_444_,VPWR,li1,93.1500,78.8800,1.799979
_443_,VPWR,li1,87.6300,78.8800,1.799980
_442_,VPWR,li1,115.2300,100.6400,1.799990
_441_,VPWR,li1,113.8500,89.7600,1.799976
_440_,VPWR,li1,110.1700,84.3200,1.799969
_439_,VPWR,li1,110.1700,78.8800,1.799967
_438_,VPWR,li1,110.1700,51.6800,1.799981
_437_,VPWR,li1,113.8500,62.5600,1.799977
_436_,VPWR,li1,93.6100,62.5600,1.799977
_435_,VPWR,li1,88.0900,62.5600,1.799976
_434_,VPWR,li1,99.5900,89.7600,1.799971
_433_,VPWR,li1,94.0700,89.7600,1.799972
_432_,VPWR,li1,82.3400,57.1200,1.799985
_431_,VPWR,li1,84.1800,68.0000,1.799978
_430_,VPWR,li1,102.3500,100.6400,1.799985
_429_,VPWR,li1,95.4500,100.6400,1.799978
_428_,VPWR,li1,81.6500,122.4000,1.799977
_427_,VPWR,li1,74.2900,116.9600,1.799978
_426_,VPWR,li1,107.8700,116.9600,1.799991
_425_,VPWR,li1,94.5300,116.9600,1.799986
_424_,VPWR,li1,80.7300,106.0800,1.799976
_423_,VPWR,li1,75.2100,106.0800,1.799973
_422_,VPWR,li1,76.5900,95.2000,1.799980
_421_,VPWR,li1,72.9100,89.7600,1.799976
_420_,VPWR,li1,61.8700,122.4000,1.799973
_419_,VPWR,li1,54.9700,116.9600,1.799979
_418_,VPWR,li1,62.1000,84.3200,1.799986
_417_,VPWR,li1,75.4400,73.4400,1.799975
_416_,VPWR,li1,58.1900,95.2000,1.799970
_415_,VPWR,li1,50.3700,89.7600,1.799981
_414_,VPWR,li1,40.2500,95.2000,1.799981
_413_,VPWR,li1,30.5900,95.2000,1.799981
_412_,VPWR,li1,36.5700,100.6400,1.799986
_411_,VPWR,li1,30.5900,106.0800,1.799965
_410_,VPWR,li1,39.7900,116.9600,1.799981
_409_,VPWR,li1,30.5900,116.9600,1.799985
_408_,VPWR,li1,60.0300,100.6400,1.799980
_407_,VPWR,li1,51.2900,106.0800,1.799970
_406_,VPWR,li1,33.3500,84.3200,1.799984
_405_,VPWR,li1,27.8300,84.3200,1.799985
_404_,VPWR,li1,48.7600,84.3200,1.799984
_403_,VPWR,li1,49.2200,78.8800,1.799988
_402_,VPWR,li1,47.1500,68.0000,1.799979
_401_,VPWR,li1,41.6300,68.0000,1.799981
_400_,VPWR,li1,26.9100,57.1200,1.799976
_399_,VPWR,li1,21.3900,51.6800,1.799974
_398_,VPWR,li1,28.7500,40.8000,1.799987
_397_,VPWR,li1,23.2300,40.8000,1.799988
_396_,VPWR,li1,41.1700,57.1200,1.799966
_395_,VPWR,li1,39.7900,51.6800,1.799975
_394_,VPWR,li1,28.2900,73.4400,1.799983
_393_,VPWR,li1,23.6900,68.0000,1.799981
_392_,VPWR,li1,49.6800,51.6800,1.799983
_391_,VPWR,li1,64.4000,51.6800,1.799987
_390_,VPWR,li1,44.1600,62.5600,1.799979
_389_,VPWR,li1,68.0800,68.0000,1.799949
